#
# There is insufficient memory for the Java Runtime Environment to continue.
# Native memory allocation (mmap) failed to map 3112960 bytes for G1 virtual space
# Possible reasons:
#   The system is out of physical RAM or swap space
#   The process is running with CompressedOops enabled, and the Java Heap may be blocking the growth of the native heap
# Possible solutions:
#   Reduce memory load on the system
#   Increase physical memory or swap space
#   Check if swap backing store is full
#   Decrease Java heap size (-Xmx/-Xms)
#   Decrease number of Java threads
#   Decrease Java thread stack sizes (-Xss)
#   Set larger code cache with -XX:ReservedCodeCacheSize=
#   JVM is running with Unscaled Compressed Oops mode in which the Java heap is
#     placed in the first 4GB address space. The Java Heap base address is the
#     maximum limit for the native heap growth. Please use -XX:HeapBaseMinAddress
#     to set the Java Heap base and to place the Java Heap above 4GB virtual address.
# This output file may be truncated or incomplete.
#
#  Out of Memory Error (os_windows.cpp:3769), pid=10464, tid=8108
#
# JRE version: OpenJDK Runtime Environment (17.0.6) (build 17.0.6+0-b2043.56-9586694)
# Java VM: OpenJDK 64-Bit Server VM (17.0.6+0-b2043.56-9586694, mixed mode, tiered, compressed oops, compressed class ptrs, g1 gc, windows-amd64)
# No core dump will be written. Minidumps are not enabled by default on client versions of Windows
#

---------------  S U M M A R Y ------------

Command Line: --add-opens=java.base/java.util=ALL-UNNAMED --add-opens=java.base/java.lang=ALL-UNNAMED --add-opens=java.base/java.lang.invoke=ALL-UNNAMED --add-opens=java.prefs/java.util.prefs=ALL-UNNAMED --add-opens=java.base/java.nio.charset=ALL-UNNAMED --add-opens=java.base/java.net=ALL-UNNAMED --add-opens=java.base/java.util.concurrent.atomic=ALL-UNNAMED -Xmx2048m -Dfile.encoding=UTF-8 -Duser.country=US -Duser.language=en -Duser.variant org.gradle.launcher.daemon.bootstrap.GradleDaemon 8.0

Host: Intel(R) Core(TM) i7-8550U CPU @ 1.80GHz, 4 cores, 7G,  Windows 10 , 64 bit Build 19041 (10.0.19041.2788)
Time: Mon May  8 12:47:40 2023 Pakistan Standard Time elapsed time: 21.077438 seconds (0d 0h 0m 21s)

---------------  T H R E A D  ---------------

Current thread (0x0000026b021bb650):  VMThread "VM Thread" [stack: 0x000000b9ed100000,0x000000b9ed200000] [id=8108]

Stack: [0x000000b9ed100000,0x000000b9ed200000]
Native frames: (J=compiled Java code, j=interpreted, Vv=VM code, C=native code)
V  [jvm.dll+0x683b4a]
V  [jvm.dll+0x842654]
V  [jvm.dll+0x843dfe]
V  [jvm.dll+0x844463]
V  [jvm.dll+0x249b75]
V  [jvm.dll+0x680a19]
V  [jvm.dll+0x674f0a]
V  [jvm.dll+0x309acb]
V  [jvm.dll+0x310f86]
V  [jvm.dll+0x360918]
V  [jvm.dll+0x360b1f]
V  [jvm.dll+0x2dfbf8]
V  [jvm.dll+0x2ddec4]
V  [jvm.dll+0x2dd4cc]
V  [jvm.dll+0x321f3b]
V  [jvm.dll+0x84893b]
V  [jvm.dll+0x849674]
V  [jvm.dll+0x849b8d]
V  [jvm.dll+0x849f64]
V  [jvm.dll+0x84a030]
V  [jvm.dll+0x7f25fa]
V  [jvm.dll+0x682985]
C  [ucrtbase.dll+0x21bb2]
C  [KERNEL32.DLL+0x17604]
C  [ntdll.dll+0x526a1]

VM_Operation (0x000000b9f21fd850): G1CollectForAllocation, mode: safepoint, requested by thread 0x0000026b05a72480


---------------  P R O C E S S  ---------------

Threads class SMR info:
_java_thread_list=0x0000026b0a08aef0, length=92, elements={
0x0000026b68aa9a90, 0x0000026b021bf020, 0x0000026b021c1030, 0x0000026b021fd010,
0x0000026b021feae0, 0x0000026b02c0a470, 0x0000026b02c0ad30, 0x0000026b02c0b9d0,
0x0000026b02c14b50, 0x0000026b02c870b0, 0x0000026b02db3020, 0x0000026b02db3900,
0x0000026b04692f10, 0x0000026b03ebdaa0, 0x0000026b03a60080, 0x0000026b03af2b90,
0x0000026b0320b100, 0x0000026b0320cab0, 0x0000026b040ce9c0, 0x0000026b0455b440,
0x0000026b0455af70, 0x0000026b0455b910, 0x0000026b0455a5d0, 0x0000026b0455a100,
0x0000026b0455aaa0, 0x0000026b07285330, 0x0000026b07283ff0, 0x0000026b07282cb0,
0x0000026b07281970, 0x0000026b07285800, 0x0000026b07283180, 0x0000026b07286670,
0x0000026b07281e40, 0x0000026b072844c0, 0x0000026b07283650, 0x0000026b07285cd0,
0x0000026b07283b20, 0x0000026b072861a0, 0x0000026b07286b40, 0x0000026b07284990,
0x0000026b072814a0, 0x0000026b07284e60, 0x0000026b07287010, 0x0000026b07280630,
0x0000026b0727fc90, 0x0000026b05d96900, 0x0000026b05d92a70, 0x0000026b05d950f0,
0x0000026b05d95f60, 0x0000026b05d96430, 0x0000026b05d91260, 0x0000026b05d91730,
0x0000026b05d94280, 0x0000026b05d972a0, 0x0000026b05d96dd0, 0x0000026b05d91c00,
0x0000026b05d8fa50, 0x0000026b05d8ff20, 0x0000026b05d920d0, 0x0000026b05d94750,
0x0000026b05d903f0, 0x0000026b05d908c0, 0x0000026b05d90d90, 0x0000026b05d94c20,
0x0000026b05d955c0, 0x0000026b05d95a90, 0x0000026b05d92f40, 0x0000026b05d925a0,
0x0000026b05d93410, 0x0000026b05d938e0, 0x0000026b05d93db0, 0x0000026b05a6eac0,
0x0000026b05a707a0, 0x0000026b05a6f930, 0x0000026b05a6ef90, 0x0000026b05a71610,
0x0000026b05a72480, 0x0000026b05a6f460, 0x0000026b05a732f0, 0x0000026b05a72e20,
0x0000026b05a74fd0, 0x0000026b05a75e40, 0x0000026b05a74160, 0x0000026b05a70c70,
0x0000026b05a71140, 0x0000026b05a754a0, 0x0000026b0a6a6390, 0x0000026b05a72950,
0x0000026b0a1c7870, 0x0000026b07a0bd40, 0x0000026b07a0aa00, 0x0000026b07a0b870
}

Java Threads: ( => current thread )
  0x0000026b68aa9a90 JavaThread "main" [_thread_blocked, id=10548, stack(0x000000b9ecb00000,0x000000b9ecc00000)]
  0x0000026b021bf020 JavaThread "Reference Handler" daemon [_thread_blocked, id=1872, stack(0x000000b9ed200000,0x000000b9ed300000)]
  0x0000026b021c1030 JavaThread "Finalizer" daemon [_thread_blocked, id=9760, stack(0x000000b9ed300000,0x000000b9ed400000)]
  0x0000026b021fd010 JavaThread "Signal Dispatcher" daemon [_thread_blocked, id=3004, stack(0x000000b9ed400000,0x000000b9ed500000)]
  0x0000026b021feae0 JavaThread "Attach Listener" daemon [_thread_blocked, id=13624, stack(0x000000b9ed500000,0x000000b9ed600000)]
  0x0000026b02c0a470 JavaThread "Service Thread" daemon [_thread_blocked, id=12664, stack(0x000000b9ed600000,0x000000b9ed700000)]
  0x0000026b02c0ad30 JavaThread "Monitor Deflation Thread" daemon [_thread_blocked, id=6712, stack(0x000000b9ed700000,0x000000b9ed800000)]
  0x0000026b02c0b9d0 JavaThread "C2 CompilerThread0" daemon [_thread_blocked, id=9872, stack(0x000000b9ed800000,0x000000b9ed900000)]
  0x0000026b02c14b50 JavaThread "C1 CompilerThread0" daemon [_thread_blocked, id=14728, stack(0x000000b9ed900000,0x000000b9eda00000)]
  0x0000026b02c870b0 JavaThread "Sweeper thread" daemon [_thread_blocked, id=4416, stack(0x000000b9eda00000,0x000000b9edb00000)]
  0x0000026b02db3020 JavaThread "Common-Cleaner" daemon [_thread_blocked, id=4924, stack(0x000000b9edb00000,0x000000b9edc00000)]
  0x0000026b02db3900 JavaThread "Notification Thread" daemon [_thread_blocked, id=3288, stack(0x000000b9edc00000,0x000000b9edd00000)]
  0x0000026b04692f10 JavaThread "Daemon health stats" [_thread_blocked, id=8060, stack(0x000000b9ee100000,0x000000b9ee200000)]
  0x0000026b03ebdaa0 JavaThread "Incoming local TCP Connector on port 49970" [_thread_in_native, id=4424, stack(0x000000b9ee200000,0x000000b9ee300000)]
  0x0000026b03a60080 JavaThread "Daemon periodic checks" [_thread_blocked, id=5312, stack(0x000000b9ee300000,0x000000b9ee400000)]
  0x0000026b03af2b90 JavaThread "Daemon" [_thread_blocked, id=9764, stack(0x000000b9ee400000,0x000000b9ee500000)]
  0x0000026b0320b100 JavaThread "Handler for socket connection from /127.0.0.1:49970 to /127.0.0.1:49971" [_thread_in_native, id=68, stack(0x000000b9ee500000,0x000000b9ee600000)]
  0x0000026b0320cab0 JavaThread "Cancel handler" [_thread_blocked, id=6936, stack(0x000000b9ee600000,0x000000b9ee700000)]
  0x0000026b040ce9c0 JavaThread "Daemon worker" [_thread_blocked, id=15172, stack(0x000000b9ee700000,0x000000b9ee800000)]
  0x0000026b0455b440 JavaThread "Asynchronous log dispatcher for DefaultDaemonConnection: socket connection from /127.0.0.1:49970 to /127.0.0.1:49971" [_thread_blocked, id=12064, stack(0x000000b9ee800000,0x000000b9ee900000)]
  0x0000026b0455af70 JavaThread "Stdin handler" [_thread_blocked, id=7716, stack(0x000000b9ee900000,0x000000b9eea00000)]
  0x0000026b0455b910 JavaThread "Daemon client event forwarder" [_thread_blocked, id=13436, stack(0x000000b9eea00000,0x000000b9eeb00000)]
  0x0000026b0455a5d0 JavaThread "Cache worker for journal cache (C:\Users\aliha\.gradle\caches\journal-1)" [_thread_blocked, id=10196, stack(0x000000b9eeb00000,0x000000b9eec00000)]
  0x0000026b0455a100 JavaThread "File lock request listener" [_thread_in_native, id=12904, stack(0x000000b9eec00000,0x000000b9eed00000)]
  0x0000026b0455aaa0 JavaThread "Cache worker for file hash cache (C:\Users\aliha\.gradle\caches\8.0\fileHashes)" [_thread_blocked, id=8152, stack(0x000000b9eed00000,0x000000b9eee00000)]
  0x0000026b07285330 JavaThread "File watcher server" daemon [_thread_blocked, id=6716, stack(0x000000b9eee00000,0x000000b9eef00000)]
  0x0000026b07283ff0 JavaThread "File watcher consumer" daemon [_thread_blocked, id=216, stack(0x000000b9eef00000,0x000000b9ef000000)]
  0x0000026b07282cb0 JavaThread "Cache worker for checksums cache (D:\Personal\android\final_year_project\.gradle\8.0\checksums)" [_thread_blocked, id=13820, stack(0x000000b9ef000000,0x000000b9ef100000)]
  0x0000026b07281970 JavaThread "Cache worker for cache directory md-rule (C:\Users\aliha\.gradle\caches\8.0\md-rule)" [_thread_blocked, id=6956, stack(0x000000b9ef100000,0x000000b9ef200000)]
  0x0000026b07285800 JavaThread "Cache worker for file content cache (C:\Users\aliha\.gradle\caches\8.0\fileContent)" [_thread_blocked, id=10112, stack(0x000000b9ef200000,0x000000b9ef300000)]
  0x0000026b07283180 JavaThread "Cache worker for file hash cache (D:\Personal\android\final_year_project\.gradle\8.0\fileHashes)" [_thread_blocked, id=6404, stack(0x000000b9ef300000,0x000000b9ef400000)]
  0x0000026b07286670 JavaThread "Cache worker for cache directory md-supplier (C:\Users\aliha\.gradle\caches\8.0\md-supplier)" [_thread_blocked, id=13452, stack(0x000000b9ef400000,0x000000b9ef500000)]
  0x0000026b07281e40 JavaThread "Cache worker for execution history cache (C:\Users\aliha\.gradle\caches\8.0\executionHistory)" [_thread_blocked, id=7516, stack(0x000000b9ef500000,0x000000b9ef600000)]
  0x0000026b072844c0 JavaThread "jar transforms" [_thread_blocked, id=11284, stack(0x000000b9ef600000,0x000000b9ef700000)]
  0x0000026b07283650 JavaThread "jar transforms Thread 2" [_thread_blocked, id=13108, stack(0x000000b9ef700000,0x000000b9ef800000)]
  0x0000026b07285cd0 JavaThread "jar transforms Thread 3" [_thread_blocked, id=13692, stack(0x000000b9ef800000,0x000000b9ef900000)]
  0x0000026b07283b20 JavaThread "jar transforms Thread 4" [_thread_blocked, id=14960, stack(0x000000b9ef900000,0x000000b9efa00000)]
  0x0000026b072861a0 JavaThread "Cache worker for dependencies-accessors (D:\Personal\android\final_year_project\.gradle\8.0\dependencies-accessors)" [_thread_blocked, id=13968, stack(0x000000b9efa00000,0x000000b9efb00000)]
  0x0000026b07286b40 JavaThread "Cache worker for Build Output Cleanup Cache (D:\Personal\android\final_year_project\.gradle\buildOutputCleanup)" [_thread_blocked, id=11668, stack(0x000000b9efb00000,0x000000b9efc00000)]
  0x0000026b07284990 JavaThread "Unconstrained build operations" [_thread_blocked, id=14528, stack(0x000000b9efc00000,0x000000b9efd00000)]
  0x0000026b072814a0 JavaThread "Unconstrained build operations Thread 2" [_thread_blocked, id=2640, stack(0x000000b9efd00000,0x000000b9efe00000)]
  0x0000026b07284e60 JavaThread "Unconstrained build operations Thread 3" [_thread_blocked, id=13516, stack(0x000000b9efe00000,0x000000b9eff00000)]
  0x0000026b07287010 JavaThread "Unconstrained build operations Thread 4" [_thread_blocked, id=6560, stack(0x000000b9eff00000,0x000000b9f0000000)]
  0x0000026b07280630 JavaThread "Unconstrained build operations Thread 5" [_thread_blocked, id=11920, stack(0x000000b9f0000000,0x000000b9f0100000)]
  0x0000026b0727fc90 JavaThread "Unconstrained build operations Thread 6" [_thread_blocked, id=15260, stack(0x000000b9f0100000,0x000000b9f0200000)]
  0x0000026b05d96900 JavaThread "Unconstrained build operations Thread 7" [_thread_blocked, id=8532, stack(0x000000b9f0200000,0x000000b9f0300000)]
  0x0000026b05d92a70 JavaThread "Unconstrained build operations Thread 8" [_thread_blocked, id=2660, stack(0x000000b9f0300000,0x000000b9f0400000)]
  0x0000026b05d950f0 JavaThread "Unconstrained build operations Thread 9" [_thread_blocked, id=1544, stack(0x000000b9f0400000,0x000000b9f0500000)]
  0x0000026b05d95f60 JavaThread "Unconstrained build operations Thread 10" [_thread_blocked, id=12752, stack(0x000000b9f0500000,0x000000b9f0600000)]
  0x0000026b05d96430 JavaThread "Unconstrained build operations Thread 11" [_thread_blocked, id=3448, stack(0x000000b9f0600000,0x000000b9f0700000)]
  0x0000026b05d91260 JavaThread "Unconstrained build operations Thread 12" [_thread_blocked, id=8080, stack(0x000000b9f0700000,0x000000b9f0800000)]
  0x0000026b05d91730 JavaThread "Unconstrained build operations Thread 13" [_thread_blocked, id=11816, stack(0x000000b9f0800000,0x000000b9f0900000)]
  0x0000026b05d94280 JavaThread "Unconstrained build operations Thread 14" [_thread_blocked, id=8844, stack(0x000000b9f0900000,0x000000b9f0a00000)]
  0x0000026b05d972a0 JavaThread "Unconstrained build operations Thread 15" [_thread_blocked, id=10460, stack(0x000000b9f0a00000,0x000000b9f0b00000)]
  0x0000026b05d96dd0 JavaThread "Unconstrained build operations Thread 16" [_thread_blocked, id=7052, stack(0x000000b9f0b00000,0x000000b9f0c00000)]
  0x0000026b05d91c00 JavaThread "Unconstrained build operations Thread 17" [_thread_blocked, id=4136, stack(0x000000b9f0c00000,0x000000b9f0d00000)]
  0x0000026b05d8fa50 JavaThread "Unconstrained build operations Thread 18" [_thread_blocked, id=1032, stack(0x000000b9f0d00000,0x000000b9f0e00000)]
  0x0000026b05d8ff20 JavaThread "Unconstrained build operations Thread 19" [_thread_blocked, id=8064, stack(0x000000b9f0e00000,0x000000b9f0f00000)]
  0x0000026b05d920d0 JavaThread "Unconstrained build operations Thread 20" [_thread_blocked, id=1524, stack(0x000000b9f0f00000,0x000000b9f1000000)]
  0x0000026b05d94750 JavaThread "Unconstrained build operations Thread 21" [_thread_blocked, id=4788, stack(0x000000b9f1000000,0x000000b9f1100000)]
  0x0000026b05d903f0 JavaThread "Unconstrained build operations Thread 22" [_thread_blocked, id=5504, stack(0x000000b9f1100000,0x000000b9f1200000)]
  0x0000026b05d908c0 JavaThread "Unconstrained build operations Thread 23" [_thread_blocked, id=5472, stack(0x000000b9f1200000,0x000000b9f1300000)]
  0x0000026b05d90d90 JavaThread "Unconstrained build operations Thread 24" [_thread_blocked, id=12224, stack(0x000000b9f1300000,0x000000b9f1400000)]
  0x0000026b05d94c20 JavaThread "Unconstrained build operations Thread 25" [_thread_blocked, id=10128, stack(0x000000b9f1400000,0x000000b9f1500000)]
  0x0000026b05d955c0 JavaThread "Unconstrained build operations Thread 26" [_thread_blocked, id=13072, stack(0x000000b9f1500000,0x000000b9f1600000)]
  0x0000026b05d95a90 JavaThread "Unconstrained build operations Thread 27" [_thread_blocked, id=13100, stack(0x000000b9f1600000,0x000000b9f1700000)]
  0x0000026b05d92f40 JavaThread "Unconstrained build operations Thread 28" [_thread_blocked, id=13492, stack(0x000000b9f1700000,0x000000b9f1800000)]
  0x0000026b05d925a0 JavaThread "Unconstrained build operations Thread 29" [_thread_blocked, id=1792, stack(0x000000b9f1800000,0x000000b9f1900000)]
  0x0000026b05d93410 JavaThread "Unconstrained build operations Thread 30" [_thread_blocked, id=14920, stack(0x000000b9f1900000,0x000000b9f1a00000)]
  0x0000026b05d938e0 JavaThread "Unconstrained build operations Thread 31" [_thread_blocked, id=14852, stack(0x000000b9f1a00000,0x000000b9f1b00000)]
  0x0000026b05d93db0 JavaThread "Unconstrained build operations Thread 32" [_thread_blocked, id=14076, stack(0x000000b9f1b00000,0x000000b9f1c00000)]
  0x0000026b05a6eac0 JavaThread "Unconstrained build operations Thread 33" [_thread_blocked, id=276, stack(0x000000b9f1c00000,0x000000b9f1d00000)]
  0x0000026b05a707a0 JavaThread "Unconstrained build operations Thread 34" [_thread_blocked, id=14964, stack(0x000000b9f1d00000,0x000000b9f1e00000)]
  0x0000026b05a6f930 JavaThread "Unconstrained build operations Thread 35" [_thread_blocked, id=3256, stack(0x000000b9f1e00000,0x000000b9f1f00000)]
  0x0000026b05a6ef90 JavaThread "Unconstrained build operations Thread 36" [_thread_blocked, id=5544, stack(0x000000b9f1f00000,0x000000b9f2000000)]
  0x0000026b05a71610 JavaThread "Unconstrained build operations Thread 37" [_thread_blocked, id=7724, stack(0x000000b9f2000000,0x000000b9f2100000)]
  0x0000026b05a72480 JavaThread "Unconstrained build operations Thread 38" [_thread_blocked, id=8312, stack(0x000000b9f2100000,0x000000b9f2200000)]
  0x0000026b05a6f460 JavaThread "Unconstrained build operations Thread 39" [_thread_blocked, id=3732, stack(0x000000b9f2200000,0x000000b9f2300000)]
  0x0000026b05a732f0 JavaThread "Unconstrained build operations Thread 40" [_thread_blocked, id=13148, stack(0x000000b9f2300000,0x000000b9f2400000)]
  0x0000026b05a72e20 JavaThread "build event listener" [_thread_blocked, id=1080, stack(0x000000b9f2400000,0x000000b9f2500000)]
  0x0000026b05a74fd0 JavaThread "Memory manager" [_thread_blocked, id=9904, stack(0x000000b9f2500000,0x000000b9f2600000)]
  0x0000026b05a75e40 JavaThread "included builds" [_thread_blocked, id=9156, stack(0x000000b9f2600000,0x000000b9f2700000)]
  0x0000026b05a74160 JavaThread "Execution worker" [_thread_blocked, id=7612, stack(0x000000b9f2700000,0x000000b9f2800000)]
  0x0000026b05a70c70 JavaThread "Execution worker Thread 2" [_thread_blocked, id=12252, stack(0x000000b9f2800000,0x000000b9f2900000)]
  0x0000026b05a71140 JavaThread "Execution worker Thread 3" [_thread_blocked, id=12640, stack(0x000000b9f2900000,0x000000b9f2a00000)]
  0x0000026b05a754a0 JavaThread "Cache worker for execution history cache (D:\Personal\android\final_year_project\.gradle\8.0\executionHistory)" [_thread_blocked, id=7988, stack(0x000000b9f2a00000,0x000000b9f2b00000)]
  0x0000026b0a6a6390 JavaThread "WorkerExecutor Queue" [_thread_in_native, id=5336, stack(0x000000b9f2b00000,0x000000b9f2c00000)]
  0x0000026b05a72950 JavaThread "RMI Scheduler(0)" daemon [_thread_blocked, id=15028, stack(0x000000b9f2c00000,0x000000b9f2d00000)]
  0x0000026b0a1c7870 JavaThread "RMI RenewClean-[127.0.0.1:17919,org.jetbrains.kotlin.daemon.common.LoopbackNetworkInterface$ClientLoopbackSocketFactory@754431c9]" daemon [_thread_blocked, id=8712, stack(0x000000b9f2d00000,0x000000b9f2e00000)]
  0x0000026b07a0bd40 JavaThread "RMI GC Daemon" daemon [_thread_blocked, id=1812, stack(0x000000b9f2e00000,0x000000b9f2f00000)]
  0x0000026b07a0aa00 JavaThread "RMI TCP Accept-0" daemon [_thread_blocked, id=11852, stack(0x000000b9f2f00000,0x000000b9f3000000)]
  0x0000026b07a0b870 JavaThread "RMI Reaper" [_thread_blocked, id=9664, stack(0x000000b9f3000000,0x000000b9f3100000)]

Other Threads:
=>0x0000026b021bb650 VMThread "VM Thread" [stack: 0x000000b9ed100000,0x000000b9ed200000] [id=8108]
  0x0000026b02db5de0 WatcherThread [stack: 0x000000b9edd00000,0x000000b9ede00000] [id=8588]
  0x0000026b68b060f0 GCTaskThread "GC Thread#0" [stack: 0x000000b9ecc00000,0x000000b9ecd00000] [id=9144]
  0x0000026b0320f0e0 GCTaskThread "GC Thread#1" [stack: 0x000000b9ede00000,0x000000b9edf00000] [id=13664]
  0x0000026b03401f20 GCTaskThread "GC Thread#2" [stack: 0x000000b9edf00000,0x000000b9ee000000] [id=7544]
  0x0000026b03af63d0 GCTaskThread "GC Thread#3" [stack: 0x000000b9ee000000,0x000000b9ee100000] [id=13300]
  0x0000026b68b16f40 ConcurrentGCThread "G1 Main Marker" [stack: 0x000000b9ecd00000,0x000000b9ece00000] [id=14340]
  0x0000026b68b18000 ConcurrentGCThread "G1 Conc#0" [stack: 0x000000b9ece00000,0x000000b9ecf00000] [id=9288]
  0x0000026b68b7ea70 ConcurrentGCThread "G1 Refine#0" [stack: 0x000000b9ecf00000,0x000000b9ed000000] [id=8128]
  0x0000026b02010480 ConcurrentGCThread "G1 Service" [stack: 0x000000b9ed000000,0x000000b9ed100000] [id=5572]

Threads with active compile tasks:
C2 CompilerThread0    21124 12201       4       java.util.stream.ReferencePipeline::map (26 bytes)

VM state: at safepoint (normal execution)

VM Mutex/Monitor currently owned by a thread:  ([mutex/lock_event])
[0x0000026b669faf70] Threads_lock - owner thread: 0x0000026b021bb650
[0x0000026b669fb240] Heap_lock - owner thread: 0x0000026b05a72480

Heap address: 0x0000000080000000, size: 2048 MB, Compressed Oops mode: 32-bit

CDS archive(s) not mapped
Compressed class space mapped at: 0x0000000100000000-0x0000000140000000, reserved size: 1073741824
Narrow klass base: 0x0000000000000000, Narrow klass shift: 3, Narrow klass range: 0x140000000

GC Precious Log:
 CPUs: 4 total, 4 available
 Memory: 8046M
 Large Page Support: Disabled
 NUMA Support: Disabled
 Compressed Oops: Enabled (32-bit)
 Heap Region Size: 1M
 Heap Min Capacity: 8M
 Heap Initial Capacity: 126M
 Heap Max Capacity: 2G
 Pre-touch: Disabled
 Parallel Workers: 4
 Concurrent Workers: 1
 Concurrent Refinement Workers: 4
 Periodic GC: Disabled

Heap:
 garbage-first heap   total 173056K, used 98406K [0x0000000080000000, 0x0000000100000000)
  region size 1024K, 1 young (1024K), 1 survivors (1024K)
 Metaspace       used 98146K, committed 98816K, reserved 1138688K
  class space    used 13374K, committed 13696K, reserved 1048576K

Heap Regions: E=young(eden), S=young(survivor), O=old, HS=humongous(starts), HC=humongous(continues), CS=collection set, F=free, OA=open archive, CA=closed archive, TAMS=top-at-mark-start (previous, next)
|   0|0x0000000080000000, 0x0000000080100000, 0x0000000080100000|100%| O|  |TAMS 0x0000000080100000, 0x0000000080000000| Untracked 
|   1|0x0000000080100000, 0x0000000080200000, 0x0000000080200000|100%| O|  |TAMS 0x0000000080200000, 0x0000000080100000| Untracked 
|   2|0x0000000080200000, 0x0000000080300000, 0x0000000080300000|100%|HS|  |TAMS 0x0000000080300000, 0x0000000080200000| Complete 
|   3|0x0000000080300000, 0x0000000080400000, 0x0000000080400000|100%|HC|  |TAMS 0x0000000080400000, 0x0000000080300000| Complete 
|   4|0x0000000080400000, 0x0000000080500000, 0x0000000080500000|100%|HC|  |TAMS 0x0000000080500000, 0x0000000080400000| Complete 
|   5|0x0000000080500000, 0x0000000080600000, 0x0000000080600000|100%|HC|  |TAMS 0x0000000080600000, 0x0000000080500000| Complete 
|   6|0x0000000080600000, 0x0000000080700000, 0x0000000080700000|100%| O|  |TAMS 0x0000000080700000, 0x0000000080600000| Untracked 
|   7|0x0000000080700000, 0x0000000080800000, 0x0000000080800000|100%| O|  |TAMS 0x0000000080800000, 0x0000000080700000| Untracked 
|   8|0x0000000080800000, 0x0000000080900000, 0x0000000080900000|100%| O|  |TAMS 0x0000000080900000, 0x0000000080800000| Untracked 
|   9|0x0000000080900000, 0x0000000080a00000, 0x0000000080a00000|100%| O|  |TAMS 0x0000000080a00000, 0x0000000080900000| Untracked 
|  10|0x0000000080a00000, 0x0000000080b00000, 0x0000000080b00000|100%| O|  |TAMS 0x0000000080b00000, 0x0000000080a00000| Untracked 
|  11|0x0000000080b00000, 0x0000000080c00000, 0x0000000080c00000|100%| O|  |TAMS 0x0000000080c00000, 0x0000000080b00000| Untracked 
|  12|0x0000000080c00000, 0x0000000080d00000, 0x0000000080d00000|100%| O|  |TAMS 0x0000000080d00000, 0x0000000080c00000| Untracked 
|  13|0x0000000080d00000, 0x0000000080e00000, 0x0000000080e00000|100%| O|  |TAMS 0x0000000080e00000, 0x0000000080d00000| Untracked 
|  14|0x0000000080e00000, 0x0000000080f00000, 0x0000000080f00000|100%| O|  |TAMS 0x0000000080f00000, 0x0000000080e00000| Untracked 
|  15|0x0000000080f00000, 0x0000000081000000, 0x0000000081000000|100%| O|  |TAMS 0x0000000081000000, 0x0000000080f00000| Untracked 
|  16|0x0000000081000000, 0x0000000081100000, 0x0000000081100000|100%| O|  |TAMS 0x0000000081100000, 0x0000000081000000| Untracked 
|  17|0x0000000081100000, 0x0000000081200000, 0x0000000081200000|100%| O|  |TAMS 0x0000000081200000, 0x0000000081100000| Untracked 
|  18|0x0000000081200000, 0x0000000081300000, 0x0000000081300000|100%| O|  |TAMS 0x0000000081300000, 0x0000000081200000| Untracked 
|  19|0x0000000081300000, 0x0000000081400000, 0x0000000081400000|100%| O|  |TAMS 0x0000000081400000, 0x0000000081300000| Untracked 
|  20|0x0000000081400000, 0x0000000081500000, 0x0000000081500000|100%| O|  |TAMS 0x0000000081400000, 0x0000000081400000| Untracked 
|  21|0x0000000081500000, 0x0000000081600000, 0x0000000081600000|100%| O|  |TAMS 0x0000000081600000, 0x0000000081500000| Untracked 
|  22|0x0000000081600000, 0x0000000081700000, 0x0000000081700000|100%| O|  |TAMS 0x0000000081700000, 0x0000000081600000| Untracked 
|  23|0x0000000081700000, 0x0000000081800000, 0x0000000081800000|100%| O|  |TAMS 0x0000000081800000, 0x0000000081700000| Untracked 
|  24|0x0000000081800000, 0x0000000081900000, 0x0000000081900000|100%| O|  |TAMS 0x0000000081900000, 0x0000000081800000| Untracked 
|  25|0x0000000081900000, 0x0000000081a00000, 0x0000000081a00000|100%| O|  |TAMS 0x0000000081a00000, 0x0000000081900000| Untracked 
|  26|0x0000000081a00000, 0x0000000081b00000, 0x0000000081b00000|100%|HS|  |TAMS 0x0000000081b00000, 0x0000000081a00000| Complete 
|  27|0x0000000081b00000, 0x0000000081c00000, 0x0000000081c00000|100%| O|  |TAMS 0x0000000081c00000, 0x0000000081b00000| Untracked 
|  28|0x0000000081c00000, 0x0000000081d00000, 0x0000000081d00000|100%| O|  |TAMS 0x0000000081d00000, 0x0000000081c00000| Untracked 
|  29|0x0000000081d00000, 0x0000000081e00000, 0x0000000081e00000|100%| O|  |TAMS 0x0000000081e00000, 0x0000000081d00000| Untracked 
|  30|0x0000000081e00000, 0x0000000081f00000, 0x0000000081f00000|100%| O|  |TAMS 0x0000000081f00000, 0x0000000081e00000| Untracked 
|  31|0x0000000081f00000, 0x0000000082000000, 0x0000000082000000|100%| O|  |TAMS 0x0000000082000000, 0x0000000081f00000| Untracked 
|  32|0x0000000082000000, 0x0000000082100000, 0x0000000082100000|100%|HS|  |TAMS 0x0000000082100000, 0x0000000082000000| Complete 
|  33|0x0000000082100000, 0x0000000082200000, 0x0000000082200000|100%|HS|  |TAMS 0x0000000082200000, 0x0000000082100000| Complete 
|  34|0x0000000082200000, 0x0000000082300000, 0x0000000082300000|100%|HS|  |TAMS 0x0000000082300000, 0x0000000082200000| Complete 
|  35|0x0000000082300000, 0x0000000082400000, 0x0000000082400000|100%|HC|  |TAMS 0x0000000082400000, 0x0000000082300000| Complete 
|  36|0x0000000082400000, 0x0000000082500000, 0x0000000082500000|100%|HC|  |TAMS 0x0000000082500000, 0x0000000082400000| Complete 
|  37|0x0000000082500000, 0x0000000082600000, 0x0000000082600000|100%| O|  |TAMS 0x0000000082600000, 0x0000000082500000| Untracked 
|  38|0x0000000082600000, 0x0000000082700000, 0x0000000082700000|100%| O|  |TAMS 0x0000000082700000, 0x0000000082600000| Untracked 
|  39|0x0000000082700000, 0x0000000082800000, 0x0000000082800000|100%| O|  |TAMS 0x0000000082800000, 0x0000000082700000| Untracked 
|  40|0x0000000082800000, 0x0000000082900000, 0x0000000082900000|100%| O|  |TAMS 0x0000000082900000, 0x0000000082800000| Untracked 
|  41|0x0000000082900000, 0x0000000082a00000, 0x0000000082a00000|100%| O|  |TAMS 0x0000000082a00000, 0x0000000082900000| Untracked 
|  42|0x0000000082a00000, 0x0000000082b00000, 0x0000000082b00000|100%| O|  |TAMS 0x0000000082b00000, 0x0000000082a00000| Untracked 
|  43|0x0000000082b00000, 0x0000000082c00000, 0x0000000082c00000|100%| O|  |TAMS 0x0000000082c00000, 0x0000000082b00000| Untracked 
|  44|0x0000000082c00000, 0x0000000082d00000, 0x0000000082d00000|100%| O|  |TAMS 0x0000000082d00000, 0x0000000082c00000| Untracked 
|  45|0x0000000082d00000, 0x0000000082e00000, 0x0000000082e00000|100%| O|  |TAMS 0x0000000082e00000, 0x0000000082d00000| Untracked 
|  46|0x0000000082e00000, 0x0000000082f00000, 0x0000000082f00000|100%| O|  |TAMS 0x0000000082f00000, 0x0000000082e00000| Untracked 
|  47|0x0000000082f00000, 0x0000000083000000, 0x0000000083000000|100%| O|  |TAMS 0x0000000083000000, 0x0000000082f00000| Untracked 
|  48|0x0000000083000000, 0x0000000083100000, 0x0000000083100000|100%| O|  |TAMS 0x0000000083100000, 0x0000000083000000| Untracked 
|  49|0x0000000083100000, 0x0000000083200000, 0x0000000083200000|100%| O|  |TAMS 0x0000000083200000, 0x0000000083100000| Untracked 
|  50|0x0000000083200000, 0x0000000083300000, 0x0000000083300000|100%| O|  |TAMS 0x0000000083300000, 0x0000000083200000| Untracked 
|  51|0x0000000083300000, 0x0000000083400000, 0x0000000083400000|100%| O|  |TAMS 0x0000000083400000, 0x0000000083300000| Untracked 
|  52|0x0000000083400000, 0x0000000083500000, 0x0000000083500000|100%| O|  |TAMS 0x0000000083500000, 0x0000000083400000| Untracked 
|  53|0x0000000083500000, 0x0000000083600000, 0x0000000083600000|100%| O|  |TAMS 0x0000000083600000, 0x0000000083500000| Untracked 
|  54|0x0000000083600000, 0x0000000083700000, 0x0000000083700000|100%| O|  |TAMS 0x0000000083700000, 0x0000000083600000| Untracked 
|  55|0x0000000083700000, 0x0000000083800000, 0x0000000083800000|100%| O|  |TAMS 0x0000000083800000, 0x0000000083700000| Untracked 
|  56|0x0000000083800000, 0x0000000083900000, 0x0000000083900000|100%| O|  |TAMS 0x0000000083900000, 0x0000000083800000| Untracked 
|  57|0x0000000083900000, 0x0000000083a00000, 0x0000000083a00000|100%| O|  |TAMS 0x0000000083a00000, 0x0000000083900000| Untracked 
|  58|0x0000000083a00000, 0x0000000083b00000, 0x0000000083b00000|100%| O|  |TAMS 0x0000000083b00000, 0x0000000083a00000| Untracked 
|  59|0x0000000083b00000, 0x0000000083c00000, 0x0000000083c00000|100%| O|  |TAMS 0x0000000083c00000, 0x0000000083b00000| Untracked 
|  60|0x0000000083c00000, 0x0000000083d00000, 0x0000000083d00000|100%| O|  |TAMS 0x0000000083d00000, 0x0000000083c00000| Untracked 
|  61|0x0000000083d00000, 0x0000000083e00000, 0x0000000083e00000|100%| O|  |TAMS 0x0000000083e00000, 0x0000000083d00000| Untracked 
|  62|0x0000000083e00000, 0x0000000083f00000, 0x0000000083f00000|100%| O|  |TAMS 0x0000000083f00000, 0x0000000083e00000| Untracked 
|  63|0x0000000083f00000, 0x0000000084000000, 0x0000000084000000|100%| O|  |TAMS 0x0000000084000000, 0x0000000083f00000| Untracked 
|  64|0x0000000084000000, 0x0000000084100000, 0x0000000084100000|100%| O|  |TAMS 0x0000000084100000, 0x0000000084000000| Untracked 
|  65|0x0000000084100000, 0x0000000084200000, 0x0000000084200000|100%| O|  |TAMS 0x0000000084200000, 0x0000000084100000| Untracked 
|  66|0x0000000084200000, 0x0000000084300000, 0x0000000084300000|100%| O|  |TAMS 0x0000000084300000, 0x0000000084200000| Untracked 
|  67|0x0000000084300000, 0x0000000084400000, 0x0000000084400000|100%| O|  |TAMS 0x0000000084400000, 0x0000000084300000| Untracked 
|  68|0x0000000084400000, 0x0000000084500000, 0x0000000084500000|100%| O|  |TAMS 0x0000000084500000, 0x0000000084400000| Untracked 
|  69|0x0000000084500000, 0x0000000084600000, 0x0000000084600000|100%| O|  |TAMS 0x0000000084600000, 0x0000000084500000| Untracked 
|  70|0x0000000084600000, 0x0000000084700000, 0x0000000084700000|100%| O|  |TAMS 0x0000000084700000, 0x0000000084600000| Untracked 
|  71|0x0000000084700000, 0x0000000084800000, 0x0000000084800000|100%| O|  |TAMS 0x0000000084800000, 0x0000000084700000| Untracked 
|  72|0x0000000084800000, 0x0000000084900000, 0x0000000084900000|100%| O|  |TAMS 0x0000000084900000, 0x0000000084800000| Untracked 
|  73|0x0000000084900000, 0x0000000084a00000, 0x0000000084a00000|100%| O|  |TAMS 0x0000000084a00000, 0x0000000084900000| Untracked 
|  74|0x0000000084a00000, 0x0000000084b00000, 0x0000000084b00000|100%| O|  |TAMS 0x0000000084b00000, 0x0000000084a00000| Untracked 
|  75|0x0000000084b00000, 0x0000000084c00000, 0x0000000084c00000|100%| O|  |TAMS 0x0000000084c00000, 0x0000000084b00000| Untracked 
|  76|0x0000000084c00000, 0x0000000084d00000, 0x0000000084d00000|100%| O|  |TAMS 0x0000000084d00000, 0x0000000084c00000| Untracked 
|  77|0x0000000084d00000, 0x0000000084e00000, 0x0000000084e00000|100%| O|  |TAMS 0x0000000084e00000, 0x0000000084d00000| Untracked 
|  78|0x0000000084e00000, 0x0000000084f00000, 0x0000000084f00000|100%| O|  |TAMS 0x0000000084f00000, 0x0000000084e00000| Untracked 
|  79|0x0000000084f00000, 0x0000000085000000, 0x0000000085000000|100%| O|  |TAMS 0x0000000085000000, 0x0000000084f00000| Untracked 
|  80|0x0000000085000000, 0x0000000085100000, 0x0000000085100000|100%| O|  |TAMS 0x0000000085100000, 0x0000000085000000| Untracked 
|  81|0x0000000085100000, 0x0000000085200000, 0x0000000085200000|100%| O|  |TAMS 0x0000000085200000, 0x0000000085100000| Untracked 
|  82|0x0000000085200000, 0x0000000085300000, 0x0000000085300000|100%| O|  |TAMS 0x0000000085300000, 0x0000000085200000| Untracked 
|  83|0x0000000085300000, 0x0000000085300000, 0x0000000085400000|  0%| F|  |TAMS 0x0000000085300000, 0x0000000085300000| Untracked 
|  84|0x0000000085400000, 0x0000000085500000, 0x0000000085500000|100%| O|  |TAMS 0x0000000085500000, 0x0000000085400000| Untracked 
|  85|0x0000000085500000, 0x0000000085600000, 0x0000000085600000|100%| O|  |TAMS 0x0000000085600000, 0x0000000085500000| Untracked 
|  86|0x0000000085600000, 0x0000000085700000, 0x0000000085700000|100%| O|  |TAMS 0x0000000085700000, 0x0000000085600000| Untracked 
|  87|0x0000000085700000, 0x0000000085800000, 0x0000000085800000|100%| O|  |TAMS 0x0000000085800000, 0x0000000085700000| Untracked 
|  88|0x0000000085800000, 0x0000000085900000, 0x0000000085900000|100%| O|  |TAMS 0x0000000085900000, 0x0000000085800000| Untracked 
|  89|0x0000000085900000, 0x0000000085a00000, 0x0000000085a00000|100%| O|  |TAMS 0x0000000085a00000, 0x0000000085900000| Untracked 
|  90|0x0000000085a00000, 0x0000000085b00000, 0x0000000085b00000|100%| O|  |TAMS 0x0000000085a21400, 0x0000000085a00000| Untracked 
|  91|0x0000000085b00000, 0x0000000085c00000, 0x0000000085c00000|100%| O|  |TAMS 0x0000000085b00000, 0x0000000085b00000| Untracked 
|  92|0x0000000085c00000, 0x0000000085d00000, 0x0000000085d00000|100%| O|  |TAMS 0x0000000085c00000, 0x0000000085c00000| Untracked 
|  93|0x0000000085d00000, 0x0000000085e00000, 0x0000000085e00000|100%| O|  |TAMS 0x0000000085d00000, 0x0000000085d00000| Untracked 
|  94|0x0000000085e00000, 0x0000000085f00000, 0x0000000085f00000|100%| O|  |TAMS 0x0000000085e00000, 0x0000000085e00000| Untracked 
|  95|0x0000000085f00000, 0x0000000086000000, 0x0000000086000000|100%| O|  |TAMS 0x0000000085f00000, 0x0000000085f00000| Untracked 
|  96|0x0000000086000000, 0x0000000086057600, 0x0000000086100000| 34%| O|  |TAMS 0x0000000086000000, 0x0000000086000000| Untracked 
|  97|0x0000000086100000, 0x0000000086100000, 0x0000000086200000|  0%| F|  |TAMS 0x0000000086100000, 0x0000000086100000| Untracked 
|  98|0x0000000086200000, 0x0000000086200000, 0x0000000086300000|  0%| F|  |TAMS 0x0000000086200000, 0x0000000086200000| Untracked 
|  99|0x0000000086300000, 0x0000000086300000, 0x0000000086400000|  0%| F|  |TAMS 0x0000000086300000, 0x0000000086300000| Untracked 
| 100|0x0000000086400000, 0x0000000086400000, 0x0000000086500000|  0%| F|  |TAMS 0x0000000086400000, 0x0000000086400000| Untracked 
| 101|0x0000000086500000, 0x0000000086500000, 0x0000000086600000|  0%| F|  |TAMS 0x0000000086500000, 0x0000000086500000| Untracked 
| 102|0x0000000086600000, 0x0000000086600000, 0x0000000086700000|  0%| F|  |TAMS 0x0000000086600000, 0x0000000086600000| Untracked 
| 103|0x0000000086700000, 0x0000000086700000, 0x0000000086800000|  0%| F|  |TAMS 0x0000000086700000, 0x0000000086700000| Untracked 
| 104|0x0000000086800000, 0x0000000086800000, 0x0000000086900000|  0%| F|  |TAMS 0x0000000086800000, 0x0000000086800000| Untracked 
| 105|0x0000000086900000, 0x0000000086900000, 0x0000000086a00000|  0%| F|  |TAMS 0x0000000086900000, 0x0000000086900000| Untracked 
| 106|0x0000000086a00000, 0x0000000086a00000, 0x0000000086b00000|  0%| F|  |TAMS 0x0000000086a00000, 0x0000000086a00000| Untracked 
| 107|0x0000000086b00000, 0x0000000086b00000, 0x0000000086c00000|  0%| F|  |TAMS 0x0000000086b00000, 0x0000000086b00000| Untracked 
| 108|0x0000000086c00000, 0x0000000086c00000, 0x0000000086d00000|  0%| F|  |TAMS 0x0000000086c00000, 0x0000000086c00000| Untracked 
| 109|0x0000000086d00000, 0x0000000086d00000, 0x0000000086e00000|  0%| F|  |TAMS 0x0000000086d00000, 0x0000000086d00000| Untracked 
| 110|0x0000000086e00000, 0x0000000086e00000, 0x0000000086f00000|  0%| F|  |TAMS 0x0000000086e00000, 0x0000000086e00000| Untracked 
| 111|0x0000000086f00000, 0x0000000086f00000, 0x0000000087000000|  0%| F|  |TAMS 0x0000000086f00000, 0x0000000086f00000| Untracked 
| 112|0x0000000087000000, 0x0000000087000000, 0x0000000087100000|  0%| F|  |TAMS 0x0000000087000000, 0x0000000087000000| Untracked 
| 113|0x0000000087100000, 0x0000000087100000, 0x0000000087200000|  0%| F|  |TAMS 0x0000000087100000, 0x0000000087100000| Untracked 
| 114|0x0000000087200000, 0x0000000087200000, 0x0000000087300000|  0%| F|  |TAMS 0x0000000087200000, 0x0000000087200000| Untracked 
| 115|0x0000000087300000, 0x0000000087300000, 0x0000000087400000|  0%| F|  |TAMS 0x0000000087300000, 0x0000000087300000| Untracked 
| 116|0x0000000087400000, 0x0000000087400000, 0x0000000087500000|  0%| F|  |TAMS 0x0000000087400000, 0x0000000087400000| Untracked 
| 117|0x0000000087500000, 0x0000000087500000, 0x0000000087600000|  0%| F|  |TAMS 0x0000000087500000, 0x0000000087500000| Untracked 
| 118|0x0000000087600000, 0x0000000087600000, 0x0000000087700000|  0%| F|  |TAMS 0x0000000087600000, 0x0000000087600000| Untracked 
| 119|0x0000000087700000, 0x0000000087700000, 0x0000000087800000|  0%| F|  |TAMS 0x0000000087700000, 0x0000000087700000| Untracked 
| 120|0x0000000087800000, 0x0000000087800000, 0x0000000087900000|  0%| F|  |TAMS 0x0000000087800000, 0x0000000087800000| Untracked 
| 121|0x0000000087900000, 0x0000000087900000, 0x0000000087a00000|  0%| F|  |TAMS 0x0000000087900000, 0x0000000087900000| Untracked 
| 122|0x0000000087a00000, 0x0000000087a00000, 0x0000000087b00000|  0%| F|  |TAMS 0x0000000087a00000, 0x0000000087a00000| Untracked 
| 123|0x0000000087b00000, 0x0000000087b00000, 0x0000000087c00000|  0%| F|  |TAMS 0x0000000087b00000, 0x0000000087b00000| Untracked 
| 124|0x0000000087c00000, 0x0000000087c00000, 0x0000000087d00000|  0%| F|  |TAMS 0x0000000087c00000, 0x0000000087c00000| Untracked 
| 125|0x0000000087d00000, 0x0000000087d00000, 0x0000000087e00000|  0%| F|  |TAMS 0x0000000087d00000, 0x0000000087d00000| Untracked 
| 126|0x0000000087e00000, 0x0000000087e00000, 0x0000000087f00000|  0%| F|  |TAMS 0x0000000087e00000, 0x0000000087e00000| Untracked 
| 127|0x0000000087f00000, 0x0000000087f00000, 0x0000000088000000|  0%| F|  |TAMS 0x0000000087f00000, 0x0000000087f00000| Untracked 
| 128|0x0000000088000000, 0x0000000088000000, 0x0000000088100000|  0%| F|  |TAMS 0x0000000088000000, 0x0000000088000000| Untracked 
| 129|0x0000000088100000, 0x0000000088100000, 0x0000000088200000|  0%| F|  |TAMS 0x0000000088100000, 0x0000000088100000| Untracked 
| 130|0x0000000088200000, 0x0000000088200000, 0x0000000088300000|  0%| F|  |TAMS 0x0000000088200000, 0x0000000088200000| Untracked 
| 131|0x0000000088300000, 0x0000000088300000, 0x0000000088400000|  0%| F|  |TAMS 0x0000000088300000, 0x0000000088300000| Untracked 
| 132|0x0000000088400000, 0x0000000088400000, 0x0000000088500000|  0%| F|  |TAMS 0x0000000088400000, 0x0000000088400000| Untracked 
| 133|0x0000000088500000, 0x0000000088500000, 0x0000000088600000|  0%| F|  |TAMS 0x0000000088500000, 0x0000000088500000| Untracked 
| 134|0x0000000088600000, 0x0000000088600000, 0x0000000088700000|  0%| F|  |TAMS 0x0000000088600000, 0x0000000088600000| Untracked 
| 135|0x0000000088700000, 0x0000000088700000, 0x0000000088800000|  0%| F|  |TAMS 0x0000000088700000, 0x0000000088700000| Untracked 
| 136|0x0000000088800000, 0x0000000088800000, 0x0000000088900000|  0%| F|  |TAMS 0x0000000088800000, 0x0000000088800000| Untracked 
| 137|0x0000000088900000, 0x0000000088900000, 0x0000000088a00000|  0%| F|  |TAMS 0x0000000088900000, 0x0000000088900000| Untracked 
| 138|0x0000000088a00000, 0x0000000088a00000, 0x0000000088b00000|  0%| F|  |TAMS 0x0000000088a00000, 0x0000000088a00000| Untracked 
| 139|0x0000000088b00000, 0x0000000088b00000, 0x0000000088c00000|  0%| F|  |TAMS 0x0000000088b00000, 0x0000000088b00000| Untracked 
| 140|0x0000000088c00000, 0x0000000088c00000, 0x0000000088d00000|  0%| F|  |TAMS 0x0000000088c00000, 0x0000000088c00000| Untracked 
| 141|0x0000000088d00000, 0x0000000088d00000, 0x0000000088e00000|  0%| F|  |TAMS 0x0000000088d00000, 0x0000000088d00000| Untracked 
| 142|0x0000000088e00000, 0x0000000088e00000, 0x0000000088f00000|  0%| F|  |TAMS 0x0000000088e00000, 0x0000000088e00000| Untracked 
| 143|0x0000000088f00000, 0x0000000088f00000, 0x0000000089000000|  0%| F|  |TAMS 0x0000000088f00000, 0x0000000088f00000| Untracked 
| 144|0x0000000089000000, 0x0000000089000000, 0x0000000089100000|  0%| F|  |TAMS 0x0000000089000000, 0x0000000089000000| Untracked 
| 145|0x0000000089100000, 0x0000000089100000, 0x0000000089200000|  0%| F|  |TAMS 0x0000000089100000, 0x0000000089100000| Untracked 
| 146|0x0000000089200000, 0x0000000089200000, 0x0000000089300000|  0%| F|  |TAMS 0x0000000089200000, 0x0000000089200000| Untracked 
| 147|0x0000000089300000, 0x0000000089300000, 0x0000000089400000|  0%| F|  |TAMS 0x0000000089300000, 0x0000000089300000| Untracked 
| 148|0x0000000089400000, 0x0000000089400000, 0x0000000089500000|  0%| F|  |TAMS 0x0000000089400000, 0x0000000089400000| Untracked 
| 149|0x0000000089500000, 0x0000000089500000, 0x0000000089600000|  0%| F|  |TAMS 0x0000000089500000, 0x0000000089500000| Untracked 
| 150|0x0000000089600000, 0x0000000089600000, 0x0000000089700000|  0%| F|  |TAMS 0x0000000089600000, 0x0000000089600000| Untracked 
| 151|0x0000000089700000, 0x0000000089700000, 0x0000000089800000|  0%| F|  |TAMS 0x0000000089700000, 0x0000000089700000| Untracked 
| 152|0x0000000089800000, 0x0000000089800000, 0x0000000089900000|  0%| F|  |TAMS 0x0000000089800000, 0x0000000089800000| Untracked 
| 153|0x0000000089900000, 0x0000000089900000, 0x0000000089a00000|  0%| F|  |TAMS 0x0000000089900000, 0x0000000089900000| Untracked 
| 154|0x0000000089a00000, 0x0000000089a00000, 0x0000000089b00000|  0%| F|  |TAMS 0x0000000089a00000, 0x0000000089a00000| Untracked 
| 155|0x0000000089b00000, 0x0000000089b00000, 0x0000000089c00000|  0%| F|  |TAMS 0x0000000089b00000, 0x0000000089b00000| Untracked 
| 156|0x0000000089c00000, 0x0000000089c00000, 0x0000000089d00000|  0%| F|  |TAMS 0x0000000089c00000, 0x0000000089c00000| Untracked 
| 157|0x0000000089d00000, 0x0000000089d00000, 0x0000000089e00000|  0%| F|  |TAMS 0x0000000089d00000, 0x0000000089d00000| Untracked 
| 158|0x0000000089e00000, 0x0000000089e00000, 0x0000000089f00000|  0%| F|  |TAMS 0x0000000089e00000, 0x0000000089e00000| Untracked 
| 159|0x0000000089f00000, 0x0000000089f00000, 0x000000008a000000|  0%| F|  |TAMS 0x0000000089f00000, 0x0000000089f00000| Untracked 
| 160|0x000000008a000000, 0x000000008a000000, 0x000000008a100000|  0%| F|  |TAMS 0x000000008a000000, 0x000000008a000000| Untracked 
| 161|0x000000008a100000, 0x000000008a100000, 0x000000008a200000|  0%| F|  |TAMS 0x000000008a100000, 0x000000008a100000| Untracked 
| 162|0x000000008a200000, 0x000000008a200000, 0x000000008a300000|  0%| F|  |TAMS 0x000000008a200000, 0x000000008a200000| Untracked 
| 163|0x000000008a300000, 0x000000008a3c2298, 0x000000008a400000| 75%| S|CS|TAMS 0x000000008a300000, 0x000000008a300000| Complete 
| 164|0x000000008a400000, 0x000000008a400000, 0x000000008a500000|  0%| F|  |TAMS 0x000000008a400000, 0x000000008a400000| Untracked 
| 165|0x000000008a500000, 0x000000008a500000, 0x000000008a600000|  0%| F|  |TAMS 0x000000008a500000, 0x000000008a500000| Untracked 
| 166|0x000000008a600000, 0x000000008a600000, 0x000000008a700000|  0%| F|  |TAMS 0x000000008a600000, 0x000000008a600000| Untracked 
| 167|0x000000008a700000, 0x000000008a700000, 0x000000008a800000|  0%| F|  |TAMS 0x000000008a700000, 0x000000008a700000| Untracked 
| 168|0x000000008a800000, 0x000000008a800000, 0x000000008a900000|  0%| F|  |TAMS 0x000000008a800000, 0x000000008a800000| Untracked 

Card table byte_map: [0x0000026b7b380000,0x0000026b7b780000] _byte_map_base: 0x0000026b7af80000

Marking Bits (Prev, Next): (CMBitMap*) 0x0000026b68b06650, (CMBitMap*) 0x0000026b68b06610
 Prev Bits: [0x0000026b7db80000, 0x0000026b7fb80000)
 Next Bits: [0x0000026b7bb80000, 0x0000026b7db80000)

Polling page: 0x0000026b668a0000

Metaspace:

Usage:
  Non-class:     82.78 MB used.
      Class:     13.06 MB used.
       Both:     95.85 MB used.

Virtual space:
  Non-class space:       88.00 MB reserved,      83.12 MB ( 94%) committed,  11 nodes.
      Class space:        1.00 GB reserved,      13.38 MB (  1%) committed,  1 nodes.
             Both:        1.09 GB reserved,      96.50 MB (  9%) committed. 

Chunk freelists:
   Non-Class:  853.00 KB
       Class:  2.47 MB
        Both:  3.30 MB

MaxMetaspaceSize: unlimited
CompressedClassSpaceSize: 1.00 GB
Initial GC threshold: 21.00 MB
Current GC threshold: 157.31 MB
CDS: off
MetaspaceReclaimPolicy: balanced
 - commit_granule_bytes: 65536.
 - commit_granule_words: 8192.
 - virtual_space_node_default_size: 1048576.
 - enlarge_chunks_in_place: 1.
 - new_chunks_are_fully_committed: 0.
 - uncommit_free_chunks: 1.
 - use_allocation_guard: 0.
 - handle_deallocations: 1.


Internal statistics:

num_allocs_failed_limit: 15.
num_arena_births: 1016.
num_arena_deaths: 6.
num_vsnodes_births: 12.
num_vsnodes_deaths: 0.
num_space_committed: 1544.
num_space_uncommitted: 0.
num_chunks_returned_to_freelist: 24.
num_chunks_taken_from_freelist: 4653.
num_chunk_merges: 9.
num_chunk_splits: 3075.
num_chunks_enlarged: 2012.
num_purges: 2.
num_inconsistent_stats: 0.

CodeHeap 'non-profiled nmethods': size=120000Kb used=4580Kb max_used=4580Kb free=115419Kb
 bounds [0x0000026b73a50000, 0x0000026b73ed0000, 0x0000026b7af80000]
CodeHeap 'profiled nmethods': size=120000Kb used=19932Kb max_used=19932Kb free=100067Kb
 bounds [0x0000026b6bf80000, 0x0000026b6d300000, 0x0000026b734b0000]
CodeHeap 'non-nmethods': size=5760Kb used=2409Kb max_used=2463Kb free=3350Kb
 bounds [0x0000026b734b0000, 0x0000026b73730000, 0x0000026b73a50000]
 total_blobs=12182 nmethods=11228 adapters=866
 compilation: enabled
              stopped_count=0, restarted_count=0
 full_count=0

Compilation events (20 events):
Event: 21.035 Thread 0x0000026b02c14b50 12220       2       sun.nio.ch.SocketDispatcher::write (8 bytes)
Event: 21.035 Thread 0x0000026b02c14b50 nmethod 12220 0x0000026b6d2f4e90 code [0x0000026b6d2f5020, 0x0000026b6d2f5148]
Event: 21.035 Thread 0x0000026b02c14b50 12223   !   2       java.nio.ByteBuffer::putArray (122 bytes)
Event: 21.036 Thread 0x0000026b02c14b50 nmethod 12223 0x0000026b6d2f5210 code [0x0000026b6d2f5420, 0x0000026b6d2f58f8]
Event: 21.036 Thread 0x0000026b02c14b50 12222       2       java.nio.ByteBuffer::put (69 bytes)
Event: 21.036 Thread 0x0000026b02c14b50 nmethod 12222 0x0000026b6d2f5d10 code [0x0000026b6d2f5f00, 0x0000026b6d2f6258]
Event: 21.036 Thread 0x0000026b02c14b50 12225   !   2       java.io.ObjectStreamClass::getPrivateMethod (56 bytes)
Event: 21.037 Thread 0x0000026b02c14b50 nmethod 12225 0x0000026b6d2f6490 code [0x0000026b6d2f6660, 0x0000026b6d2f68d8]
Event: 21.037 Thread 0x0000026b02c14b50 12224       2       java.lang.ClassLoader::checkCreateClassLoader (35 bytes)
Event: 21.037 Thread 0x0000026b02c14b50 nmethod 12224 0x0000026b6d2f6b90 code [0x0000026b6d2f6d40, 0x0000026b6d2f6f58]
Event: 21.043 Thread 0x0000026b02c0b9d0 nmethod 12212 0x0000026b73ec6a10 code [0x0000026b73ec6bc0, 0x0000026b73ec7448]
Event: 21.043 Thread 0x0000026b02c0b9d0 12216       4       java.net.URL::toExternalForm (9 bytes)
Event: 21.043 Thread 0x0000026b02c0b9d0 nmethod 12216 0x0000026b73ec7a90 code [0x0000026b73ec7c20, 0x0000026b73ec7ce8]
Event: 21.043 Thread 0x0000026b02c0b9d0 12209       4       jdk.internal.org.objectweb.asm.Frame::merge (317 bytes)
Event: 21.051 Thread 0x0000026b02c0b9d0 nmethod 12209 0x0000026b73ec7d90 code [0x0000026b73ec7f60, 0x0000026b73ec84a8]
Event: 21.051 Thread 0x0000026b02c0b9d0 12226       4       java.util.AbstractCollection::<init> (5 bytes)
Event: 21.051 Thread 0x0000026b02c0b9d0 nmethod 12226 0x0000026b73ec8a10 code [0x0000026b73ec8b80, 0x0000026b73ec8bf8]
Event: 21.051 Thread 0x0000026b02c0b9d0 12203       4       org.gradle.internal.time.MonotonicClock::advance (33 bytes)
Event: 21.052 Thread 0x0000026b02c0b9d0 nmethod 12203 0x0000026b73ec8d10 code [0x0000026b73ec8e80, 0x0000026b73ec8f78]
Event: 21.052 Thread 0x0000026b02c0b9d0 12201       4       java.util.stream.ReferencePipeline::map (26 bytes)

GC Heap History (20 events):
Event: 15.557 GC heap after
{Heap after GC invocations=28 (full 0):
 garbage-first heap   total 154624K, used 65455K [0x0000000080000000, 0x0000000100000000)
  region size 1024K, 2 young (2048K), 2 survivors (2048K)
 Metaspace       used 73279K, committed 73792K, reserved 1114112K
  class space    used 9756K, committed 9984K, reserved 1048576K
}
Event: 16.365 GC heap before
{Heap before GC invocations=29 (full 0):
 garbage-first heap   total 154624K, used 116655K [0x0000000080000000, 0x0000000100000000)
  region size 1024K, 52 young (53248K), 2 survivors (2048K)
 Metaspace       used 78698K, committed 79296K, reserved 1122304K
  class space    used 10633K, committed 10880K, reserved 1048576K
}
Event: 16.373 GC heap after
{Heap after GC invocations=30 (full 0):
 garbage-first heap   total 154624K, used 69361K [0x0000000080000000, 0x0000000100000000)
  region size 1024K, 6 young (6144K), 6 survivors (6144K)
 Metaspace       used 78698K, committed 79296K, reserved 1122304K
  class space    used 10633K, committed 10880K, reserved 1048576K
}
Event: 17.132 GC heap before
{Heap before GC invocations=30 (full 0):
 garbage-first heap   total 154624K, used 119537K [0x0000000080000000, 0x0000000100000000)
  region size 1024K, 55 young (56320K), 6 survivors (6144K)
 Metaspace       used 84646K, committed 85248K, reserved 1122304K
  class space    used 11490K, committed 11776K, reserved 1048576K
}
Event: 17.140 GC heap after
{Heap after GC invocations=31 (full 0):
 garbage-first heap   total 154624K, used 73330K [0x0000000080000000, 0x0000000100000000)
  region size 1024K, 5 young (5120K), 5 survivors (5120K)
 Metaspace       used 84646K, committed 85248K, reserved 1122304K
  class space    used 11490K, committed 11776K, reserved 1048576K
}
Event: 17.518 GC heap before
{Heap before GC invocations=31 (full 0):
 garbage-first heap   total 154624K, used 121458K [0x0000000080000000, 0x0000000100000000)
  region size 1024K, 52 young (53248K), 5 survivors (5120K)
 Metaspace       used 85914K, committed 86528K, reserved 1130496K
  class space    used 11662K, committed 11968K, reserved 1048576K
}
Event: 17.529 GC heap after
{Heap after GC invocations=32 (full 0):
 garbage-first heap   total 154624K, used 80024K [0x0000000080000000, 0x0000000100000000)
  region size 1024K, 7 young (7168K), 7 survivors (7168K)
 Metaspace       used 85914K, committed 86528K, reserved 1130496K
  class space    used 11662K, committed 11968K, reserved 1048576K
}
Event: 18.166 GC heap before
{Heap before GC invocations=33 (full 0):
 garbage-first heap   total 162816K, used 122008K [0x0000000080000000, 0x0000000100000000)
  region size 1024K, 48 young (49152K), 7 survivors (7168K)
 Metaspace       used 88119K, committed 88768K, reserved 1130496K
  class space    used 12073K, committed 12352K, reserved 1048576K
}
Event: 18.177 GC heap after
{Heap after GC invocations=34 (full 0):
 garbage-first heap   total 162816K, used 85590K [0x0000000080000000, 0x0000000100000000)
  region size 1024K, 6 young (6144K), 6 survivors (6144K)
 Metaspace       used 88119K, committed 88768K, reserved 1130496K
  class space    used 12073K, committed 12352K, reserved 1048576K
}
Event: 18.930 GC heap before
{Heap before GC invocations=34 (full 0):
 garbage-first heap   total 162816K, used 129622K [0x0000000080000000, 0x0000000100000000)
  region size 1024K, 50 young (51200K), 6 survivors (6144K)
 Metaspace       used 88852K, committed 89472K, reserved 1130496K
  class space    used 12139K, committed 12416K, reserved 1048576K
}
Event: 18.940 GC heap after
{Heap after GC invocations=35 (full 0):
 garbage-first heap   total 162816K, used 88918K [0x0000000080000000, 0x0000000100000000)
  region size 1024K, 4 young (4096K), 4 survivors (4096K)
 Metaspace       used 88852K, committed 89472K, reserved 1130496K
  class space    used 12139K, committed 12416K, reserved 1048576K
}
Event: 19.587 GC heap before
{Heap before GC invocations=36 (full 0):
 garbage-first heap   total 173056K, used 130902K [0x0000000080000000, 0x0000000100000000)
  region size 1024K, 46 young (47104K), 4 survivors (4096K)
 Metaspace       used 89698K, committed 90304K, reserved 1130496K
  class space    used 12234K, committed 12480K, reserved 1048576K
}
Event: 19.596 GC heap after
{Heap after GC invocations=37 (full 0):
 garbage-first heap   total 173056K, used 91986K [0x0000000080000000, 0x0000000100000000)
  region size 1024K, 6 young (6144K), 6 survivors (6144K)
 Metaspace       used 89698K, committed 90304K, reserved 1130496K
  class space    used 12234K, committed 12480K, reserved 1048576K
}
Event: 19.607 GC heap before
{Heap before GC invocations=37 (full 0):
 garbage-first heap   total 173056K, used 94034K [0x0000000080000000, 0x0000000100000000)
  region size 1024K, 8 young (8192K), 6 survivors (6144K)
 Metaspace       used 89698K, committed 90304K, reserved 1130496K
  class space    used 12234K, committed 12480K, reserved 1048576K
}
Event: 19.618 GC heap after
{Heap after GC invocations=38 (full 0):
 garbage-first heap   total 173056K, used 92293K [0x0000000080000000, 0x0000000100000000)
  region size 1024K, 1 young (1024K), 1 survivors (1024K)
 Metaspace       used 89698K, committed 90304K, reserved 1130496K
  class space    used 12234K, committed 12480K, reserved 1048576K
}
Event: 20.342 GC heap before
{Heap before GC invocations=38 (full 0):
 garbage-first heap   total 173056K, used 140421K [0x0000000080000000, 0x0000000100000000)
  region size 1024K, 49 young (50176K), 1 survivors (1024K)
 Metaspace       used 95788K, committed 96384K, reserved 1138688K
  class space    used 13050K, committed 13312K, reserved 1048576K
}
Event: 20.348 GC heap after
{Heap after GC invocations=39 (full 0):
 garbage-first heap   total 173056K, used 95643K [0x0000000080000000, 0x0000000100000000)
  region size 1024K, 5 young (5120K), 5 survivors (5120K)
 Metaspace       used 95788K, committed 96384K, reserved 1138688K
  class space    used 13050K, committed 13312K, reserved 1048576K
}
Event: 20.999 GC heap before
{Heap before GC invocations=40 (full 0):
 garbage-first heap   total 173056K, used 140699K [0x0000000080000000, 0x0000000100000000)
  region size 1024K, 50 young (51200K), 5 survivors (5120K)
 Metaspace       used 97972K, committed 98752K, reserved 1138688K
  class space    used 13343K, committed 13696K, reserved 1048576K
}
Event: 21.010 GC heap after
{Heap after GC invocations=41 (full 0):
 garbage-first heap   total 173056K, used 98431K [0x0000000080000000, 0x0000000100000000)
  region size 1024K, 3 young (3072K), 3 survivors (3072K)
 Metaspace       used 97972K, committed 98752K, reserved 1138688K
  class space    used 13343K, committed 13696K, reserved 1048576K
}
Event: 21.061 GC heap before
{Heap before GC invocations=41 (full 0):
 garbage-first heap   total 173056K, used 102527K [0x0000000080000000, 0x0000000100000000)
  region size 1024K, 8 young (8192K), 3 survivors (3072K)
 Metaspace       used 98146K, committed 98816K, reserved 1138688K
  class space    used 13374K, committed 13696K, reserved 1048576K
}

Dll operation events (2 events):
Event: 0.016 Loaded shared library C:\Program Files\Android\Android Studio\jbr\bin\java.dll
Event: 1.094 Loaded shared library C:\Program Files\Android\Android Studio\jbr\bin\verify.dll

Deoptimization events (20 events):
Event: 20.811 Thread 0x0000026b0a6a6390 Uncommon trap: trap_request=0xffffff45 fr.pc=0x0000026b73c56e60 relative=0x0000000000000240
Event: 20.811 Thread 0x0000026b0a6a6390 Uncommon trap: reason=unstable_if action=reinterpret pc=0x0000026b73c56e60 method=sun.net.www.ParseUtil.encodePath(Ljava/lang/String;Z)Ljava/lang/String; @ 1 c2
Event: 20.811 Thread 0x0000026b0a6a6390 DEOPT PACKING pc=0x0000026b73c56e60 sp=0x000000b9f2bfcc00
Event: 20.811 Thread 0x0000026b0a6a6390 DEOPT UNPACKING pc=0x0000026b735069a3 sp=0x000000b9f2bfcbb8 mode 2
Event: 20.821 Thread 0x0000026b05d8fa50 DEOPT PACKING pc=0x0000026b6d2a09ec sp=0x000000b9f0dfbe60
Event: 20.821 Thread 0x0000026b05d8fa50 DEOPT UNPACKING pc=0x0000026b73507143 sp=0x000000b9f0dfb3b8 mode 0
Event: 20.862 Thread 0x0000026b05d91260 DEOPT PACKING pc=0x0000026b6d2a09ec sp=0x000000b9f07fd940
Event: 20.862 Thread 0x0000026b05d91260 DEOPT UNPACKING pc=0x0000026b73507143 sp=0x000000b9f07fce98 mode 0
Event: 20.894 Thread 0x0000026b07287010 DEOPT PACKING pc=0x0000026b6d2a09ec sp=0x000000b9efffd850
Event: 20.894 Thread 0x0000026b07287010 DEOPT UNPACKING pc=0x0000026b73507143 sp=0x000000b9efffcda8 mode 0
Event: 20.910 Thread 0x0000026b0a6a6390 Uncommon trap: trap_request=0xffffffc6 fr.pc=0x0000026b73c2f8c4 relative=0x0000000000000c64
Event: 20.910 Thread 0x0000026b0a6a6390 Uncommon trap: reason=bimorphic_or_optimized_type_check action=maybe_recompile pc=0x0000026b73c2f8c4 method=java.util.WeakHashMap.matchesKey(Ljava/util/WeakHashMap$Entry;Ljava/lang/Object;)Z @ 21 c2
Event: 20.910 Thread 0x0000026b0a6a6390 DEOPT PACKING pc=0x0000026b73c2f8c4 sp=0x000000b9f2bfcc30
Event: 20.910 Thread 0x0000026b0a6a6390 DEOPT UNPACKING pc=0x0000026b735069a3 sp=0x000000b9f2bfcba0 mode 2
Event: 20.933 Thread 0x0000026b05d93db0 DEOPT PACKING pc=0x0000026b6c878a1b sp=0x000000b9f1bfd7d0
Event: 20.933 Thread 0x0000026b05d93db0 DEOPT UNPACKING pc=0x0000026b73507143 sp=0x000000b9f1bfcc80 mode 0
Event: 20.970 Thread 0x0000026b05a75e40 DEOPT PACKING pc=0x0000026b6d2a09ec sp=0x000000b9f26f96d0
Event: 20.970 Thread 0x0000026b05a75e40 DEOPT UNPACKING pc=0x0000026b73507143 sp=0x000000b9f26f8c28 mode 0
Event: 21.050 Thread 0x0000026b05a6f460 DEOPT PACKING pc=0x0000026b6d2a09ec sp=0x000000b9f22fdb90
Event: 21.050 Thread 0x0000026b05a6f460 DEOPT UNPACKING pc=0x0000026b73507143 sp=0x000000b9f22fd0e8 mode 0

Classes unloaded (3 events):
Event: 20.510 Thread 0x0000026b021bb650 Unloading class 0x0000000100c11c00 'java/lang/invoke/LambdaForm$DMH+0x0000000100c11c00'
Event: 20.510 Thread 0x0000026b021bb650 Unloading class 0x0000000100c11800 'java/lang/invoke/LambdaForm$DMH+0x0000000100c11800'
Event: 20.510 Thread 0x0000026b021bb650 Unloading class 0x0000000100c11000 'java/lang/invoke/LambdaForm$DMH+0x0000000100c11000'

Classes redefined (0 events):
No events

Internal exceptions (20 events):
Event: 20.335 Thread 0x0000026b05a71140 Exception <a 'java/lang/NoSuchMethodError'{0x00000000878a3dd0}: 'void java.lang.invoke.DirectMethodHandle$Holder.invokeVirtual(java.lang.Object, java.lang.Object)'> (0x00000000878a3dd0) 
thrown [s\src\hotspot\share\interpreter\linkResolver.cpp, line 771]
Event: 20.348 Thread 0x0000026b05a71140 Implicit null exception at 0x0000026b73e3f1cc to 0x0000026b73e3f600
Event: 20.577 Thread 0x0000026b05a71140 Implicit null exception at 0x0000026b73a8c2f2 to 0x0000026b73a8c90c
Event: 20.634 Thread 0x0000026b05a71140 Exception <a 'java/lang/NoSuchMethodError'{0x000000008a046d30}: static Lorg/jetbrains/kotlin/incremental/ChangedFiles$Known;.<clinit>()V> (0x000000008a046d30) 
thrown [s\src\hotspot\share\prims\jni.cpp, line 1108]
Event: 20.636 Thread 0x0000026b05a71140 Exception <a 'java/lang/NoSuchMethodError'{0x000000008a064c48}: static Lorg/jetbrains/kotlin/incremental/ClasspathChanges;.<clinit>()V> (0x000000008a064c48) 
thrown [s\src\hotspot\share\prims\jni.cpp, line 1108]
Event: 20.636 Thread 0x0000026b05a71140 Exception <a 'java/lang/NoSuchMethodError'{0x000000008a066450}: static Lorg/jetbrains/kotlin/incremental/ClasspathChanges;.<clinit>()V> (0x000000008a066450) 
thrown [s\src\hotspot\share\prims\jni.cpp, line 1108]
Event: 20.641 Thread 0x0000026b05a71140 Exception <a 'java/lang/NoSuchMethodError'{0x000000008a0bea70}: static Lorg/jetbrains/kotlin/build/report/metrics/BuildMetricsReporterImpl;.<clinit>()V> (0x000000008a0bea70) 
thrown [s\src\hotspot\share\prims\jni.cpp, line 1108]
Event: 20.675 Thread 0x0000026b05a70c70 Exception <a 'sun/nio/fs/WindowsException'{0x0000000089e72188}> (0x0000000089e72188) 
thrown [s\src\hotspot\share\prims\jni.cpp, line 517]
Event: 20.753 Thread 0x0000026b05a70c70 Exception <a 'sun/nio/fs/WindowsException'{0x0000000089632370}> (0x0000000089632370) 
thrown [s\src\hotspot\share\prims\jni.cpp, line 517]
Event: 20.892 Thread 0x0000026b0a6a6390 Exception <a 'java/lang/NoSuchMethodError'{0x00000000886fd218}: static Lorg/jetbrains/kotlin/daemon/common/LoopbackNetworkInterface$AbstractClientLoopbackSocketFactory;.<clinit>()V> (0x00000000886fd218) 
thrown [s\src\hotspot\share\prims\jni.cpp, line 1108]
Event: 20.892 Thread 0x0000026b0a6a6390 Exception <a 'java/lang/NoSuchMethodError'{0x0000000088517b78}: static Lorg/jetbrains/kotlin/daemon/common/LoopbackNetworkInterface$ClientLoopbackSocketFactory;.<clinit>()V> (0x0000000088517b78) 
thrown [s\src\hotspot\share\prims\jni.cpp, line 1108]
Event: 20.914 Thread 0x0000026b0a6a6390 Exception <a 'java/lang/NoSuchMethodError'{0x00000000884b77c8}: static [Ljava/rmi/server/ObjID;.<clinit>()V> (0x00000000884b77c8) 
thrown [s\src\hotspot\share\prims\jni.cpp, line 1108]
Event: 20.922 Thread 0x0000026b0a6a6390 Exception <a 'java/lang/NoSuchMethodError'{0x00000000884f1190}: static [B.<clinit>()V> (0x00000000884f1190) 
thrown [s\src\hotspot\share\prims\jni.cpp, line 1108]
Event: 20.942 Thread 0x0000026b0a1c7870 Exception <a 'java/lang/InterruptedException'{0x0000000088110158}> (0x0000000088110158) 
thrown [s\src\hotspot\share\runtime\objectMonitor.cpp, line 1648]
Event: 20.943 Thread 0x0000026b0a1c7870 Exception <a 'java/lang/NoSuchMethodError'{0x000000008811f828}: 'java.lang.Object java.lang.invoke.DirectMethodHandle$Holder.newInvokeSpecial(java.lang.Object, java.lang.Object, int, java.lang.Object, long)'> (0x000000008811f828) 
thrown [s\src\hotspot\share\interpreter\linkResolver.cpp, line 771]
Event: 20.974 Thread 0x0000026b0a6a6390 Exception <a 'java/lang/NoSuchMethodError'{0x0000000087ecbbb8}: static Lorg/jetbrains/kotlin/daemon/common/CompileService$CallResult;.<clinit>()V> (0x0000000087ecbbb8) 
thrown [s\src\hotspot\share\prims\jni.cpp, line 1108]
Event: 20.975 Thread 0x0000026b0a6a6390 Exception <a 'java/lang/NoSuchMethodError'{0x0000000087edb5e8}: static Lorg/jetbrains/kotlin/daemon/common/CompileService$CallResult$Good;.<clinit>()V> (0x0000000087edb5e8) 
thrown [s\src\hotspot\share\prims\jni.cpp, line 1108]
Event: 20.976 Thread 0x0000026b0a6a6390 Exception <a 'java/lang/NoSuchMethodError'{0x0000000087ee8740}: static Lorg/jetbrains/kotlin/daemon/common/DaemonJVMOptions;.<clinit>()V> (0x0000000087ee8740) 
thrown [s\src\hotspot\share\prims\jni.cpp, line 1108]
Event: 20.982 Thread 0x0000026b0a6a6390 Exception <a 'java/lang/NoSuchMethodError'{0x0000000087d56ad0}: static Lorg/jetbrains/kotlin/daemon/common/CompileService$CallResult$Ok;.<clinit>()V> (0x0000000087d56ad0) 
thrown [s\src\hotspot\share\prims\jni.cpp, line 1108]
Event: 21.029 Thread 0x0000026b0a6a6390 Exception <a 'java/lang/NoSuchMethodError'{0x000000008a63d888}: static [Ljava/lang/Integer;.<clinit>()V> (0x000000008a63d888) 
thrown [s\src\hotspot\share\prims\jni.cpp, line 1108]

VM Operations (20 events):
Event: 19.596 Executing VM operation: G1CollectForAllocation done
Event: 19.607 Executing VM operation: G1CollectForAllocation
Event: 19.618 Executing VM operation: G1CollectForAllocation done
Event: 20.162 Executing VM operation: ICBufferFull
Event: 20.162 Executing VM operation: ICBufferFull done
Event: 20.276 Executing VM operation: HandshakeAllThreads
Event: 20.276 Executing VM operation: HandshakeAllThreads done
Event: 20.309 Executing VM operation: ICBufferFull
Event: 20.309 Executing VM operation: ICBufferFull done
Event: 20.342 Executing VM operation: G1CollectForAllocation
Event: 20.348 Executing VM operation: G1CollectForAllocation done
Event: 20.510 Executing VM operation: G1Concurrent
Event: 20.525 Executing VM operation: G1Concurrent done
Event: 20.599 Executing VM operation: G1Concurrent
Event: 20.599 Executing VM operation: G1Concurrent done
Event: 20.849 Executing VM operation: HandshakeAllThreads
Event: 20.849 Executing VM operation: HandshakeAllThreads done
Event: 20.996 Executing VM operation: G1CollectForAllocation
Event: 21.014 Executing VM operation: G1CollectForAllocation done
Event: 21.054 Executing VM operation: G1CollectForAllocation

Events (20 events):
Event: 21.020 loading class sun/rmi/server/UnicastServerRef2
Event: 21.020 loading class sun/rmi/server/UnicastServerRef2 done
Event: 21.021 loading class sun/rmi/server/Util$1
Event: 21.021 loading class sun/rmi/server/Util$1 done
Event: 21.023 loading class sun/rmi/transport/tcp/TCPTransport$AcceptLoop
Event: 21.023 loading class sun/rmi/transport/tcp/TCPTransport$AcceptLoop done
Event: 21.024 Thread 0x0000026b07a0aa00 Thread added: 0x0000026b07a0aa00
Event: 21.024 loading class sun/rmi/transport/ObjectTable$Reaper
Event: 21.024 loading class sun/rmi/transport/ObjectTable$Reaper done
Event: 21.024 Thread 0x0000026b07a0b870 Thread added: 0x0000026b07a0b870
Event: 21.024 loading class sun/rmi/server/UnicastServerRef$HashToMethod_Maps$1
Event: 21.024 loading class sun/rmi/server/UnicastServerRef$HashToMethod_Maps$1 done
Event: 21.028 loading class sun/rmi/server/LoaderHandler$Loader
Event: 21.028 loading class sun/rmi/server/LoaderHandler$Loader done
Event: 21.031 loading class java/rmi/server/ServerNotActiveException
Event: 21.031 loading class java/rmi/server/ServerNotActiveException done
Event: 21.034 loading class sun/rmi/transport/DGCAckHandler
Event: 21.034 loading class sun/rmi/transport/DGCAckHandler done
Event: 21.037 loading class sun/rmi/transport/DGCAckHandler$1
Event: 21.037 loading class sun/rmi/transport/DGCAckHandler$1 done


Dynamic libraries:
0x00007ff61e940000 - 0x00007ff61e94a000 	C:\Program Files\Android\Android Studio\jbr\bin\java.exe
0x00007ffa28790000 - 0x00007ffa28988000 	C:\Windows\SYSTEM32\ntdll.dll
0x00007ffa27c50000 - 0x00007ffa27d0f000 	C:\Windows\System32\KERNEL32.DLL
0x00007ffa26410000 - 0x00007ffa266ea000 	C:\Windows\System32\KERNELBASE.dll
0x00007ffa26140000 - 0x00007ffa26240000 	C:\Windows\System32\ucrtbase.dll
0x00007ffa1e150000 - 0x00007ffa1e167000 	C:\Program Files\Android\Android Studio\jbr\bin\jli.dll
0x00007ffa15f80000 - 0x00007ffa15f9b000 	C:\Program Files\Android\Android Studio\jbr\bin\VCRUNTIME140.dll
0x00007ffa281e0000 - 0x00007ffa2837d000 	C:\Windows\System32\USER32.dll
0x00007ffa25ea0000 - 0x00007ffa25ec2000 	C:\Windows\System32\win32u.dll
0x00007ffa275f0000 - 0x00007ffa2761b000 	C:\Windows\System32\GDI32.dll
0x00007ffa25ed0000 - 0x00007ffa25fe0000 	C:\Windows\System32\gdi32full.dll
0x00007ffa10fe0000 - 0x00007ffa1127a000 	C:\Windows\WinSxS\amd64_microsoft.windows.common-controls_6595b64144ccf1df_6.0.19041.1110_none_60b5254171f9507e\COMCTL32.dll
0x00007ffa26370000 - 0x00007ffa2640d000 	C:\Windows\System32\msvcp_win.dll
0x00007ffa26fa0000 - 0x00007ffa2703e000 	C:\Windows\System32\msvcrt.dll
0x00007ffa27260000 - 0x00007ffa27290000 	C:\Windows\System32\IMM32.DLL
0x00007ffa21690000 - 0x00007ffa2169c000 	C:\Program Files\Android\Android Studio\jbr\bin\vcruntime140_1.dll
0x00007ff9eb870000 - 0x00007ff9eb8fd000 	C:\Program Files\Android\Android Studio\jbr\bin\msvcp140.dll
0x00007ff9aa850000 - 0x00007ff9ab4bd000 	C:\Program Files\Android\Android Studio\jbr\bin\server\jvm.dll
0x00007ffa28060000 - 0x00007ffa2810e000 	C:\Windows\System32\ADVAPI32.dll
0x00007ffa27040000 - 0x00007ffa270dc000 	C:\Windows\System32\sechost.dll
0x00007ffa276b0000 - 0x00007ffa277d6000 	C:\Windows\System32\RPCRT4.dll
0x00007ffa05500000 - 0x00007ffa05527000 	C:\Windows\SYSTEM32\WINMM.dll
0x00007ffa1b2e0000 - 0x00007ffa1b2ea000 	C:\Windows\SYSTEM32\VERSION.dll
0x00007ffa23f30000 - 0x00007ffa23f39000 	C:\Windows\SYSTEM32\WSOCK32.dll
0x00007ffa28380000 - 0x00007ffa283eb000 	C:\Windows\System32\WS2_32.dll
0x00007ffa246f0000 - 0x00007ffa24702000 	C:\Windows\SYSTEM32\kernel.appcore.dll
0x00007ffa23580000 - 0x00007ffa2358a000 	C:\Program Files\Android\Android Studio\jbr\bin\jimage.dll
0x00007ffa1b590000 - 0x00007ffa1b774000 	C:\Windows\SYSTEM32\DBGHELP.DLL
0x00007ffa0a890000 - 0x00007ffa0a8c4000 	C:\Windows\SYSTEM32\dbgcore.DLL
0x00007ffa26240000 - 0x00007ffa262c2000 	C:\Windows\System32\bcryptPrimitives.dll
0x00007ffa20f80000 - 0x00007ffa20fa5000 	C:\Program Files\Android\Android Studio\jbr\bin\java.dll
0x00007ffa213b0000 - 0x00007ffa213c8000 	C:\Program Files\Android\Android Studio\jbr\bin\zip.dll
0x00007ffa267f0000 - 0x00007ffa26f34000 	C:\Windows\System32\SHELL32.dll
0x00007ffa23f40000 - 0x00007ffa246d3000 	C:\Windows\SYSTEM32\windows.storage.dll
0x00007ffa283f0000 - 0x00007ffa28744000 	C:\Windows\System32\combase.dll
0x00007ffa25900000 - 0x00007ffa2592e000 	C:\Windows\SYSTEM32\Wldp.dll
0x00007ffa27e80000 - 0x00007ffa27f2d000 	C:\Windows\System32\SHCORE.dll
0x00007ffa26f40000 - 0x00007ffa26f95000 	C:\Windows\System32\shlwapi.dll
0x00007ffa25de0000 - 0x00007ffa25dff000 	C:\Windows\SYSTEM32\profapi.dll
0x00007ffa15a90000 - 0x00007ffa15aa9000 	C:\Program Files\Android\Android Studio\jbr\bin\net.dll
0x00007ffa21270000 - 0x00007ffa2137a000 	C:\Windows\SYSTEM32\WINHTTP.dll
0x00007ffa25660000 - 0x00007ffa256ca000 	C:\Windows\system32\mswsock.dll
0x00007ffa159d0000 - 0x00007ffa159e6000 	C:\Program Files\Android\Android Studio\jbr\bin\nio.dll
0x00007ffa1d960000 - 0x00007ffa1d970000 	C:\Program Files\Android\Android Studio\jbr\bin\verify.dll
0x00007ffa13f20000 - 0x00007ffa13f47000 	C:\Users\aliha\.gradle\native\68d5fa5c4cc2d200863cafc0d521ce42e7d3e7ee720ec0a83991735586a16f82\windows-amd64\native-platform.dll
0x00007ff9e6340000 - 0x00007ff9e6484000 	C:\Users\aliha\.gradle\native\e376f236ea51e6404a007f0833ffe2c6e607c4080706a723a18a27aeea778392\windows-amd64\native-platform-file-events.dll
0x00007ffa21710000 - 0x00007ffa21719000 	C:\Program Files\Android\Android Studio\jbr\bin\management.dll
0x00007ffa1d970000 - 0x00007ffa1d97b000 	C:\Program Files\Android\Android Studio\jbr\bin\management_ext.dll
0x00007ffa27e70000 - 0x00007ffa27e78000 	C:\Windows\System32\PSAPI.DLL
0x00007ffa25850000 - 0x00007ffa25868000 	C:\Windows\SYSTEM32\CRYPTSP.dll
0x00007ffa24f10000 - 0x00007ffa24f44000 	C:\Windows\system32\rsaenh.dll
0x00007ffa262d0000 - 0x00007ffa262f7000 	C:\Windows\System32\bcrypt.dll
0x00007ffa25d60000 - 0x00007ffa25d8e000 	C:\Windows\SYSTEM32\USERENV.dll
0x00007ffa25870000 - 0x00007ffa2587c000 	C:\Windows\SYSTEM32\CRYPTBASE.dll
0x00007ffa25300000 - 0x00007ffa2533c000 	C:\Windows\SYSTEM32\IPHLPAPI.DLL
0x00007ffa275e0000 - 0x00007ffa275e8000 	C:\Windows\System32\NSI.dll
0x00007ffa1bec0000 - 0x00007ffa1bed7000 	C:\Windows\SYSTEM32\dhcpcsvc6.DLL
0x00007ffa1bf90000 - 0x00007ffa1bfad000 	C:\Windows\SYSTEM32\dhcpcsvc.DLL
0x00007ffa25350000 - 0x00007ffa2541b000 	C:\Windows\SYSTEM32\DNSAPI.dll
0x00007ffa1d950000 - 0x00007ffa1d957000 	C:\Windows\system32\wshunix.dll
0x00007ffa142a0000 - 0x00007ffa142a7000 	C:\Program Files\Android\Android Studio\jbr\bin\rmi.dll

dbghelp: loaded successfully - version: 4.0.5 - missing functions: none
symbol engine: initialized successfully - sym options: 0x614 - pdb path: .;C:\Program Files\Android\Android Studio\jbr\bin;C:\Windows\SYSTEM32;C:\Windows\WinSxS\amd64_microsoft.windows.common-controls_6595b64144ccf1df_6.0.19041.1110_none_60b5254171f9507e;C:\Program Files\Android\Android Studio\jbr\bin\server;C:\Users\aliha\.gradle\native\68d5fa5c4cc2d200863cafc0d521ce42e7d3e7ee720ec0a83991735586a16f82\windows-amd64;C:\Users\aliha\.gradle\native\e376f236ea51e6404a007f0833ffe2c6e607c4080706a723a18a27aeea778392\windows-amd64

VM Arguments:
jvm_args: --add-opens=java.base/java.util=ALL-UNNAMED --add-opens=java.base/java.lang=ALL-UNNAMED --add-opens=java.base/java.lang.invoke=ALL-UNNAMED --add-opens=java.prefs/java.util.prefs=ALL-UNNAMED --add-opens=java.base/java.nio.charset=ALL-UNNAMED --add-opens=java.base/java.net=ALL-UNNAMED --add-opens=java.base/java.util.concurrent.atomic=ALL-UNNAMED -Xmx2048m -Dfile.encoding=UTF-8 -Duser.country=US -Duser.language=en -Duser.variant 
java_command: org.gradle.launcher.daemon.bootstrap.GradleDaemon 8.0
java_class_path (initial): C:\Users\aliha\.gradle\wrapper\dists\gradle-8.0-bin\ca5e32bp14vu59qr306oxotwh\gradle-8.0\lib\gradle-launcher-8.0.jar
Launcher Type: SUN_STANDARD

[Global flags]
     intx CICompilerCount                          = 3                                         {product} {ergonomic}
     uint ConcGCThreads                            = 1                                         {product} {ergonomic}
     uint G1ConcRefinementThreads                  = 4                                         {product} {ergonomic}
   size_t G1HeapRegionSize                         = 1048576                                   {product} {ergonomic}
    uintx GCDrainStackTargetSize                   = 64                                        {product} {ergonomic}
   size_t InitialHeapSize                          = 132120576                                 {product} {ergonomic}
   size_t MarkStackSize                            = 4194304                                   {product} {ergonomic}
   size_t MaxHeapSize                              = 2147483648                                {product} {command line}
   size_t MaxNewSize                               = 1287651328                                {product} {ergonomic}
   size_t MinHeapDeltaBytes                        = 1048576                                   {product} {ergonomic}
   size_t MinHeapSize                              = 8388608                                   {product} {ergonomic}
    uintx NonNMethodCodeHeapSize                   = 5832780                                {pd product} {ergonomic}
    uintx NonProfiledCodeHeapSize                  = 122912730                              {pd product} {ergonomic}
    uintx ProfiledCodeHeapSize                     = 122912730                              {pd product} {ergonomic}
    uintx ReservedCodeCacheSize                    = 251658240                              {pd product} {ergonomic}
     bool SegmentedCodeCache                       = true                                      {product} {ergonomic}
   size_t SoftMaxHeapSize                          = 2147483648                             {manageable} {ergonomic}
     bool UseCompressedClassPointers               = true                           {product lp64_product} {ergonomic}
     bool UseCompressedOops                        = true                           {product lp64_product} {ergonomic}
     bool UseG1GC                                  = true                                      {product} {ergonomic}
     bool UseLargePagesIndividualAllocation        = false                                  {pd product} {ergonomic}

Logging:
Log output configuration:
 #0: stdout all=warning uptime,level,tags
 #1: stderr all=off uptime,level,tags

Environment Variables:
PATH=C:\Program Files (x86)\NVIDIA Corporation\PhysX\Common;C:\Program Files\Eclipse Adoptium\jdk-19.0.2.7-hotspot\bin;C:\Program Files (x86)\Common Files\Intel\Shared Libraries\redist\intel64\compiler;C:\Windows\system32;C:\Windows;C:\Windows\System32\Wbem;C:\Windows\System32\WindowsPowerShell\v1.0\;C:\Windows\System32\OpenSSH\;C:\Program Files\Microsoft VS Code\bin;C:\Program Files\Git\cmd;C:\Program Files\dotnet\;C:\Program Files\PuTTY\;C:\Users\aliha\AppData\Local\Programs\Python\Python311\Scripts\;C:\Users\aliha\AppData\Local\Programs\Python\Python311\;C:\Users\aliha\AppData\Local\Microsoft\WindowsApps;C:\Users\aliha\AppData\Local\GitHubDesktop\bin
USERNAME=aliha
OS=Windows_NT
PROCESSOR_IDENTIFIER=Intel64 Family 6 Model 142 Stepping 10, GenuineIntel
TMP=C:\Users\aliha\AppData\Local\Temp
TEMP=C:\Users\aliha\AppData\Local\Temp



---------------  S Y S T E M  ---------------

OS:
 Windows 10 , 64 bit Build 19041 (10.0.19041.2788)
OS uptime: 3 days 20:24 hours

CPU: total 4 (initial active 4) (4 cores per cpu, 2 threads per core) family 6 model 142 stepping 10 microcode 0xc6, cx8, cmov, fxsr, ht, mmx, 3dnowpref, sse, sse2, sse3, ssse3, sse4.1, sse4.2, popcnt, lzcnt, tsc, tscinvbit, avx, avx2, erms, clmul, bmi1, bmi2, adx, fma, vzeroupper, clflush, clflushopt

Memory: 4k page, system-wide physical 8046M (151M free)
TotalPageFile size 29840M (AvailPageFile size 8M)
current process WorkingSet (physical memory assigned to process): 381M, peak: 386M
current process commit charge ("private bytes"): 625M, peak: 628M

vm_info: OpenJDK 64-Bit Server VM (17.0.6+0-b2043.56-9586694) for windows-amd64 JRE (17.0.6+0-b2043.56-9586694), built on Feb  9 2023 20:06:20 by "androidbuild" with MS VC++ 16.10 / 16.11 (VS2019)

END.
