#
# There is insufficient memory for the Java Runtime Environment to continue.
# Native memory allocation (malloc) failed to allocate 2198256 bytes for Chunk::new
# Possible reasons:
#   The system is out of physical RAM or swap space
#   The process is running with CompressedOops enabled, and the Java Heap may be blocking the growth of the native heap
# Possible solutions:
#   Reduce memory load on the system
#   Increase physical memory or swap space
#   Check if swap backing store is full
#   Decrease Java heap size (-Xmx/-Xms)
#   Decrease number of Java threads
#   Decrease Java thread stack sizes (-Xss)
#   Set larger code cache with -XX:ReservedCodeCacheSize=
#   JVM is running with Unscaled Compressed Oops mode in which the Java heap is
#     placed in the first 4GB address space. The Java Heap base address is the
#     maximum limit for the native heap growth. Please use -XX:HeapBaseMinAddress
#     to set the Java Heap base and to place the Java Heap above 4GB virtual address.
# This output file may be truncated or incomplete.
#
#  Out of Memory Error (arena.cpp:189), pid=12180, tid=5336
#
# JRE version: OpenJDK Runtime Environment (17.0.6) (build 17.0.6+0-b2043.56-9586694)
# Java VM: OpenJDK 64-Bit Server VM (17.0.6+0-b2043.56-9586694, mixed mode, tiered, compressed oops, compressed class ptrs, g1 gc, windows-amd64)
# No core dump will be written. Minidumps are not enabled by default on client versions of Windows
#

---------------  S U M M A R Y ------------

Command Line: --add-opens=java.base/java.util=ALL-UNNAMED --add-opens=java.base/java.lang=ALL-UNNAMED --add-opens=java.base/java.lang.invoke=ALL-UNNAMED --add-opens=java.prefs/java.util.prefs=ALL-UNNAMED --add-opens=java.base/java.nio.charset=ALL-UNNAMED --add-opens=java.base/java.net=ALL-UNNAMED --add-opens=java.base/java.util.concurrent.atomic=ALL-UNNAMED -Xmx2048m -Dfile.encoding=UTF-8 -Duser.country=US -Duser.language=en -Duser.variant org.gradle.launcher.daemon.bootstrap.GradleDaemon 8.0

Host: Intel(R) Core(TM) i7-8550U CPU @ 1.80GHz, 4 cores, 7G,  Windows 10 , 64 bit Build 19041 (10.0.19041.2788)
Time: Mon May  8 12:46:52 2023 Pakistan Standard Time elapsed time: 181.516937 seconds (0d 0h 3m 1s)

---------------  T H R E A D  ---------------

Current thread (0x000002287ac04160):  JavaThread "C2 CompilerThread0" daemon [_thread_in_native, id=5336, stack(0x00000048dde00000,0x00000048ddf00000)]


Current CompileTask:
C2: 181517 19713 %     4       com.android.tools.r8.ir.regalloc.b::a @ 1545 (1831 bytes)

Stack: [0x00000048dde00000,0x00000048ddf00000]
Native frames: (J=compiled Java code, j=interpreted, Vv=VM code, C=native code)
V  [jvm.dll+0x683b4a]
V  [jvm.dll+0x842654]
V  [jvm.dll+0x843dfe]
V  [jvm.dll+0x844463]
V  [jvm.dll+0x249b75]
V  [jvm.dll+0xabcac]
V  [jvm.dll+0xac27c]
V  [jvm.dll+0x368857]
V  [jvm.dll+0x1bd0b8]
V  [jvm.dll+0x21c359]
V  [jvm.dll+0x21b621]
V  [jvm.dll+0x1a4fdd]
V  [jvm.dll+0x22b098]
V  [jvm.dll+0x229159]
V  [jvm.dll+0x7f809c]
V  [jvm.dll+0x7f25fa]
V  [jvm.dll+0x682985]
C  [ucrtbase.dll+0x21bb2]
C  [KERNEL32.DLL+0x17604]
C  [ntdll.dll+0x526a1]


---------------  P R O C E S S  ---------------

Threads class SMR info:
_java_thread_list=0x0000022804e52540, length=100, elements={
0x0000022860cdacd0, 0x000002287a286940, 0x000002287a287940, 0x000002287a2d15b0,
0x000002287a2d31e0, 0x000002287a2d3aa0, 0x000002287ac02480, 0x000002287ac04160,
0x000002287ac08420, 0x000002287ac09910, 0x000002287ad80b20, 0x000002287ad97f10,
0x000002287bd67040, 0x000002287ba6e030, 0x000002287bf91080, 0x000002287c03b610,
0x000002287c2d7910, 0x000002287c6e77d0, 0x000002287c6e8170, 0x000002287c6e9e50,
0x000002287c6ea320, 0x000002287c6e94b0, 0x000002287c6e8fe0, 0x000002287bb6f580,
0x000002287bb6d8a0, 0x000002287bb703f0, 0x000002287bb6dd70, 0x000002287bb708c0,
0x000002287e9c6970, 0x000002287e606880, 0x000002287e603860, 0x000002287e6093d0,
0x000002287e605540, 0x000002287e605a10, 0x000002287e607220, 0x000002287e6063b0,
0x000002287e608090, 0x000002287e9c0e00, 0x000002287e9bf5f0, 0x000002287e9c17a0,
0x000002287e9bfac0, 0x000002287e9c5630, 0x000002287e9c5fd0, 0x000002287e9bff90,
0x000002287e9c47c0, 0x000002287e9c42f0, 0x000002287e9c64a0, 0x000002287e9c0460,
0x000002287e9c0930, 0x000002287e9c1c70, 0x00000228021a9d90, 0x00000228021a4bc0,
0x00000228021a5090, 0x00000228021a5560, 0x00000228021aac00, 0x00000228021aba70,
0x00000228021a5a30, 0x00000228021a68a0, 0x00000228021a7710, 0x00000228021abf40,
0x00000228021ab0d0, 0x00000228021a8580, 0x00000228021a7be0, 0x00000228021a8f20,
0x00000228021a5f00, 0x00000228021a93f0, 0x00000228021aa730, 0x00000228021a98c0,
0x00000228021ab5a0, 0x000002287bb6bbc0, 0x000002287bb69ee0, 0x000002287bb6d3d0,
0x000002287bb6c090, 0x000002287bb6a3b0, 0x000002287bb6c560, 0x000002287bb6e240,
0x000002287bb6ad50, 0x000002287bb69540, 0x000002287bb6e710, 0x000002287bb6a880,
0x000002287bb6b220, 0x000002287bb69070, 0x000002287bb6ebe0, 0x000002287bb69a10,
0x000002287bb6f0b0, 0x000002287bb6fa50, 0x000002287e6046d0, 0x000002287e6098a0,
0x000002287e602050, 0x000002287e602520, 0x000002287e6029f0, 0x000002287e605070,
0x000002287e606d50, 0x000002287c6ea7f0, 0x000002287c6e7ca0, 0x000002287c6e8640,
0x000002287c6eacc0, 0x000002287c6e8b10, 0x000002287e604200, 0x00000228071b6b30
}

Java Threads: ( => current thread )
  0x0000022860cdacd0 JavaThread "main" [_thread_blocked, id=8152, stack(0x00000048dd100000,0x00000048dd200000)]
  0x000002287a286940 JavaThread "Reference Handler" daemon [_thread_blocked, id=4052, stack(0x00000048dd800000,0x00000048dd900000)]
  0x000002287a287940 JavaThread "Finalizer" daemon [_thread_blocked, id=13072, stack(0x00000048dd900000,0x00000048dda00000)]
  0x000002287a2d15b0 JavaThread "Signal Dispatcher" daemon [_thread_blocked, id=14428, stack(0x00000048dda00000,0x00000048ddb00000)]
  0x000002287a2d31e0 JavaThread "Attach Listener" daemon [_thread_blocked, id=10284, stack(0x00000048ddb00000,0x00000048ddc00000)]
  0x000002287a2d3aa0 JavaThread "Service Thread" daemon [_thread_blocked, id=1980, stack(0x00000048ddc00000,0x00000048ddd00000)]
  0x000002287ac02480 JavaThread "Monitor Deflation Thread" daemon [_thread_blocked, id=2944, stack(0x00000048ddd00000,0x00000048dde00000)]
=>0x000002287ac04160 JavaThread "C2 CompilerThread0" daemon [_thread_in_native, id=5336, stack(0x00000048dde00000,0x00000048ddf00000)]
  0x000002287ac08420 JavaThread "C1 CompilerThread0" daemon [_thread_blocked, id=1628, stack(0x00000048ddf00000,0x00000048de000000)]
  0x000002287ac09910 JavaThread "Sweeper thread" daemon [_thread_blocked, id=3488, stack(0x00000048de000000,0x00000048de100000)]
  0x000002287ad80b20 JavaThread "Common-Cleaner" daemon [_thread_blocked, id=11276, stack(0x00000048de100000,0x00000048de200000)]
  0x000002287ad97f10 JavaThread "Notification Thread" daemon [_thread_blocked, id=6240, stack(0x00000048de200000,0x00000048de300000)]
  0x000002287bd67040 JavaThread "Daemon health stats" [_thread_blocked, id=15116, stack(0x00000048de700000,0x00000048de800000)]
  0x000002287ba6e030 JavaThread "Incoming local TCP Connector on port 49770" [_thread_in_native, id=1316, stack(0x00000048de800000,0x00000048de900000)]
  0x000002287bf91080 JavaThread "Daemon periodic checks" [_thread_blocked, id=11624, stack(0x00000048de900000,0x00000048dea00000)]
  0x000002287c03b610 JavaThread "Daemon" [_thread_blocked, id=7780, stack(0x00000048dea00000,0x00000048deb00000)]
  0x000002287c2d7910 JavaThread "Daemon worker" [_thread_blocked, id=13692, stack(0x00000048ded00000,0x00000048dee00000)]
  0x000002287c6e77d0 JavaThread "Cache worker for journal cache (C:\Users\aliha\.gradle\caches\journal-1)" [_thread_blocked, id=6716, stack(0x00000048df100000,0x00000048df200000)]
  0x000002287c6e8170 JavaThread "File lock request listener" [_thread_in_native, id=216, stack(0x00000048df200000,0x00000048df300000)]
  0x000002287c6e9e50 JavaThread "Cache worker for file hash cache (C:\Users\aliha\.gradle\caches\8.0\fileHashes)" [_thread_blocked, id=13820, stack(0x00000048df300000,0x00000048df400000)]
  0x000002287c6ea320 JavaThread "File watcher server" daemon [_thread_in_native, id=6956, stack(0x00000048df400000,0x00000048df500000)]
  0x000002287c6e94b0 JavaThread "File watcher consumer" daemon [_thread_blocked, id=10112, stack(0x00000048df500000,0x00000048df600000)]
  0x000002287c6e8fe0 JavaThread "Cache worker for file content cache (C:\Users\aliha\.gradle\caches\8.0\fileContent)" [_thread_blocked, id=13452, stack(0x00000048df800000,0x00000048df900000)]
  0x000002287bb6f580 JavaThread "Cache worker for execution history cache (C:\Users\aliha\.gradle\caches\8.0\executionHistory)" [_thread_blocked, id=14680, stack(0x00000048dfb00000,0x00000048dfc00000)]
  0x000002287bb6d8a0 JavaThread "jar transforms" [_thread_blocked, id=11284, stack(0x00000048dfc00000,0x00000048dfd00000)]
  0x000002287bb703f0 JavaThread "jar transforms Thread 2" [_thread_blocked, id=10148, stack(0x00000048dfd00000,0x00000048dfe00000)]
  0x000002287bb6dd70 JavaThread "jar transforms Thread 3" [_thread_blocked, id=7688, stack(0x00000048dff00000,0x00000048e0000000)]
  0x000002287bb708c0 JavaThread "jar transforms Thread 4" [_thread_blocked, id=14804, stack(0x00000048e0000000,0x00000048e0100000)]
  0x000002287e9c6970 JavaThread "Memory manager" [_thread_blocked, id=1792, stack(0x00000048e2d00000,0x00000048e2e00000)]
  0x000002287e606880 JavaThread "RMI Scheduler(0)" daemon [_thread_blocked, id=7612, stack(0x00000048e0100000,0x00000048e0200000)]
  0x000002287e603860 JavaThread "RMI GC Daemon" daemon [_thread_blocked, id=9156, stack(0x00000048e3600000,0x00000048e3700000)]
  0x000002287e6093d0 JavaThread "RMI TCP Accept-0" daemon [_thread_in_native, id=11836, stack(0x00000048e3700000,0x00000048e3800000)]
  0x000002287e605540 JavaThread "RMI Reaper" [_thread_blocked, id=6404, stack(0x00000048e3800000,0x00000048e3900000)]
  0x000002287e605a10 JavaThread "RMI TCP Connection(3)-127.0.0.1" daemon [_thread_in_native, id=14528, stack(0x00000048e3900000,0x00000048e3a00000)]
  0x000002287e607220 JavaThread "Cache worker for Java compile cache (C:\Users\aliha\.gradle\caches\8.0\javaCompile)" [_thread_blocked, id=11780, stack(0x00000048e2e00000,0x00000048e2f00000)]
  0x000002287e6063b0 JavaThread "ForkJoinPool.commonPool-worker-2" daemon [_thread_blocked, id=14064, stack(0x00000048e4300000,0x00000048e4400000)]
  0x000002287e608090 JavaThread "ForkJoinPool.commonPool-worker-3" daemon [_thread_blocked, id=12252, stack(0x00000048e4400000,0x00000048e4500000)]
  0x000002287e9c0e00 JavaThread "Handler for socket connection from /127.0.0.1:49770 to /127.0.0.1:49920" [_thread_in_native, id=3256, stack(0x00000048dce00000,0x00000048dcf00000)]
  0x000002287e9bf5f0 JavaThread "Cancel handler" [_thread_blocked, id=7468, stack(0x00000048dcf00000,0x00000048dd000000)]
  0x000002287e9c17a0 JavaThread "Asynchronous log dispatcher for DefaultDaemonConnection: socket connection from /127.0.0.1:49770 to /127.0.0.1:49920" [_thread_blocked, id=7972, stack(0x00000048dd000000,0x00000048dd100000)]
  0x000002287e9bfac0 JavaThread "Stdin handler" [_thread_blocked, id=6964, stack(0x00000048deb00000,0x00000048dec00000)]
  0x000002287e9c5630 JavaThread "Daemon client event forwarder" [_thread_blocked, id=1544, stack(0x00000048dec00000,0x00000048ded00000)]
  0x000002287e9c5fd0 JavaThread "Cache worker for checksums cache (D:\Personal\android\final_year_project\.gradle\8.0\checksums)" [_thread_blocked, id=14964, stack(0x00000048dee00000,0x00000048def00000)]
  0x000002287e9bff90 JavaThread "Cache worker for cache directory md-rule (C:\Users\aliha\.gradle\caches\8.0\md-rule)" [_thread_blocked, id=8064, stack(0x00000048def00000,0x00000048df000000)]
  0x000002287e9c47c0 JavaThread "Cache worker for file hash cache (D:\Personal\android\final_year_project\.gradle\8.0\fileHashes)" [_thread_blocked, id=8312, stack(0x00000048df000000,0x00000048df100000)]
  0x000002287e9c42f0 JavaThread "Cache worker for cache directory md-supplier (C:\Users\aliha\.gradle\caches\8.0\md-supplier)" [_thread_blocked, id=2792, stack(0x00000048df600000,0x00000048df700000)]
  0x000002287e9c64a0 JavaThread "Cache worker for dependencies-accessors (D:\Personal\android\final_year_project\.gradle\8.0\dependencies-accessors)" [_thread_blocked, id=5472, stack(0x00000048df700000,0x00000048df800000)]
  0x000002287e9c0460 JavaThread "Cache worker for Build Output Cleanup Cache (D:\Personal\android\final_year_project\.gradle\buildOutputCleanup)" [_thread_blocked, id=2640, stack(0x00000048df900000,0x00000048dfa00000)]
  0x000002287e9c0930 JavaThread "Unconstrained build operations" [_thread_blocked, id=7052, stack(0x00000048dfa00000,0x00000048dfb00000)]
  0x000002287e9c1c70 JavaThread "Unconstrained build operations Thread 2" [_thread_blocked, id=4136, stack(0x00000048e0200000,0x00000048e0300000)]
  0x00000228021a9d90 JavaThread "Unconstrained build operations Thread 3" [_thread_blocked, id=10128, stack(0x00000048e0400000,0x00000048e0500000)]
  0x00000228021a4bc0 JavaThread "Unconstrained build operations Thread 4" [_thread_blocked, id=3448, stack(0x00000048e0500000,0x00000048e0600000)]
  0x00000228021a5090 JavaThread "Unconstrained build operations Thread 5" [_thread_blocked, id=11548, stack(0x00000048e0600000,0x00000048e0700000)]
  0x00000228021a5560 JavaThread "Unconstrained build operations Thread 6" [_thread_blocked, id=1524, stack(0x00000048e0700000,0x00000048e0800000)]
  0x00000228021aac00 JavaThread "Unconstrained build operations Thread 7" [_thread_blocked, id=12676, stack(0x00000048e0800000,0x00000048e0900000)]
  0x00000228021aba70 JavaThread "Unconstrained build operations Thread 8" [_thread_blocked, id=11668, stack(0x00000048e0900000,0x00000048e0a00000)]
  0x00000228021a5a30 JavaThread "Unconstrained build operations Thread 9" [_thread_blocked, id=12224, stack(0x00000048e0a00000,0x00000048e0b00000)]
  0x00000228021a68a0 JavaThread "Unconstrained build operations Thread 10" [_thread_blocked, id=3276, stack(0x00000048e0b00000,0x00000048e0c00000)]
  0x00000228021a7710 JavaThread "Unconstrained build operations Thread 11" [_thread_blocked, id=12752, stack(0x00000048e0c00000,0x00000048e0d00000)]
  0x00000228021abf40 JavaThread "Unconstrained build operations Thread 12" [_thread_blocked, id=14852, stack(0x00000048e0d00000,0x00000048e0e00000)]
  0x00000228021ab0d0 JavaThread "Unconstrained build operations Thread 13" [_thread_blocked, id=13584, stack(0x00000048e0e00000,0x00000048e0f00000)]
  0x00000228021a8580 JavaThread "Unconstrained build operations Thread 14" [_thread_blocked, id=1080, stack(0x00000048e0f00000,0x00000048e1000000)]
  0x00000228021a7be0 JavaThread "Unconstrained build operations Thread 15" [_thread_blocked, id=14920, stack(0x00000048e1000000,0x00000048e1100000)]
  0x00000228021a8f20 JavaThread "Unconstrained build operations Thread 16" [_thread_blocked, id=1032, stack(0x00000048e1100000,0x00000048e1200000)]
  0x00000228021a5f00 JavaThread "Unconstrained build operations Thread 17" [_thread_blocked, id=13516, stack(0x00000048e1200000,0x00000048e1300000)]
  0x00000228021a93f0 JavaThread "Unconstrained build operations Thread 18" [_thread_blocked, id=8532, stack(0x00000048e1300000,0x00000048e1400000)]
  0x00000228021aa730 JavaThread "Unconstrained build operations Thread 19" [_thread_blocked, id=276, stack(0x00000048e1400000,0x00000048e1500000)]
  0x00000228021a98c0 JavaThread "Unconstrained build operations Thread 20" [_thread_blocked, id=11920, stack(0x00000048e1500000,0x00000048e1600000)]
  0x00000228021ab5a0 JavaThread "Unconstrained build operations Thread 21" [_thread_blocked, id=1560, stack(0x00000048e1600000,0x00000048e1700000)]
  0x000002287bb6bbc0 JavaThread "Unconstrained build operations Thread 22" [_thread_blocked, id=696, stack(0x00000048e1700000,0x00000048e1800000)]
  0x000002287bb69ee0 JavaThread "Unconstrained build operations Thread 23" [_thread_blocked, id=8888, stack(0x00000048e1800000,0x00000048e1900000)]
  0x000002287bb6d3d0 JavaThread "Unconstrained build operations Thread 24" [_thread_blocked, id=13388, stack(0x00000048e1900000,0x00000048e1a00000)]
  0x000002287bb6c090 JavaThread "Unconstrained build operations Thread 25" [_thread_blocked, id=2660, stack(0x00000048e1a00000,0x00000048e1b00000)]
  0x000002287bb6a3b0 JavaThread "Unconstrained build operations Thread 26" [_thread_blocked, id=14076, stack(0x00000048e1b00000,0x00000048e1c00000)]
  0x000002287bb6c560 JavaThread "Unconstrained build operations Thread 27" [_thread_blocked, id=3308, stack(0x00000048e1c00000,0x00000048e1d00000)]
  0x000002287bb6e240 JavaThread "Unconstrained build operations Thread 28" [_thread_blocked, id=1944, stack(0x00000048e1d00000,0x00000048e1e00000)]
  0x000002287bb6ad50 JavaThread "Unconstrained build operations Thread 29" [_thread_blocked, id=4788, stack(0x00000048e1e00000,0x00000048e1f00000)]
  0x000002287bb69540 JavaThread "Unconstrained build operations Thread 30" [_thread_blocked, id=7988, stack(0x00000048e1f00000,0x00000048e2000000)]
  0x000002287bb6e710 JavaThread "Unconstrained build operations Thread 31" [_thread_blocked, id=14960, stack(0x00000048e2000000,0x00000048e2100000)]
  0x000002287bb6a880 JavaThread "Unconstrained build operations Thread 32" [_thread_blocked, id=13968, stack(0x00000048e2100000,0x00000048e2200000)]
  0x000002287bb6b220 JavaThread "Unconstrained build operations Thread 33" [_thread_blocked, id=12640, stack(0x00000048e2200000,0x00000048e2300000)]
  0x000002287bb69070 JavaThread "Unconstrained build operations Thread 34" [_thread_blocked, id=8844, stack(0x00000048e2300000,0x00000048e2400000)]
  0x000002287bb6ebe0 JavaThread "Unconstrained build operations Thread 35" [_thread_blocked, id=15260, stack(0x00000048e2400000,0x00000048e2500000)]
  0x000002287bb69a10 JavaThread "Unconstrained build operations Thread 36" [_thread_blocked, id=13008, stack(0x00000048e2500000,0x00000048e2600000)]
  0x000002287bb6f0b0 JavaThread "Unconstrained build operations Thread 37" [_thread_blocked, id=5544, stack(0x00000048e2600000,0x00000048e2700000)]
  0x000002287bb6fa50 JavaThread "Unconstrained build operations Thread 38" [_thread_blocked, id=7868, stack(0x00000048e2700000,0x00000048e2800000)]
  0x000002287e6046d0 JavaThread "Unconstrained build operations Thread 39" [_thread_blocked, id=10460, stack(0x00000048e2800000,0x00000048e2900000)]
  0x000002287e6098a0 JavaThread "Unconstrained build operations Thread 40" [_thread_blocked, id=5504, stack(0x00000048e2900000,0x00000048e2a00000)]
  0x000002287e602050 JavaThread "build event listener" [_thread_blocked, id=3732, stack(0x00000048e2a00000,0x00000048e2b00000)]
  0x000002287e602520 JavaThread "included builds" [_thread_blocked, id=11816, stack(0x00000048e2b00000,0x00000048e2c00000)]
  0x000002287e6029f0 JavaThread "Execution worker" [_thread_blocked, id=8080, stack(0x00000048e2f00000,0x00000048e3000000)]
  0x000002287e605070 JavaThread "Execution worker Thread 2" [_thread_blocked, id=3024, stack(0x00000048e3000000,0x00000048e3100000)]
  0x000002287e606d50 JavaThread "Execution worker Thread 3" [_thread_blocked, id=6560, stack(0x00000048e3100000,0x00000048e3200000)]
  0x000002287c6ea7f0 JavaThread "Cache worker for execution history cache (D:\Personal\android\final_year_project\.gradle\8.0\executionHistory)" [_thread_blocked, id=9904, stack(0x00000048e3200000,0x00000048e3300000)]
  0x000002287c6e7ca0 JavaThread "WorkerExecutor Queue" [_thread_in_Java, id=6076, stack(0x00000048e3300000,0x00000048e3400000)]
  0x000002287c6e8640 JavaThread "RMI RenewClean-[127.0.0.1:17919,org.jetbrains.kotlin.daemon.common.LoopbackNetworkInterface$ClientLoopbackSocketFactory@a75c77b]" daemon [_thread_blocked, id=7724, stack(0x00000048e3400000,0x00000048e3500000)]
  0x000002287c6eacc0 JavaThread "WorkerExecutor Queue Thread 2" [_thread_blocked, id=9480, stack(0x00000048e3500000,0x00000048e3600000)]
  0x000002287c6e8b10 JavaThread "WorkerExecutor Queue Thread 4" [_thread_blocked, id=7516, stack(0x00000048e3b00000,0x00000048e3c00000)]
  0x000002287e604200 JavaThread "WorkerExecutor Queue Thread 5" [_thread_blocked, id=9544, stack(0x00000048e3c00000,0x00000048e3d00000)]
  0x00000228071b6b30 JavaThread "ForkJoinPool.commonPool-worker-4" daemon [_thread_blocked, id=13148, stack(0x00000048e2c00000,0x00000048e2d00000)]

Other Threads:
  0x000002287a281380 VMThread "VM Thread" [stack: 0x00000048dd700000,0x00000048dd800000] [id=6632]
  0x000002287a29be20 WatcherThread [stack: 0x00000048de300000,0x00000048de400000] [id=15156]
  0x0000022860d38130 GCTaskThread "GC Thread#0" [stack: 0x00000048dd200000,0x00000048dd300000] [id=8856]
  0x000002287b128fe0 GCTaskThread "GC Thread#1" [stack: 0x00000048de400000,0x00000048de500000] [id=10772]
  0x000002287b32c3f0 GCTaskThread "GC Thread#2" [stack: 0x00000048de500000,0x00000048de600000] [id=6820]
  0x000002287b6b7850 GCTaskThread "GC Thread#3" [stack: 0x00000048de600000,0x00000048de700000] [id=4148]
  0x0000022860d49720 ConcurrentGCThread "G1 Main Marker" [stack: 0x00000048dd300000,0x00000048dd400000] [id=14608]
  0x0000022860d4b050 ConcurrentGCThread "G1 Conc#0" [stack: 0x00000048dd400000,0x00000048dd500000] [id=14348]
  0x0000022860dae460 ConcurrentGCThread "G1 Refine#0" [stack: 0x00000048dd500000,0x00000048dd600000] [id=8916]
  0x000002287bc2cc60 ConcurrentGCThread "G1 Refine#1" [stack: 0x00000048dfe00000,0x00000048dff00000] [id=13108]
  0x000002287a0f30b0 ConcurrentGCThread "G1 Service" [stack: 0x00000048dd600000,0x00000048dd700000] [id=14748]

Threads with active compile tasks:
C2 CompilerThread0   181591 19713 %     4       com.android.tools.r8.ir.regalloc.b::a @ 1545 (1831 bytes)
C1 CompilerThread0   181591 20176       2       org.gradle.internal.resources.TaskExecutionLock::canAcquire (26 bytes)

VM state: not at safepoint (normal execution)

VM Mutex/Monitor currently owned by a thread: None

Heap address: 0x0000000080000000, size: 2048 MB, Compressed Oops mode: 32-bit

CDS archive(s) not mapped
Compressed class space mapped at: 0x0000000100000000-0x0000000140000000, reserved size: 1073741824
Narrow klass base: 0x0000000000000000, Narrow klass shift: 3, Narrow klass range: 0x140000000

GC Precious Log:
 CPUs: 4 total, 4 available
 Memory: 8046M
 Large Page Support: Disabled
 NUMA Support: Disabled
 Compressed Oops: Enabled (32-bit)
 Heap Region Size: 1M
 Heap Min Capacity: 8M
 Heap Initial Capacity: 126M
 Heap Max Capacity: 2G
 Pre-touch: Disabled
 Parallel Workers: 4
 Concurrent Workers: 1
 Concurrent Refinement Workers: 4
 Periodic GC: Disabled

Heap:
 garbage-first heap   total 249856K, used 147436K [0x0000000080000000, 0x0000000100000000)
  region size 1024K, 4 young (4096K), 1 survivors (1024K)
 Metaspace       used 127185K, committed 128064K, reserved 1163264K
  class space    used 17167K, committed 17600K, reserved 1048576K

Heap Regions: E=young(eden), S=young(survivor), O=old, HS=humongous(starts), HC=humongous(continues), CS=collection set, F=free, OA=open archive, CA=closed archive, TAMS=top-at-mark-start (previous, next)
|   0|0x0000000080000000, 0x0000000080100000, 0x0000000080100000|100%| O|  |TAMS 0x0000000080100000, 0x0000000080000000| Untracked 
|   1|0x0000000080100000, 0x0000000080200000, 0x0000000080200000|100%| O|  |TAMS 0x0000000080200000, 0x0000000080100000| Untracked 
|   2|0x0000000080200000, 0x0000000080300000, 0x0000000080300000|100%|HS|  |TAMS 0x0000000080300000, 0x0000000080200000| Complete 
|   3|0x0000000080300000, 0x0000000080400000, 0x0000000080400000|100%|HC|  |TAMS 0x0000000080400000, 0x0000000080300000| Complete 
|   4|0x0000000080400000, 0x0000000080500000, 0x0000000080500000|100%|HC|  |TAMS 0x0000000080500000, 0x0000000080400000| Complete 
|   5|0x0000000080500000, 0x0000000080600000, 0x0000000080600000|100%|HC|  |TAMS 0x0000000080600000, 0x0000000080500000| Complete 
|   6|0x0000000080600000, 0x0000000080700000, 0x0000000080700000|100%| O|  |TAMS 0x0000000080700000, 0x0000000080600000| Untracked 
|   7|0x0000000080700000, 0x0000000080800000, 0x0000000080800000|100%| O|  |TAMS 0x0000000080800000, 0x0000000080700000| Untracked 
|   8|0x0000000080800000, 0x0000000080900000, 0x0000000080900000|100%| O|  |TAMS 0x0000000080900000, 0x0000000080800000| Untracked 
|   9|0x0000000080900000, 0x0000000080a00000, 0x0000000080a00000|100%| O|  |TAMS 0x0000000080a00000, 0x0000000080900000| Untracked 
|  10|0x0000000080a00000, 0x0000000080b00000, 0x0000000080b00000|100%| O|  |TAMS 0x0000000080b00000, 0x0000000080a00000| Untracked 
|  11|0x0000000080b00000, 0x0000000080c00000, 0x0000000080c00000|100%| O|  |TAMS 0x0000000080c00000, 0x0000000080b00000| Untracked 
|  12|0x0000000080c00000, 0x0000000080d00000, 0x0000000080d00000|100%| O|  |TAMS 0x0000000080d00000, 0x0000000080c00000| Untracked 
|  13|0x0000000080d00000, 0x0000000080e00000, 0x0000000080e00000|100%| O|  |TAMS 0x0000000080e00000, 0x0000000080d00000| Untracked 
|  14|0x0000000080e00000, 0x0000000080f00000, 0x0000000080f00000|100%| O|  |TAMS 0x0000000080f00000, 0x0000000080e00000| Untracked 
|  15|0x0000000080f00000, 0x0000000081000000, 0x0000000081000000|100%| O|  |TAMS 0x0000000081000000, 0x0000000080f00000| Untracked 
|  16|0x0000000081000000, 0x0000000081100000, 0x0000000081100000|100%| O|  |TAMS 0x0000000081100000, 0x0000000081000000| Untracked 
|  17|0x0000000081100000, 0x0000000081200000, 0x0000000081200000|100%| O|  |TAMS 0x0000000081200000, 0x0000000081100000| Untracked 
|  18|0x0000000081200000, 0x0000000081300000, 0x0000000081300000|100%| O|  |TAMS 0x0000000081300000, 0x0000000081200000| Untracked 
|  19|0x0000000081300000, 0x0000000081400000, 0x0000000081400000|100%| O|  |TAMS 0x0000000081400000, 0x0000000081300000| Untracked 
|  20|0x0000000081400000, 0x0000000081500000, 0x0000000081500000|100%| O|  |TAMS 0x0000000081500000, 0x0000000081400000| Untracked 
|  21|0x0000000081500000, 0x0000000081600000, 0x0000000081600000|100%| O|  |TAMS 0x0000000081600000, 0x0000000081500000| Untracked 
|  22|0x0000000081600000, 0x0000000081700000, 0x0000000081700000|100%| O|  |TAMS 0x0000000081700000, 0x0000000081600000| Untracked 
|  23|0x0000000081700000, 0x0000000081800000, 0x0000000081800000|100%| O|  |TAMS 0x0000000081800000, 0x0000000081700000| Untracked 
|  24|0x0000000081800000, 0x0000000081900000, 0x0000000081900000|100%| O|  |TAMS 0x0000000081900000, 0x0000000081800000| Untracked 
|  25|0x0000000081900000, 0x0000000081a00000, 0x0000000081a00000|100%| O|  |TAMS 0x0000000081a00000, 0x0000000081900000| Untracked 
|  26|0x0000000081a00000, 0x0000000081b00000, 0x0000000081b00000|100%| O|  |TAMS 0x0000000081b00000, 0x0000000081a00000| Untracked 
|  27|0x0000000081b00000, 0x0000000081c00000, 0x0000000081c00000|100%| O|  |TAMS 0x0000000081c00000, 0x0000000081b00000| Untracked 
|  28|0x0000000081c00000, 0x0000000081d00000, 0x0000000081d00000|100%| O|  |TAMS 0x0000000081d00000, 0x0000000081c00000| Untracked 
|  29|0x0000000081d00000, 0x0000000081e00000, 0x0000000081e00000|100%| O|  |TAMS 0x0000000081e00000, 0x0000000081d00000| Untracked 
|  30|0x0000000081e00000, 0x0000000081f00000, 0x0000000081f00000|100%| O|  |TAMS 0x0000000081f00000, 0x0000000081e00000| Untracked 
|  31|0x0000000081f00000, 0x0000000082000000, 0x0000000082000000|100%| O|  |TAMS 0x0000000082000000, 0x0000000081f00000| Untracked 
|  32|0x0000000082000000, 0x0000000082100000, 0x0000000082100000|100%| O|  |TAMS 0x0000000082100000, 0x0000000082000000| Untracked 
|  33|0x0000000082100000, 0x0000000082200000, 0x0000000082200000|100%| O|  |TAMS 0x0000000082200000, 0x0000000082100000| Untracked 
|  34|0x0000000082200000, 0x0000000082300000, 0x0000000082300000|100%| O|  |TAMS 0x0000000082300000, 0x0000000082200000| Untracked 
|  35|0x0000000082300000, 0x0000000082300000, 0x0000000082400000|  0%| F|  |TAMS 0x0000000082300000, 0x0000000082300000| Untracked 
|  36|0x0000000082400000, 0x0000000082500000, 0x0000000082500000|100%| O|  |TAMS 0x0000000082500000, 0x0000000082400000| Untracked 
|  37|0x0000000082500000, 0x0000000082600000, 0x0000000082600000|100%| O|  |TAMS 0x0000000082600000, 0x0000000082500000| Untracked 
|  38|0x0000000082600000, 0x0000000082700000, 0x0000000082700000|100%| O|  |TAMS 0x0000000082700000, 0x0000000082600000| Untracked 
|  39|0x0000000082700000, 0x0000000082800000, 0x0000000082800000|100%|HS|  |TAMS 0x0000000082800000, 0x0000000082700000| Complete 
|  40|0x0000000082800000, 0x0000000082900000, 0x0000000082900000|100%|HS|  |TAMS 0x0000000082900000, 0x0000000082800000| Complete 
|  41|0x0000000082900000, 0x0000000082a00000, 0x0000000082a00000|100%|HS|  |TAMS 0x0000000082a00000, 0x0000000082900000| Complete 
|  42|0x0000000082a00000, 0x0000000082b00000, 0x0000000082b00000|100%| O|  |TAMS 0x0000000082b00000, 0x0000000082a00000| Untracked 
|  43|0x0000000082b00000, 0x0000000082c00000, 0x0000000082c00000|100%| O|  |TAMS 0x0000000082c00000, 0x0000000082b00000| Untracked 
|  44|0x0000000082c00000, 0x0000000082d00000, 0x0000000082d00000|100%|HS|  |TAMS 0x0000000082d00000, 0x0000000082c00000| Complete 
|  45|0x0000000082d00000, 0x0000000082e00000, 0x0000000082e00000|100%|HC|  |TAMS 0x0000000082e00000, 0x0000000082d00000| Complete 
|  46|0x0000000082e00000, 0x0000000082f00000, 0x0000000082f00000|100%|HC|  |TAMS 0x0000000082f00000, 0x0000000082e00000| Complete 
|  47|0x0000000082f00000, 0x0000000083000000, 0x0000000083000000|100%| O|  |TAMS 0x0000000083000000, 0x0000000082f00000| Untracked 
|  48|0x0000000083000000, 0x0000000083100000, 0x0000000083100000|100%| O|  |TAMS 0x0000000083100000, 0x0000000083000000| Untracked 
|  49|0x0000000083100000, 0x0000000083200000, 0x0000000083200000|100%| O|  |TAMS 0x0000000083200000, 0x0000000083100000| Untracked 
|  50|0x0000000083200000, 0x0000000083300000, 0x0000000083300000|100%| O|  |TAMS 0x0000000083300000, 0x0000000083200000| Untracked 
|  51|0x0000000083300000, 0x0000000083400000, 0x0000000083400000|100%| O|  |TAMS 0x0000000083400000, 0x0000000083300000| Untracked 
|  52|0x0000000083400000, 0x0000000083500000, 0x0000000083500000|100%| O|  |TAMS 0x0000000083500000, 0x0000000083400000| Untracked 
|  53|0x0000000083500000, 0x0000000083600000, 0x0000000083600000|100%| O|  |TAMS 0x0000000083600000, 0x0000000083500000| Untracked 
|  54|0x0000000083600000, 0x0000000083700000, 0x0000000083700000|100%| O|  |TAMS 0x0000000083700000, 0x0000000083600000| Untracked 
|  55|0x0000000083700000, 0x0000000083700000, 0x0000000083800000|  0%| F|  |TAMS 0x0000000083700000, 0x0000000083700000| Untracked 
|  56|0x0000000083800000, 0x0000000083900000, 0x0000000083900000|100%| O|  |TAMS 0x0000000083900000, 0x0000000083800000| Untracked 
|  57|0x0000000083900000, 0x0000000083a00000, 0x0000000083a00000|100%| O|  |TAMS 0x0000000083a00000, 0x0000000083900000| Untracked 
|  58|0x0000000083a00000, 0x0000000083b00000, 0x0000000083b00000|100%| O|  |TAMS 0x0000000083b00000, 0x0000000083a00000| Untracked 
|  59|0x0000000083b00000, 0x0000000083b00000, 0x0000000083c00000|  0%| F|  |TAMS 0x0000000083b00000, 0x0000000083b00000| Untracked 
|  60|0x0000000083c00000, 0x0000000083d00000, 0x0000000083d00000|100%| O|  |TAMS 0x0000000083d00000, 0x0000000083c00000| Untracked 
|  61|0x0000000083d00000, 0x0000000083e00000, 0x0000000083e00000|100%| O|  |TAMS 0x0000000083e00000, 0x0000000083d00000| Untracked 
|  62|0x0000000083e00000, 0x0000000083f00000, 0x0000000083f00000|100%| O|  |TAMS 0x0000000083f00000, 0x0000000083e00000| Untracked 
|  63|0x0000000083f00000, 0x0000000084000000, 0x0000000084000000|100%| O|  |TAMS 0x0000000084000000, 0x0000000083f00000| Untracked 
|  64|0x0000000084000000, 0x0000000084100000, 0x0000000084100000|100%| O|  |TAMS 0x0000000084100000, 0x0000000084000000| Untracked 
|  65|0x0000000084100000, 0x0000000084200000, 0x0000000084200000|100%| O|  |TAMS 0x0000000084200000, 0x0000000084100000| Untracked 
|  66|0x0000000084200000, 0x0000000084300000, 0x0000000084300000|100%| O|  |TAMS 0x0000000084300000, 0x0000000084200000| Untracked 
|  67|0x0000000084300000, 0x0000000084400000, 0x0000000084400000|100%| O|  |TAMS 0x0000000084400000, 0x0000000084300000| Untracked 
|  68|0x0000000084400000, 0x0000000084500000, 0x0000000084500000|100%| O|  |TAMS 0x0000000084500000, 0x0000000084400000| Untracked 
|  69|0x0000000084500000, 0x0000000084600000, 0x0000000084600000|100%| O|  |TAMS 0x0000000084600000, 0x0000000084500000| Untracked 
|  70|0x0000000084600000, 0x0000000084700000, 0x0000000084700000|100%| O|  |TAMS 0x0000000084700000, 0x0000000084600000| Untracked 
|  71|0x0000000084700000, 0x0000000084800000, 0x0000000084800000|100%| O|  |TAMS 0x0000000084800000, 0x0000000084700000| Untracked 
|  72|0x0000000084800000, 0x0000000084900000, 0x0000000084900000|100%| O|  |TAMS 0x0000000084900000, 0x0000000084800000| Untracked 
|  73|0x0000000084900000, 0x0000000084a00000, 0x0000000084a00000|100%| O|  |TAMS 0x0000000084a00000, 0x0000000084900000| Untracked 
|  74|0x0000000084a00000, 0x0000000084b00000, 0x0000000084b00000|100%| O|  |TAMS 0x0000000084b00000, 0x0000000084a00000| Untracked 
|  75|0x0000000084b00000, 0x0000000084c00000, 0x0000000084c00000|100%| O|  |TAMS 0x0000000084c00000, 0x0000000084b00000| Untracked 
|  76|0x0000000084c00000, 0x0000000084d00000, 0x0000000084d00000|100%| O|  |TAMS 0x0000000084d00000, 0x0000000084c00000| Untracked 
|  77|0x0000000084d00000, 0x0000000084e00000, 0x0000000084e00000|100%| O|  |TAMS 0x0000000084e00000, 0x0000000084d00000| Untracked 
|  78|0x0000000084e00000, 0x0000000084f00000, 0x0000000084f00000|100%| O|  |TAMS 0x0000000084f00000, 0x0000000084e00000| Untracked 
|  79|0x0000000084f00000, 0x0000000085000000, 0x0000000085000000|100%| O|  |TAMS 0x0000000085000000, 0x0000000084f00000| Untracked 
|  80|0x0000000085000000, 0x0000000085100000, 0x0000000085100000|100%| O|  |TAMS 0x0000000085100000, 0x0000000085000000| Untracked 
|  81|0x0000000085100000, 0x0000000085200000, 0x0000000085200000|100%| O|  |TAMS 0x0000000085200000, 0x0000000085100000| Untracked 
|  82|0x0000000085200000, 0x0000000085300000, 0x0000000085300000|100%| O|  |TAMS 0x0000000085300000, 0x0000000085200000| Untracked 
|  83|0x0000000085300000, 0x0000000085400000, 0x0000000085400000|100%| O|  |TAMS 0x0000000085400000, 0x0000000085300000| Untracked 
|  84|0x0000000085400000, 0x0000000085500000, 0x0000000085500000|100%| O|  |TAMS 0x0000000085500000, 0x0000000085400000| Untracked 
|  85|0x0000000085500000, 0x0000000085600000, 0x0000000085600000|100%| O|  |TAMS 0x0000000085600000, 0x0000000085500000| Untracked 
|  86|0x0000000085600000, 0x0000000085700000, 0x0000000085700000|100%| O|  |TAMS 0x0000000085700000, 0x0000000085600000| Untracked 
|  87|0x0000000085700000, 0x0000000085800000, 0x0000000085800000|100%| O|  |TAMS 0x0000000085800000, 0x0000000085700000| Untracked 
|  88|0x0000000085800000, 0x0000000085900000, 0x0000000085900000|100%| O|  |TAMS 0x0000000085900000, 0x0000000085800000| Untracked 
|  89|0x0000000085900000, 0x0000000085900000, 0x0000000085a00000|  0%| F|  |TAMS 0x0000000085900000, 0x0000000085900000| Untracked 
|  90|0x0000000085a00000, 0x0000000085b00000, 0x0000000085b00000|100%| O|  |TAMS 0x0000000085b00000, 0x0000000085a00000| Untracked 
|  91|0x0000000085b00000, 0x0000000085c00000, 0x0000000085c00000|100%| O|  |TAMS 0x0000000085c00000, 0x0000000085b00000| Untracked 
|  92|0x0000000085c00000, 0x0000000085d00000, 0x0000000085d00000|100%| O|  |TAMS 0x0000000085d00000, 0x0000000085c00000| Untracked 
|  93|0x0000000085d00000, 0x0000000085e00000, 0x0000000085e00000|100%| O|  |TAMS 0x0000000085e00000, 0x0000000085d00000| Untracked 
|  94|0x0000000085e00000, 0x0000000085f00000, 0x0000000085f00000|100%| O|  |TAMS 0x0000000085f00000, 0x0000000085e00000| Untracked 
|  95|0x0000000085f00000, 0x0000000086000000, 0x0000000086000000|100%| O|  |TAMS 0x0000000086000000, 0x0000000085f00000| Untracked 
|  96|0x0000000086000000, 0x0000000086000000, 0x0000000086100000|  0%| F|  |TAMS 0x0000000086000000, 0x0000000086000000| Untracked 
|  97|0x0000000086100000, 0x0000000086200000, 0x0000000086200000|100%| O|  |TAMS 0x0000000086200000, 0x0000000086100000| Untracked 
|  98|0x0000000086200000, 0x0000000086300000, 0x0000000086300000|100%| O|  |TAMS 0x0000000086300000, 0x0000000086200000| Untracked 
|  99|0x0000000086300000, 0x0000000086300000, 0x0000000086400000|  0%| F|  |TAMS 0x0000000086300000, 0x0000000086300000| Untracked 
| 100|0x0000000086400000, 0x0000000086500000, 0x0000000086500000|100%| O|  |TAMS 0x0000000086500000, 0x0000000086400000| Untracked 
| 101|0x0000000086500000, 0x0000000086600000, 0x0000000086600000|100%| O|  |TAMS 0x0000000086600000, 0x0000000086500000| Untracked 
| 102|0x0000000086600000, 0x0000000086700000, 0x0000000086700000|100%| O|  |TAMS 0x0000000086700000, 0x0000000086600000| Untracked 
| 103|0x0000000086700000, 0x0000000086800000, 0x0000000086800000|100%| O|  |TAMS 0x0000000086800000, 0x0000000086700000| Untracked 
| 104|0x0000000086800000, 0x0000000086900000, 0x0000000086900000|100%| O|  |TAMS 0x0000000086900000, 0x0000000086800000| Untracked 
| 105|0x0000000086900000, 0x0000000086a00000, 0x0000000086a00000|100%| O|  |TAMS 0x0000000086a00000, 0x0000000086900000| Untracked 
| 106|0x0000000086a00000, 0x0000000086b00000, 0x0000000086b00000|100%| O|  |TAMS 0x0000000086b00000, 0x0000000086a00000| Untracked 
| 107|0x0000000086b00000, 0x0000000086c00000, 0x0000000086c00000|100%| O|  |TAMS 0x0000000086c00000, 0x0000000086b00000| Untracked 
| 108|0x0000000086c00000, 0x0000000086d00000, 0x0000000086d00000|100%| O|  |TAMS 0x0000000086d00000, 0x0000000086c00000| Untracked 
| 109|0x0000000086d00000, 0x0000000086e00000, 0x0000000086e00000|100%| O|  |TAMS 0x0000000086e00000, 0x0000000086d00000| Untracked 
| 110|0x0000000086e00000, 0x0000000086f00000, 0x0000000086f00000|100%|HS|  |TAMS 0x0000000086e00000, 0x0000000086e00000| Complete 
| 111|0x0000000086f00000, 0x0000000087000000, 0x0000000087000000|100%|HC|  |TAMS 0x0000000086f00000, 0x0000000086f00000| Complete 
| 112|0x0000000087000000, 0x0000000087000000, 0x0000000087100000|  0%| F|  |TAMS 0x0000000087000000, 0x0000000087000000| Untracked 
| 113|0x0000000087100000, 0x0000000087200000, 0x0000000087200000|100%| O|  |TAMS 0x0000000087200000, 0x0000000087100000| Untracked 
| 114|0x0000000087200000, 0x0000000087300000, 0x0000000087300000|100%| O|  |TAMS 0x0000000087300000, 0x0000000087200000| Untracked 
| 115|0x0000000087300000, 0x0000000087400000, 0x0000000087400000|100%| O|  |TAMS 0x0000000087400000, 0x0000000087300000| Untracked 
| 116|0x0000000087400000, 0x0000000087500000, 0x0000000087500000|100%| O|  |TAMS 0x0000000087500000, 0x0000000087400000| Untracked 
| 117|0x0000000087500000, 0x0000000087600000, 0x0000000087600000|100%| O|  |TAMS 0x0000000087600000, 0x0000000087500000| Untracked 
| 118|0x0000000087600000, 0x0000000087600000, 0x0000000087700000|  0%| F|  |TAMS 0x0000000087600000, 0x0000000087600000| Untracked 
| 119|0x0000000087700000, 0x0000000087800000, 0x0000000087800000|100%| O|  |TAMS 0x0000000087800000, 0x0000000087700000| Untracked 
| 120|0x0000000087800000, 0x0000000087900000, 0x0000000087900000|100%| O|  |TAMS 0x0000000087900000, 0x0000000087800000| Untracked 
| 121|0x0000000087900000, 0x0000000087900000, 0x0000000087a00000|  0%| F|  |TAMS 0x0000000087900000, 0x0000000087900000| Untracked 
| 122|0x0000000087a00000, 0x0000000087b00000, 0x0000000087b00000|100%| O|  |TAMS 0x0000000087a5ca00, 0x0000000087a00000| Untracked 
| 123|0x0000000087b00000, 0x0000000087c00000, 0x0000000087c00000|100%| O|  |TAMS 0x0000000087b00000, 0x0000000087b00000| Untracked 
| 124|0x0000000087c00000, 0x0000000087d00000, 0x0000000087d00000|100%| O|  |TAMS 0x0000000087c00000, 0x0000000087c00000| Untracked 
| 125|0x0000000087d00000, 0x0000000087e00000, 0x0000000087e00000|100%| O|  |TAMS 0x0000000087d00000, 0x0000000087d00000| Untracked 
| 126|0x0000000087e00000, 0x0000000087f00000, 0x0000000087f00000|100%| O|  |TAMS 0x0000000087e00000, 0x0000000087e00000| Untracked 
| 127|0x0000000087f00000, 0x0000000088000000, 0x0000000088000000|100%| O|  |TAMS 0x0000000087f00000, 0x0000000087f00000| Untracked 
| 128|0x0000000088000000, 0x0000000088100000, 0x0000000088100000|100%| O|  |TAMS 0x0000000088000000, 0x0000000088000000| Untracked 
| 129|0x0000000088100000, 0x0000000088200000, 0x0000000088200000|100%| O|  |TAMS 0x0000000088100000, 0x0000000088100000| Untracked 
| 130|0x0000000088200000, 0x0000000088300000, 0x0000000088300000|100%| O|  |TAMS 0x0000000088200000, 0x0000000088200000| Untracked 
| 131|0x0000000088300000, 0x0000000088400000, 0x0000000088400000|100%| O|  |TAMS 0x0000000088300000, 0x0000000088300000| Untracked 
| 132|0x0000000088400000, 0x0000000088500000, 0x0000000088500000|100%| O|  |TAMS 0x0000000088400000, 0x0000000088400000| Untracked 
| 133|0x0000000088500000, 0x0000000088600000, 0x0000000088600000|100%| O|  |TAMS 0x0000000088500000, 0x0000000088500000| Untracked 
| 134|0x0000000088600000, 0x0000000088700000, 0x0000000088700000|100%| O|  |TAMS 0x0000000088600000, 0x0000000088600000| Untracked 
| 135|0x0000000088700000, 0x0000000088800000, 0x0000000088800000|100%| O|  |TAMS 0x0000000088700000, 0x0000000088700000| Untracked 
| 136|0x0000000088800000, 0x0000000088900000, 0x0000000088900000|100%| O|  |TAMS 0x0000000088800000, 0x0000000088800000| Untracked 
| 137|0x0000000088900000, 0x0000000088a00000, 0x0000000088a00000|100%| O|  |TAMS 0x0000000088900000, 0x0000000088900000| Untracked 
| 138|0x0000000088a00000, 0x0000000088afb200, 0x0000000088b00000| 98%| O|  |TAMS 0x0000000088a00000, 0x0000000088a00000| Untracked 
| 139|0x0000000088b00000, 0x0000000088c00000, 0x0000000088c00000|100%|HS|  |TAMS 0x0000000088b00000, 0x0000000088b00000| Complete 
| 140|0x0000000088c00000, 0x0000000088d00000, 0x0000000088d00000|100%|HC|  |TAMS 0x0000000088c00000, 0x0000000088c00000| Complete 
| 141|0x0000000088d00000, 0x0000000088e00000, 0x0000000088e00000|100%|HS|  |TAMS 0x0000000088d00000, 0x0000000088d00000| Complete 
| 142|0x0000000088e00000, 0x0000000088f00000, 0x0000000088f00000|100%|HC|  |TAMS 0x0000000088e00000, 0x0000000088e00000| Complete 
| 143|0x0000000088f00000, 0x0000000089000000, 0x0000000089000000|100%|HS|  |TAMS 0x0000000088f00000, 0x0000000088f00000| Complete 
| 144|0x0000000089000000, 0x0000000089100000, 0x0000000089100000|100%|HC|  |TAMS 0x0000000089000000, 0x0000000089000000| Complete 
| 145|0x0000000089100000, 0x0000000089200000, 0x0000000089200000|100%|HS|  |TAMS 0x0000000089100000, 0x0000000089100000| Complete 
| 146|0x0000000089200000, 0x0000000089300000, 0x0000000089300000|100%|HC|  |TAMS 0x0000000089200000, 0x0000000089200000| Complete 
| 147|0x0000000089300000, 0x0000000089400000, 0x0000000089400000|100%|HS|  |TAMS 0x0000000089300000, 0x0000000089300000| Complete 
| 148|0x0000000089400000, 0x0000000089500000, 0x0000000089500000|100%|HC|  |TAMS 0x0000000089400000, 0x0000000089400000| Complete 
| 149|0x0000000089500000, 0x0000000089600000, 0x0000000089600000|100%|HS|  |TAMS 0x0000000089500000, 0x0000000089500000| Complete 
| 150|0x0000000089600000, 0x0000000089700000, 0x0000000089700000|100%|HC|  |TAMS 0x0000000089600000, 0x0000000089600000| Complete 
| 151|0x0000000089700000, 0x0000000089700000, 0x0000000089800000|  0%| F|  |TAMS 0x0000000089700000, 0x0000000089700000| Untracked 
| 152|0x0000000089800000, 0x0000000089800000, 0x0000000089900000|  0%| F|  |TAMS 0x0000000089800000, 0x0000000089800000| Untracked 
| 153|0x0000000089900000, 0x0000000089900000, 0x0000000089a00000|  0%| F|  |TAMS 0x0000000089900000, 0x0000000089900000| Untracked 
| 154|0x0000000089a00000, 0x0000000089a00000, 0x0000000089b00000|  0%| F|  |TAMS 0x0000000089a00000, 0x0000000089a00000| Untracked 
| 155|0x0000000089b00000, 0x0000000089b00000, 0x0000000089c00000|  0%| F|  |TAMS 0x0000000089b00000, 0x0000000089b00000| Untracked 
| 156|0x0000000089c00000, 0x0000000089c00000, 0x0000000089d00000|  0%| F|  |TAMS 0x0000000089c00000, 0x0000000089c00000| Untracked 
| 157|0x0000000089d00000, 0x0000000089d00000, 0x0000000089e00000|  0%| F|  |TAMS 0x0000000089d00000, 0x0000000089d00000| Untracked 
| 158|0x0000000089e00000, 0x0000000089e00000, 0x0000000089f00000|  0%| F|  |TAMS 0x0000000089e00000, 0x0000000089e00000| Untracked 
| 159|0x0000000089f00000, 0x0000000089f00000, 0x000000008a000000|  0%| F|  |TAMS 0x0000000089f00000, 0x0000000089f00000| Untracked 
| 160|0x000000008a000000, 0x000000008a000000, 0x000000008a100000|  0%| F|  |TAMS 0x000000008a000000, 0x000000008a000000| Untracked 
| 161|0x000000008a100000, 0x000000008a100000, 0x000000008a200000|  0%| F|  |TAMS 0x000000008a100000, 0x000000008a100000| Untracked 
| 162|0x000000008a200000, 0x000000008a200000, 0x000000008a300000|  0%| F|  |TAMS 0x000000008a200000, 0x000000008a200000| Untracked 
| 163|0x000000008a300000, 0x000000008a300000, 0x000000008a400000|  0%| F|  |TAMS 0x000000008a300000, 0x000000008a300000| Untracked 
| 164|0x000000008a400000, 0x000000008a400000, 0x000000008a500000|  0%| F|  |TAMS 0x000000008a400000, 0x000000008a400000| Untracked 
| 165|0x000000008a500000, 0x000000008a500000, 0x000000008a600000|  0%| F|  |TAMS 0x000000008a500000, 0x000000008a500000| Untracked 
| 166|0x000000008a600000, 0x000000008a600000, 0x000000008a700000|  0%| F|  |TAMS 0x000000008a600000, 0x000000008a600000| Untracked 
| 167|0x000000008a700000, 0x000000008a700000, 0x000000008a800000|  0%| F|  |TAMS 0x000000008a700000, 0x000000008a700000| Untracked 
| 168|0x000000008a800000, 0x000000008a800000, 0x000000008a900000|  0%| F|  |TAMS 0x000000008a800000, 0x000000008a800000| Untracked 
| 169|0x000000008a900000, 0x000000008a900000, 0x000000008aa00000|  0%| F|  |TAMS 0x000000008a900000, 0x000000008a900000| Untracked 
| 170|0x000000008aa00000, 0x000000008aa00000, 0x000000008ab00000|  0%| F|  |TAMS 0x000000008aa00000, 0x000000008aa00000| Untracked 
| 171|0x000000008ab00000, 0x000000008ab00000, 0x000000008ac00000|  0%| F|  |TAMS 0x000000008ab00000, 0x000000008ab00000| Untracked 
| 172|0x000000008ac00000, 0x000000008ac00000, 0x000000008ad00000|  0%| F|  |TAMS 0x000000008ac00000, 0x000000008ac00000| Untracked 
| 173|0x000000008ad00000, 0x000000008ad00000, 0x000000008ae00000|  0%| F|  |TAMS 0x000000008ad00000, 0x000000008ad00000| Untracked 
| 174|0x000000008ae00000, 0x000000008af00000, 0x000000008af00000|100%| S|CS|TAMS 0x000000008ae00000, 0x000000008ae00000| Complete 
| 175|0x000000008af00000, 0x000000008af00000, 0x000000008b000000|  0%| F|  |TAMS 0x000000008af00000, 0x000000008af00000| Untracked 
| 176|0x000000008b000000, 0x000000008b000000, 0x000000008b100000|  0%| F|  |TAMS 0x000000008b000000, 0x000000008b000000| Untracked 
| 177|0x000000008b100000, 0x000000008b100000, 0x000000008b200000|  0%| F|  |TAMS 0x000000008b100000, 0x000000008b100000| Untracked 
| 178|0x000000008b200000, 0x000000008b200000, 0x000000008b300000|  0%| F|  |TAMS 0x000000008b200000, 0x000000008b200000| Untracked 
| 179|0x000000008b300000, 0x000000008b300000, 0x000000008b400000|  0%| F|  |TAMS 0x000000008b300000, 0x000000008b300000| Untracked 
| 180|0x000000008b400000, 0x000000008b400000, 0x000000008b500000|  0%| F|  |TAMS 0x000000008b400000, 0x000000008b400000| Untracked 
| 181|0x000000008b500000, 0x000000008b500000, 0x000000008b600000|  0%| F|  |TAMS 0x000000008b500000, 0x000000008b500000| Untracked 
| 182|0x000000008b600000, 0x000000008b600000, 0x000000008b700000|  0%| F|  |TAMS 0x000000008b600000, 0x000000008b600000| Untracked 
| 183|0x000000008b700000, 0x000000008b700000, 0x000000008b800000|  0%| F|  |TAMS 0x000000008b700000, 0x000000008b700000| Untracked 
| 184|0x000000008b800000, 0x000000008b800000, 0x000000008b900000|  0%| F|  |TAMS 0x000000008b800000, 0x000000008b800000| Untracked 
| 185|0x000000008b900000, 0x000000008b900000, 0x000000008ba00000|  0%| F|  |TAMS 0x000000008b900000, 0x000000008b900000| Untracked 
| 186|0x000000008ba00000, 0x000000008ba00000, 0x000000008bb00000|  0%| F|  |TAMS 0x000000008ba00000, 0x000000008ba00000| Untracked 
| 187|0x000000008bb00000, 0x000000008bb00000, 0x000000008bc00000|  0%| F|  |TAMS 0x000000008bb00000, 0x000000008bb00000| Untracked 
| 188|0x000000008bc00000, 0x000000008bc00000, 0x000000008bd00000|  0%| F|  |TAMS 0x000000008bc00000, 0x000000008bc00000| Untracked 
| 189|0x000000008bd00000, 0x000000008bd00000, 0x000000008be00000|  0%| F|  |TAMS 0x000000008bd00000, 0x000000008bd00000| Untracked 
| 190|0x000000008be00000, 0x000000008be00000, 0x000000008bf00000|  0%| F|  |TAMS 0x000000008be00000, 0x000000008be00000| Untracked 
| 191|0x000000008bf00000, 0x000000008bf00000, 0x000000008c000000|  0%| F|  |TAMS 0x000000008bf00000, 0x000000008bf00000| Untracked 
| 192|0x000000008c000000, 0x000000008c000000, 0x000000008c100000|  0%| F|  |TAMS 0x000000008c000000, 0x000000008c000000| Untracked 
| 193|0x000000008c100000, 0x000000008c100000, 0x000000008c200000|  0%| F|  |TAMS 0x000000008c100000, 0x000000008c100000| Untracked 
| 194|0x000000008c200000, 0x000000008c200000, 0x000000008c300000|  0%| F|  |TAMS 0x000000008c200000, 0x000000008c200000| Untracked 
| 195|0x000000008c300000, 0x000000008c300000, 0x000000008c400000|  0%| F|  |TAMS 0x000000008c300000, 0x000000008c300000| Untracked 
| 196|0x000000008c400000, 0x000000008c400000, 0x000000008c500000|  0%| F|  |TAMS 0x000000008c400000, 0x000000008c400000| Untracked 
| 197|0x000000008c500000, 0x000000008c500000, 0x000000008c600000|  0%| F|  |TAMS 0x000000008c500000, 0x000000008c500000| Untracked 
| 198|0x000000008c600000, 0x000000008c600000, 0x000000008c700000|  0%| F|  |TAMS 0x000000008c600000, 0x000000008c600000| Untracked 
| 199|0x000000008c700000, 0x000000008c700000, 0x000000008c800000|  0%| F|  |TAMS 0x000000008c700000, 0x000000008c700000| Untracked 
| 200|0x000000008c800000, 0x000000008c800000, 0x000000008c900000|  0%| F|  |TAMS 0x000000008c800000, 0x000000008c800000| Untracked 
| 201|0x000000008c900000, 0x000000008c900000, 0x000000008ca00000|  0%| F|  |TAMS 0x000000008c900000, 0x000000008c900000| Untracked 
| 202|0x000000008ca00000, 0x000000008ca00000, 0x000000008cb00000|  0%| F|  |TAMS 0x000000008ca00000, 0x000000008ca00000| Untracked 
| 203|0x000000008cb00000, 0x000000008cb00000, 0x000000008cc00000|  0%| F|  |TAMS 0x000000008cb00000, 0x000000008cb00000| Untracked 
| 204|0x000000008cc00000, 0x000000008cc00000, 0x000000008cd00000|  0%| F|  |TAMS 0x000000008cc00000, 0x000000008cc00000| Untracked 
| 205|0x000000008cd00000, 0x000000008cd00000, 0x000000008ce00000|  0%| F|  |TAMS 0x000000008cd00000, 0x000000008cd00000| Untracked 
| 206|0x000000008ce00000, 0x000000008ce00000, 0x000000008cf00000|  0%| F|  |TAMS 0x000000008ce00000, 0x000000008ce00000| Untracked 
| 207|0x000000008cf00000, 0x000000008cf00000, 0x000000008d000000|  0%| F|  |TAMS 0x000000008cf00000, 0x000000008cf00000| Untracked 
| 208|0x000000008d000000, 0x000000008d000000, 0x000000008d100000|  0%| F|  |TAMS 0x000000008d000000, 0x000000008d000000| Untracked 
| 209|0x000000008d100000, 0x000000008d100000, 0x000000008d200000|  0%| F|  |TAMS 0x000000008d100000, 0x000000008d100000| Untracked 
| 210|0x000000008d200000, 0x000000008d200000, 0x000000008d300000|  0%| F|  |TAMS 0x000000008d200000, 0x000000008d200000| Untracked 
| 211|0x000000008d300000, 0x000000008d300000, 0x000000008d400000|  0%| F|  |TAMS 0x000000008d300000, 0x000000008d300000| Untracked 
| 212|0x000000008d400000, 0x000000008d400000, 0x000000008d500000|  0%| F|  |TAMS 0x000000008d400000, 0x000000008d400000| Untracked 
| 213|0x000000008d500000, 0x000000008d500000, 0x000000008d600000|  0%| F|  |TAMS 0x000000008d500000, 0x000000008d500000| Untracked 
| 214|0x000000008d600000, 0x000000008d600000, 0x000000008d700000|  0%| F|  |TAMS 0x000000008d600000, 0x000000008d600000| Untracked 
| 215|0x000000008d700000, 0x000000008d700000, 0x000000008d800000|  0%| F|  |TAMS 0x000000008d700000, 0x000000008d700000| Untracked 
| 216|0x000000008d800000, 0x000000008d800000, 0x000000008d900000|  0%| F|  |TAMS 0x000000008d800000, 0x000000008d800000| Untracked 
| 217|0x000000008d900000, 0x000000008d900000, 0x000000008da00000|  0%| F|  |TAMS 0x000000008d900000, 0x000000008d900000| Untracked 
| 218|0x000000008da00000, 0x000000008da00000, 0x000000008db00000|  0%| F|  |TAMS 0x000000008da00000, 0x000000008da00000| Untracked 
| 219|0x000000008db00000, 0x000000008db00000, 0x000000008dc00000|  0%| F|  |TAMS 0x000000008db00000, 0x000000008db00000| Untracked 
| 220|0x000000008dc00000, 0x000000008dc00000, 0x000000008dd00000|  0%| F|  |TAMS 0x000000008dc00000, 0x000000008dc00000| Untracked 
| 221|0x000000008dd00000, 0x000000008dd00000, 0x000000008de00000|  0%| F|  |TAMS 0x000000008dd00000, 0x000000008dd00000| Untracked 
| 222|0x000000008de00000, 0x000000008de00000, 0x000000008df00000|  0%| F|  |TAMS 0x000000008de00000, 0x000000008de00000| Untracked 
| 223|0x000000008df00000, 0x000000008df00000, 0x000000008e000000|  0%| F|  |TAMS 0x000000008df00000, 0x000000008df00000| Untracked 
| 224|0x000000008e000000, 0x000000008e000000, 0x000000008e100000|  0%| F|  |TAMS 0x000000008e000000, 0x000000008e000000| Untracked 
| 225|0x000000008e100000, 0x000000008e100000, 0x000000008e200000|  0%| F|  |TAMS 0x000000008e100000, 0x000000008e100000| Untracked 
| 226|0x000000008e200000, 0x000000008e200000, 0x000000008e300000|  0%| F|  |TAMS 0x000000008e200000, 0x000000008e200000| Untracked 
| 227|0x000000008e300000, 0x000000008e300000, 0x000000008e400000|  0%| F|  |TAMS 0x000000008e300000, 0x000000008e300000| Untracked 
| 228|0x000000008e400000, 0x000000008e400000, 0x000000008e500000|  0%| F|  |TAMS 0x000000008e400000, 0x000000008e400000| Untracked 
| 229|0x000000008e500000, 0x000000008e500000, 0x000000008e600000|  0%| F|  |TAMS 0x000000008e500000, 0x000000008e500000| Untracked 
| 230|0x000000008e600000, 0x000000008e600000, 0x000000008e700000|  0%| F|  |TAMS 0x000000008e600000, 0x000000008e600000| Untracked 
| 231|0x000000008e700000, 0x000000008e700000, 0x000000008e800000|  0%| F|  |TAMS 0x000000008e700000, 0x000000008e700000| Untracked 
| 232|0x000000008e800000, 0x000000008e800000, 0x000000008e900000|  0%| F|  |TAMS 0x000000008e800000, 0x000000008e800000| Untracked 
| 233|0x000000008e900000, 0x000000008e900000, 0x000000008ea00000|  0%| F|  |TAMS 0x000000008e900000, 0x000000008e900000| Untracked 
| 234|0x000000008ea00000, 0x000000008ea00000, 0x000000008eb00000|  0%| F|  |TAMS 0x000000008ea00000, 0x000000008ea00000| Untracked 
| 235|0x000000008eb00000, 0x000000008eb00000, 0x000000008ec00000|  0%| F|  |TAMS 0x000000008eb00000, 0x000000008eb00000| Untracked 
| 236|0x000000008ec00000, 0x000000008ec00000, 0x000000008ed00000|  0%| F|  |TAMS 0x000000008ec00000, 0x000000008ec00000| Untracked 
| 237|0x000000008ed00000, 0x000000008ed00000, 0x000000008ee00000|  0%| F|  |TAMS 0x000000008ed00000, 0x000000008ed00000| Untracked 
| 238|0x000000008ee00000, 0x000000008ee00000, 0x000000008ef00000|  0%| F|  |TAMS 0x000000008ee00000, 0x000000008ee00000| Untracked 
| 239|0x000000008ef00000, 0x000000008ef00000, 0x000000008f000000|  0%| F|  |TAMS 0x000000008ef00000, 0x000000008ef00000| Untracked 
| 240|0x000000008f000000, 0x000000008f000000, 0x000000008f100000|  0%| F|  |TAMS 0x000000008f000000, 0x000000008f000000| Untracked 
| 241|0x000000008f100000, 0x000000008f10afc8, 0x000000008f200000|  4%| E|  |TAMS 0x000000008f100000, 0x000000008f100000| Complete 
| 242|0x000000008f200000, 0x000000008f300000, 0x000000008f300000|100%| E|CS|TAMS 0x000000008f200000, 0x000000008f200000| Complete 
| 243|0x000000008f300000, 0x000000008f400000, 0x000000008f400000|100%| E|  |TAMS 0x000000008f300000, 0x000000008f300000| Complete 

Card table byte_map: [0x00000228735b0000,0x00000228739b0000] _byte_map_base: 0x00000228731b0000

Marking Bits (Prev, Next): (CMBitMap*) 0x0000022860d38650, (CMBitMap*) 0x0000022860d38690
 Prev Bits: [0x0000022873db0000, 0x0000022875db0000)
 Next Bits: [0x0000022875db0000, 0x0000022877db0000)

Polling page: 0x00000228604b0000

Metaspace:

Usage:
  Non-class:    107.44 MB used.
      Class:     16.77 MB used.
       Both:    124.20 MB used.

Virtual space:
  Non-class space:      112.00 MB reserved,     107.88 MB ( 96%) committed,  14 nodes.
      Class space:        1.00 GB reserved,      17.19 MB (  2%) committed,  1 nodes.
             Both:        1.11 GB reserved,     125.06 MB ( 11%) committed. 

Chunk freelists:
   Non-Class:  3.42 MB
       Class:  2.83 MB
        Both:  6.25 MB

MaxMetaspaceSize: unlimited
CompressedClassSpaceSize: 1.00 GB
Initial GC threshold: 21.00 MB
Current GC threshold: 207.62 MB
CDS: off
MetaspaceReclaimPolicy: balanced
 - commit_granule_bytes: 65536.
 - commit_granule_words: 8192.
 - virtual_space_node_default_size: 1048576.
 - enlarge_chunks_in_place: 1.
 - new_chunks_are_fully_committed: 0.
 - uncommit_free_chunks: 1.
 - use_allocation_guard: 0.
 - handle_deallocations: 1.


Internal statistics:

num_allocs_failed_limit: 9.
num_arena_births: 1472.
num_arena_deaths: 22.
num_vsnodes_births: 15.
num_vsnodes_deaths: 0.
num_space_committed: 2001.
num_space_uncommitted: 0.
num_chunks_returned_to_freelist: 35.
num_chunks_taken_from_freelist: 6269.
num_chunk_merges: 10.
num_chunk_splits: 4071.
num_chunks_enlarged: 2667.
num_purges: 2.
num_inconsistent_stats: 0.

CodeHeap 'non-profiled nmethods': size=120000Kb used=9377Kb max_used=9377Kb free=110622Kb
 bounds [0x000002286bc80000, 0x000002286c5b0000, 0x00000228731b0000]
CodeHeap 'profiled nmethods': size=120000Kb used=36294Kb max_used=36294Kb free=83705Kb
 bounds [0x00000228641b0000, 0x0000022866530000, 0x000002286b6e0000]
CodeHeap 'non-nmethods': size=5760Kb used=2490Kb max_used=2606Kb free=3269Kb
 bounds [0x000002286b6e0000, 0x000002286b990000, 0x000002286bc80000]
 total_blobs=18376 nmethods=17338 adapters=948
 compilation: enabled
              stopped_count=0, restarted_count=0
 full_count=0

Compilation events (20 events):
Event: 181.447 Thread 0x000002287ac08420 20166       2       java.nio.HeapByteBuffer::get (64 bytes)
Event: 181.448 Thread 0x000002287ac08420 nmethod 20166 0x000002286651a490 code [0x000002286651a680, 0x000002286651aa78]
Event: 181.450 Thread 0x000002287ac08420 20167   !   2       sun.nio.ch.FileChannelImpl::read (106 bytes)
Event: 181.451 Thread 0x000002287ac08420 nmethod 20167 0x000002286651ac90 code [0x000002286651aec0, 0x000002286651b478]
Event: 181.451 Thread 0x000002287ac08420 20168   !   2       sun.nio.ch.FileChannelImpl::readInternal (253 bytes)
Event: 181.452 Thread 0x000002287ac08420 nmethod 20168 0x000002286651b710 code [0x000002286651b920, 0x000002286651be08]
Event: 181.452 Thread 0x000002287ac08420 20169       2       com.android.zipflinger.Entry::<init> (32 bytes)
Event: 181.452 Thread 0x000002287ac08420 nmethod 20169 0x000002286651c190 code [0x000002286651c340, 0x000002286651c5f8]
Event: 181.452 Thread 0x000002287ac08420 20170       2       com.android.zipflinger.ZipMap::parseCentralDirectoryRecord (533 bytes)
Event: 181.454 Thread 0x000002287ac08420 nmethod 20170 0x000002286651c690 code [0x000002286651cac0, 0x000002286651dfe8]
Event: 181.454 Thread 0x000002287ac08420 20171       2       com.android.zipflinger.Location::size (12 bytes)
Event: 181.454 Thread 0x000002287ac08420 nmethod 20171 0x000002286651ed90 code [0x000002286651ef20, 0x000002286651f038]
Event: 181.454 Thread 0x000002287ac08420 20172       2       java.lang.Math::toIntExact (21 bytes)
Event: 181.454 Thread 0x000002287ac08420 nmethod 20172 0x000002286651f110 code [0x000002286651f2c0, 0x000002286651f468]
Event: 181.463 Thread 0x000002287ac08420 20173       2       java.lang.invoke.VarHandleReferences$Array::runtimeTypeCheck (26 bytes)
Event: 181.463 Thread 0x000002287ac08420 nmethod 20173 0x000002286651f510 code [0x000002286651f720, 0x000002286651fbb8]
Event: 181.476 Thread 0x000002287ac08420 20174       2       java.nio.MappedByteBuffer::limit (6 bytes)
Event: 181.476 Thread 0x000002287ac08420 nmethod 20174 0x000002286651ff10 code [0x00000228665200a0, 0x00000228665201c8]
Event: 181.478 Thread 0x000002287ac08420 20175       2       java.lang.invoke.MemberName::getFactory (4 bytes)
Event: 181.479 Thread 0x000002287ac08420 nmethod 20175 0x0000022866520290 code [0x0000022866520420, 0x0000022866520518]

GC Heap History (20 events):
Event: 69.931 GC heap before
{Heap before GC invocations=46 (full 0):
 garbage-first heap   total 225280K, used 182420K [0x0000000080000000, 0x0000000100000000)
  region size 1024K, 82 young (83968K), 6 survivors (6144K)
 Metaspace       used 104088K, committed 104768K, reserved 1146880K
  class space    used 14016K, committed 14336K, reserved 1048576K
}
Event: 69.964 GC heap after
{Heap after GC invocations=47 (full 0):
 garbage-first heap   total 225280K, used 113466K [0x0000000080000000, 0x0000000100000000)
  region size 1024K, 11 young (11264K), 11 survivors (11264K)
 Metaspace       used 104088K, committed 104768K, reserved 1146880K
  class space    used 14016K, committed 14336K, reserved 1048576K
}
Event: 114.185 GC heap before
{Heap before GC invocations=47 (full 0):
 garbage-first heap   total 225280K, used 181050K [0x0000000080000000, 0x0000000100000000)
  region size 1024K, 78 young (79872K), 11 survivors (11264K)
 Metaspace       used 110572K, committed 111360K, reserved 1146880K
  class space    used 14895K, committed 15296K, reserved 1048576K
}
Event: 114.299 GC heap after
{Heap after GC invocations=48 (full 0):
 garbage-first heap   total 225280K, used 121815K [0x0000000080000000, 0x0000000100000000)
  region size 1024K, 8 young (8192K), 8 survivors (8192K)
 Metaspace       used 110572K, committed 111360K, reserved 1146880K
  class space    used 14895K, committed 15296K, reserved 1048576K
}
Event: 115.740 GC heap before
{Heap before GC invocations=48 (full 0):
 garbage-first heap   total 225280K, used 182231K [0x0000000080000000, 0x0000000100000000)
  region size 1024K, 68 young (69632K), 8 survivors (8192K)
 Metaspace       used 119943K, committed 120832K, reserved 1155072K
  class space    used 16295K, committed 16704K, reserved 1048576K
}
Event: 115.766 GC heap after
{Heap after GC invocations=49 (full 0):
 garbage-first heap   total 225280K, used 126822K [0x0000000080000000, 0x0000000100000000)
  region size 1024K, 6 young (6144K), 6 survivors (6144K)
 Metaspace       used 119943K, committed 120832K, reserved 1155072K
  class space    used 16295K, committed 16704K, reserved 1048576K
}
Event: 116.569 GC heap before
{Heap before GC invocations=49 (full 0):
 garbage-first heap   total 225280K, used 184166K [0x0000000080000000, 0x0000000100000000)
  region size 1024K, 63 young (64512K), 6 survivors (6144K)
 Metaspace       used 122253K, committed 123072K, reserved 1155072K
  class space    used 16592K, committed 16960K, reserved 1048576K
}
Event: 116.591 GC heap after
{Heap after GC invocations=50 (full 0):
 garbage-first heap   total 225280K, used 125788K [0x0000000080000000, 0x0000000100000000)
  region size 1024K, 1 young (1024K), 1 survivors (1024K)
 Metaspace       used 122253K, committed 123072K, reserved 1155072K
  class space    used 16592K, committed 16960K, reserved 1048576K
}
Event: 117.588 GC heap before
{Heap before GC invocations=50 (full 0):
 garbage-first heap   total 225280K, used 186204K [0x0000000080000000, 0x0000000100000000)
  region size 1024K, 61 young (62464K), 1 survivors (1024K)
 Metaspace       used 123884K, committed 124672K, reserved 1163264K
  class space    used 16770K, committed 17152K, reserved 1048576K
}
Event: 117.598 GC heap after
{Heap after GC invocations=51 (full 0):
 garbage-first heap   total 225280K, used 126801K [0x0000000080000000, 0x0000000100000000)
  region size 1024K, 2 young (2048K), 2 survivors (2048K)
 Metaspace       used 123884K, committed 124672K, reserved 1163264K
  class space    used 16770K, committed 17152K, reserved 1048576K
}
Event: 169.104 GC heap before
{Heap before GC invocations=51 (full 0):
 garbage-first heap   total 225280K, used 200529K [0x0000000080000000, 0x0000000100000000)
  region size 1024K, 62 young (63488K), 2 survivors (2048K)
 Metaspace       used 126491K, committed 127360K, reserved 1163264K
  class space    used 17150K, committed 17600K, reserved 1048576K
}
Event: 169.226 GC heap after
{Heap after GC invocations=52 (full 0):
 garbage-first heap   total 225280K, used 130571K [0x0000000080000000, 0x0000000100000000)
  region size 1024K, 6 young (6144K), 6 survivors (6144K)
 Metaspace       used 126491K, committed 127360K, reserved 1163264K
  class space    used 17150K, committed 17600K, reserved 1048576K
}
Event: 178.743 GC heap before
{Heap before GC invocations=53 (full 0):
 garbage-first heap   total 249856K, used 184843K [0x0000000080000000, 0x0000000100000000)
  region size 1024K, 60 young (61440K), 6 survivors (6144K)
 Metaspace       used 126793K, committed 127680K, reserved 1163264K
  class space    used 17166K, committed 17600K, reserved 1048576K
}
Event: 178.797 GC heap after
{Heap after GC invocations=54 (full 0):
 garbage-first heap   total 249856K, used 138081K [0x0000000080000000, 0x0000000100000000)
  region size 1024K, 8 young (8192K), 8 survivors (8192K)
 Metaspace       used 126793K, committed 127680K, reserved 1163264K
  class space    used 17166K, committed 17600K, reserved 1048576K
}
Event: 179.182 GC heap before
{Heap before GC invocations=54 (full 0):
 garbage-first heap   total 249856K, used 141153K [0x0000000080000000, 0x0000000100000000)
  region size 1024K, 12 young (12288K), 8 survivors (8192K)
 Metaspace       used 126833K, committed 127680K, reserved 1163264K
  class space    used 17166K, committed 17600K, reserved 1048576K
}
Event: 179.218 GC heap after
{Heap after GC invocations=55 (full 0):
 garbage-first heap   total 249856K, used 132413K [0x0000000080000000, 0x0000000100000000)
  region size 1024K, 2 young (2048K), 2 survivors (2048K)
 Metaspace       used 126833K, committed 127680K, reserved 1163264K
  class space    used 17166K, committed 17600K, reserved 1048576K
}
Event: 180.592 GC heap before
{Heap before GC invocations=55 (full 0):
 garbage-first heap   total 249856K, used 201021K [0x0000000080000000, 0x0000000100000000)
  region size 1024K, 70 young (71680K), 2 survivors (2048K)
 Metaspace       used 126903K, committed 127808K, reserved 1163264K
  class space    used 17166K, committed 17600K, reserved 1048576K
}
Event: 180.601 GC heap after
{Heap after GC invocations=56 (full 0):
 garbage-first heap   total 249856K, used 134514K [0x0000000080000000, 0x0000000100000000)
  region size 1024K, 4 young (4096K), 4 survivors (4096K)
 Metaspace       used 126903K, committed 127808K, reserved 1163264K
  class space    used 17166K, committed 17600K, reserved 1048576K
}
Event: 181.422 GC heap before
{Heap before GC invocations=56 (full 0):
 garbage-first heap   total 249856K, used 204146K [0x0000000080000000, 0x0000000100000000)
  region size 1024K, 73 young (74752K), 4 survivors (4096K)
 Metaspace       used 127165K, committed 128064K, reserved 1163264K
  class space    used 17167K, committed 17600K, reserved 1048576K
}
Event: 181.424 GC heap after
{Heap after GC invocations=57 (full 0):
 garbage-first heap   total 249856K, used 132076K [0x0000000080000000, 0x0000000100000000)
  region size 1024K, 1 young (1024K), 1 survivors (1024K)
 Metaspace       used 127165K, committed 128064K, reserved 1163264K
  class space    used 17167K, committed 17600K, reserved 1048576K
}

Dll operation events (2 events):
Event: 0.016 Loaded shared library C:\Program Files\Android\Android Studio\jbr\bin\java.dll
Event: 0.596 Loaded shared library C:\Program Files\Android\Android Studio\jbr\bin\verify.dll

Deoptimization events (20 events):
Event: 180.959 Thread 0x000002287c6eacc0 DEOPT PACKING pc=0x000002286624856c sp=0x00000048e35fc7d0
Event: 180.960 Thread 0x000002287c6eacc0 DEOPT UNPACKING pc=0x000002286b737143 sp=0x00000048e35fbd00 mode 0
Event: 181.053 Thread 0x000002287c6eacc0 DEOPT PACKING pc=0x0000022865e99b79 sp=0x00000048e35fc4a0
Event: 181.055 Thread 0x000002287c6eacc0 DEOPT UNPACKING pc=0x000002286b737143 sp=0x00000048e35fbb88 mode 0
Event: 181.176 Thread 0x000002287c6eacc0 Uncommon trap: trap_request=0xffffffe4 fr.pc=0x000002286c2873b0 relative=0x0000000000000310
Event: 181.176 Thread 0x000002287c6eacc0 Uncommon trap: reason=range_check action=make_not_entrant pc=0x000002286c2873b0 method=com.android.tools.r8.graph.p2.a(Lcom/android/tools/r8/graph/p2;)I @ 9 c2
Event: 181.176 Thread 0x000002287c6eacc0 DEOPT PACKING pc=0x000002286c2873b0 sp=0x00000048e35fcbf0
Event: 181.176 Thread 0x000002287c6eacc0 DEOPT UNPACKING pc=0x000002286b7369a3 sp=0x00000048e35fcb68 mode 2
Event: 181.286 Thread 0x000002287c6e8b10 DEOPT PACKING pc=0x0000022865ed5c13 sp=0x00000048e3bfcc10
Event: 181.286 Thread 0x000002287c6e8b10 DEOPT UNPACKING pc=0x000002286b737143 sp=0x00000048e3bfc098 mode 0
Event: 181.289 Thread 0x000002287c6e8b10 DEOPT PACKING pc=0x0000022865f721ad sp=0x00000048e3bfcff0
Event: 181.289 Thread 0x000002287c6e8b10 DEOPT UNPACKING pc=0x000002286b737143 sp=0x00000048e3bfc4e8 mode 0
Event: 181.307 Thread 0x000002287c6e8b10 DEOPT PACKING pc=0x0000022865f9774b sp=0x00000048e3bfc7e0
Event: 181.307 Thread 0x000002287c6e8b10 DEOPT UNPACKING pc=0x000002286b737143 sp=0x00000048e3bfbc90 mode 0
Event: 181.307 Thread 0x000002287c6e8b10 DEOPT PACKING pc=0x0000022865f97e78 sp=0x00000048e3bfc800
Event: 181.307 Thread 0x000002287c6e8b10 DEOPT UNPACKING pc=0x000002286b737143 sp=0x00000048e3bfbca0 mode 0
Event: 181.351 Thread 0x000002287c6e7ca0 DEOPT PACKING pc=0x000002286600684b sp=0x00000048e33fd450
Event: 181.351 Thread 0x000002287c6e7ca0 DEOPT UNPACKING pc=0x000002286b737143 sp=0x00000048e33fc928 mode 0
Event: 181.417 Thread 0x000002287c6e7ca0 DEOPT PACKING pc=0x000002286600684b sp=0x00000048e33fd3e0
Event: 181.418 Thread 0x000002287c6e7ca0 DEOPT UNPACKING pc=0x000002286b737143 sp=0x00000048e33fc8b8 mode 0

Classes unloaded (11 events):
Event: 169.956 Thread 0x000002287a281380 Unloading class 0x000000010100cc00 'java/lang/invoke/LambdaForm$DMH+0x000000010100cc00'
Event: 169.957 Thread 0x000002287a281380 Unloading class 0x000000010100c400 'java/lang/invoke/LambdaForm$DMH+0x000000010100c400'
Event: 169.957 Thread 0x000002287a281380 Unloading class 0x0000000100ff4400 'java/lang/invoke/LambdaForm$DMH+0x0000000100ff4400'
Event: 169.957 Thread 0x000002287a281380 Unloading class 0x0000000100f54400 'java/lang/invoke/LambdaForm$DMH+0x0000000100f54400'
Event: 169.957 Thread 0x000002287a281380 Unloading class 0x0000000100f0cc00 'java/lang/invoke/LambdaForm$DMH+0x0000000100f0cc00'
Event: 169.957 Thread 0x000002287a281380 Unloading class 0x0000000100f0c400 'java/lang/invoke/LambdaForm$DMH+0x0000000100f0c400'
Event: 169.957 Thread 0x000002287a281380 Unloading class 0x0000000100ea8400 'jdk/internal/reflect/GeneratedSerializationConstructorAccessor125'
Event: 169.957 Thread 0x000002287a281380 Unloading class 0x0000000100ea8800 'jdk/internal/reflect/GeneratedSerializationConstructorAccessor124'
Event: 169.957 Thread 0x000002287a281380 Unloading class 0x0000000100cf8c00 'java/lang/invoke/LambdaForm$DMH+0x0000000100cf8c00'
Event: 169.957 Thread 0x000002287a281380 Unloading class 0x0000000100cf8800 'java/lang/invoke/LambdaForm$DMH+0x0000000100cf8800'
Event: 169.958 Thread 0x000002287a281380 Unloading class 0x0000000100cf8400 'java/lang/invoke/LambdaForm$DMH+0x0000000100cf8400'

Classes redefined (0 events):
No events

Internal exceptions (20 events):
Event: 171.491 Thread 0x000002287e602520 Exception <a 'sun/nio/fs/WindowsException'{0x000000008c41e328}> (0x000000008c41e328) 
thrown [s\src\hotspot\share\prims\jni.cpp, line 517]
Event: 171.583 Thread 0x000002287c6e8640 Exception <a 'java/lang/InterruptedException'{0x000000008c1eb830}> (0x000000008c1eb830) 
thrown [s\src\hotspot\share\runtime\objectMonitor.cpp, line 1648]
Event: 171.597 Thread 0x000002287e602520 Exception <a 'sun/nio/fs/WindowsException'{0x000000008c013228}> (0x000000008c013228) 
thrown [s\src\hotspot\share\prims\jni.cpp, line 517]
Event: 171.625 Thread 0x000002287e602520 Exception <a 'sun/nio/fs/WindowsException'{0x000000008c0f25f8}> (0x000000008c0f25f8) 
thrown [s\src\hotspot\share\prims\jni.cpp, line 517]
Event: 179.342 Thread 0x000002287c6eacc0 Exception <a 'sun/nio/fs/WindowsException'{0x000000008f189120}> (0x000000008f189120) 
thrown [s\src\hotspot\share\prims\jni.cpp, line 517]
Event: 179.346 Thread 0x000002287c6e7ca0 Exception <a 'sun/nio/fs/WindowsException'{0x000000008f1fdf58}> (0x000000008f1fdf58) 
thrown [s\src\hotspot\share\prims\jni.cpp, line 517]
Event: 179.558 Thread 0x000002287c6e7ca0 Exception <a 'sun/nio/fs/WindowsException'{0x000000008df8d460}> (0x000000008df8d460) 
thrown [s\src\hotspot\share\prims\jni.cpp, line 517]
Event: 179.560 Thread 0x000002287c6e7ca0 Exception <a 'sun/nio/fs/WindowsException'{0x000000008df961e8}> (0x000000008df961e8) 
thrown [s\src\hotspot\share\prims\jni.cpp, line 517]
Event: 179.561 Thread 0x000002287c6e7ca0 Exception <a 'sun/nio/fs/WindowsException'{0x000000008de6d1d0}> (0x000000008de6d1d0) 
thrown [s\src\hotspot\share\prims\jni.cpp, line 517]
Event: 181.184 Thread 0x000002287c6eacc0 Exception <a 'sun/nio/fs/WindowsException'{0x000000008c0f5a20}> (0x000000008c0f5a20) 
thrown [s\src\hotspot\share\prims\jni.cpp, line 517]
Event: 181.186 Thread 0x000002287c6eacc0 Exception <a 'sun/nio/fs/WindowsException'{0x000000008c0fd4c0}> (0x000000008c0fd4c0) 
thrown [s\src\hotspot\share\prims\jni.cpp, line 517]
Event: 181.192 Thread 0x000002287c6eacc0 Exception <a 'sun/nio/fs/WindowsException'{0x000000008bf98338}> (0x000000008bf98338) 
thrown [s\src\hotspot\share\prims\jni.cpp, line 517]
Event: 181.197 Thread 0x000002287c6eacc0 Exception <a 'sun/nio/fs/WindowsException'{0x000000008bfd05e8}> (0x000000008bfd05e8) 
thrown [s\src\hotspot\share\prims\jni.cpp, line 517]
Event: 181.200 Thread 0x000002287c6eacc0 Exception <a 'sun/nio/fs/WindowsException'{0x000000008bfdf9a0}> (0x000000008bfdf9a0) 
thrown [s\src\hotspot\share\prims\jni.cpp, line 517]
Event: 181.202 Thread 0x000002287c6eacc0 Exception <a 'sun/nio/fs/WindowsException'{0x000000008bfe7010}> (0x000000008bfe7010) 
thrown [s\src\hotspot\share\prims\jni.cpp, line 517]
Event: 181.207 Thread 0x000002287c6eacc0 Exception <a 'sun/nio/fs/WindowsException'{0x000000008bd4cb30}> (0x000000008bd4cb30) 
thrown [s\src\hotspot\share\prims\jni.cpp, line 517]
Event: 181.237 Thread 0x000002287e604200 Exception <a 'sun/nio/fs/WindowsException'{0x000000008bb65f40}> (0x000000008bb65f40) 
thrown [s\src\hotspot\share\prims\jni.cpp, line 517]
Event: 181.237 Thread 0x000002287e604200 Exception <a 'sun/nio/fs/WindowsException'{0x000000008bb66300}> (0x000000008bb66300) 
thrown [s\src\hotspot\share\prims\jni.cpp, line 517]
Event: 181.253 Thread 0x000002287c6e8b10 Exception <a 'sun/nio/fs/WindowsException'{0x000000008bbe21d0}> (0x000000008bbe21d0) 
thrown [s\src\hotspot\share\prims\jni.cpp, line 517]
Event: 181.312 Thread 0x000002287c6e8b10 Exception <a 'sun/nio/fs/WindowsException'{0x000000008b4c1940}> (0x000000008b4c1940) 
thrown [s\src\hotspot\share\prims\jni.cpp, line 517]

VM Operations (20 events):
Event: 169.953 Executing VM operation: G1Concurrent
Event: 170.394 Executing VM operation: G1Concurrent done
Event: 170.511 Executing VM operation: G1Concurrent
Event: 170.518 Executing VM operation: G1Concurrent done
Event: 172.518 Executing VM operation: Cleanup
Event: 172.518 Executing VM operation: Cleanup done
Event: 173.526 Executing VM operation: Cleanup
Event: 173.527 Executing VM operation: Cleanup done
Event: 178.743 Executing VM operation: G1CollectForAllocation
Event: 178.798 Executing VM operation: G1CollectForAllocation done
Event: 179.182 Executing VM operation: G1CollectForAllocation
Event: 179.219 Executing VM operation: G1CollectForAllocation done
Event: 179.712 Executing VM operation: ICBufferFull
Event: 179.712 Executing VM operation: ICBufferFull done
Event: 180.592 Executing VM operation: G1CollectForAllocation
Event: 180.601 Executing VM operation: G1CollectForAllocation done
Event: 181.307 Executing VM operation: ICBufferFull
Event: 181.307 Executing VM operation: ICBufferFull done
Event: 181.422 Executing VM operation: G1CollectForAllocation
Event: 181.424 Executing VM operation: G1CollectForAllocation done

Events (20 events):
Event: 168.728 Thread 0x000002287bb6f0b0 Thread added: 0x000002287bb6f0b0
Event: 168.728 Thread 0x000002287bb6fa50 Thread added: 0x000002287bb6fa50
Event: 168.729 Thread 0x000002287e6046d0 Thread added: 0x000002287e6046d0
Event: 168.729 Thread 0x000002287e6098a0 Thread added: 0x000002287e6098a0
Event: 168.988 Thread 0x000002287e602050 Thread added: 0x000002287e602050
Event: 169.859 Thread 0x000002287e602520 Thread added: 0x000002287e602520
Event: 169.876 Thread 0x000002287e6029f0 Thread added: 0x000002287e6029f0
Event: 169.876 Thread 0x000002287e605070 Thread added: 0x000002287e605070
Event: 169.877 Thread 0x000002287e606d50 Thread added: 0x000002287e606d50
Event: 169.895 Thread 0x000002287c6ea7f0 Thread added: 0x000002287c6ea7f0
Event: 171.435 Thread 0x000002287c6e7ca0 Thread added: 0x000002287c6e7ca0
Event: 171.548 Thread 0x000002287c6e8640 Thread added: 0x000002287c6e8640
Event: 179.262 Thread 0x000002287e604200 Thread exited: 0x000002287e604200
Event: 179.323 Thread 0x000002287c6eacc0 Thread added: 0x000002287c6eacc0
Event: 179.328 Thread 0x000002287c6eb190 Thread added: 0x000002287c6eb190
Event: 179.347 Thread 0x000002287c6e8b10 Thread added: 0x000002287c6e8b10
Event: 179.350 Thread 0x000002287e604200 Thread added: 0x000002287e604200
Event: 179.547 Thread 0x00000228021aa260 Thread exited: 0x00000228021aa260
Event: 181.366 Thread 0x000002287c6eb190 Thread exited: 0x000002287c6eb190
Event: 181.463 Thread 0x00000228071b6b30 Thread added: 0x00000228071b6b30


Dynamic libraries:
0x00007ff61e940000 - 0x00007ff61e94a000 	C:\Program Files\Android\Android Studio\jbr\bin\java.exe
0x00007ffa28790000 - 0x00007ffa28988000 	C:\Windows\SYSTEM32\ntdll.dll
0x00007ffa27c50000 - 0x00007ffa27d0f000 	C:\Windows\System32\KERNEL32.DLL
0x00007ffa26410000 - 0x00007ffa266ea000 	C:\Windows\System32\KERNELBASE.dll
0x00007ffa26140000 - 0x00007ffa26240000 	C:\Windows\System32\ucrtbase.dll
0x00007ffa15f80000 - 0x00007ffa15f9b000 	C:\Program Files\Android\Android Studio\jbr\bin\VCRUNTIME140.dll
0x00007ffa1e150000 - 0x00007ffa1e167000 	C:\Program Files\Android\Android Studio\jbr\bin\jli.dll
0x00007ffa281e0000 - 0x00007ffa2837d000 	C:\Windows\System32\USER32.dll
0x00007ffa25ea0000 - 0x00007ffa25ec2000 	C:\Windows\System32\win32u.dll
0x00007ffa275f0000 - 0x00007ffa2761b000 	C:\Windows\System32\GDI32.dll
0x00007ffa25ed0000 - 0x00007ffa25fe0000 	C:\Windows\System32\gdi32full.dll
0x00007ffa26370000 - 0x00007ffa2640d000 	C:\Windows\System32\msvcp_win.dll
0x00007ffa10fe0000 - 0x00007ffa1127a000 	C:\Windows\WinSxS\amd64_microsoft.windows.common-controls_6595b64144ccf1df_6.0.19041.1110_none_60b5254171f9507e\COMCTL32.dll
0x00007ffa26fa0000 - 0x00007ffa2703e000 	C:\Windows\System32\msvcrt.dll
0x00007ffa27260000 - 0x00007ffa27290000 	C:\Windows\System32\IMM32.DLL
0x00007ffa21690000 - 0x00007ffa2169c000 	C:\Program Files\Android\Android Studio\jbr\bin\vcruntime140_1.dll
0x00007ff9eb870000 - 0x00007ff9eb8fd000 	C:\Program Files\Android\Android Studio\jbr\bin\msvcp140.dll
0x00007ff9aa850000 - 0x00007ff9ab4bd000 	C:\Program Files\Android\Android Studio\jbr\bin\server\jvm.dll
0x00007ffa28060000 - 0x00007ffa2810e000 	C:\Windows\System32\ADVAPI32.dll
0x00007ffa27040000 - 0x00007ffa270dc000 	C:\Windows\System32\sechost.dll
0x00007ffa276b0000 - 0x00007ffa277d6000 	C:\Windows\System32\RPCRT4.dll
0x00007ffa05500000 - 0x00007ffa05527000 	C:\Windows\SYSTEM32\WINMM.dll
0x00007ffa1b2e0000 - 0x00007ffa1b2ea000 	C:\Windows\SYSTEM32\VERSION.dll
0x00007ffa23f30000 - 0x00007ffa23f39000 	C:\Windows\SYSTEM32\WSOCK32.dll
0x00007ffa28380000 - 0x00007ffa283eb000 	C:\Windows\System32\ws2_32.DLL
0x00007ffa246f0000 - 0x00007ffa24702000 	C:\Windows\SYSTEM32\kernel.appcore.dll
0x00007ffa23580000 - 0x00007ffa2358a000 	C:\Program Files\Android\Android Studio\jbr\bin\jimage.dll
0x00007ffa1b590000 - 0x00007ffa1b774000 	C:\Windows\SYSTEM32\DBGHELP.DLL
0x00007ffa0a890000 - 0x00007ffa0a8c4000 	C:\Windows\SYSTEM32\dbgcore.DLL
0x00007ffa26240000 - 0x00007ffa262c2000 	C:\Windows\System32\bcryptPrimitives.dll
0x00007ffa20f80000 - 0x00007ffa20fa5000 	C:\Program Files\Android\Android Studio\jbr\bin\java.dll
0x00007ffa213b0000 - 0x00007ffa213c8000 	C:\Program Files\Android\Android Studio\jbr\bin\zip.dll
0x00007ffa267f0000 - 0x00007ffa26f34000 	C:\Windows\System32\SHELL32.dll
0x00007ffa23f40000 - 0x00007ffa246d3000 	C:\Windows\SYSTEM32\windows.storage.dll
0x00007ffa283f0000 - 0x00007ffa28744000 	C:\Windows\System32\combase.dll
0x00007ffa25900000 - 0x00007ffa2592e000 	C:\Windows\SYSTEM32\Wldp.dll
0x00007ffa27e80000 - 0x00007ffa27f2d000 	C:\Windows\System32\SHCORE.dll
0x00007ffa26f40000 - 0x00007ffa26f95000 	C:\Windows\System32\shlwapi.dll
0x00007ffa25de0000 - 0x00007ffa25dff000 	C:\Windows\SYSTEM32\profapi.dll
0x00007ffa15a90000 - 0x00007ffa15aa9000 	C:\Program Files\Android\Android Studio\jbr\bin\net.dll
0x00007ffa21270000 - 0x00007ffa2137a000 	C:\Windows\SYSTEM32\WINHTTP.dll
0x00007ffa25660000 - 0x00007ffa256ca000 	C:\Windows\system32\mswsock.dll
0x00007ffa159d0000 - 0x00007ffa159e6000 	C:\Program Files\Android\Android Studio\jbr\bin\nio.dll
0x00007ffa1d960000 - 0x00007ffa1d970000 	C:\Program Files\Android\Android Studio\jbr\bin\verify.dll
0x00007ffa13f20000 - 0x00007ffa13f47000 	C:\Users\aliha\.gradle\native\68d5fa5c4cc2d200863cafc0d521ce42e7d3e7ee720ec0a83991735586a16f82\windows-amd64\native-platform.dll
0x00007ff9e6340000 - 0x00007ff9e6484000 	C:\Users\aliha\.gradle\native\e376f236ea51e6404a007f0833ffe2c6e607c4080706a723a18a27aeea778392\windows-amd64\native-platform-file-events.dll
0x00007ffa21710000 - 0x00007ffa21719000 	C:\Program Files\Android\Android Studio\jbr\bin\management.dll
0x00007ffa1d970000 - 0x00007ffa1d97b000 	C:\Program Files\Android\Android Studio\jbr\bin\management_ext.dll
0x00007ffa27e70000 - 0x00007ffa27e78000 	C:\Windows\System32\PSAPI.DLL
0x00007ffa25850000 - 0x00007ffa25868000 	C:\Windows\SYSTEM32\CRYPTSP.dll
0x00007ffa24f10000 - 0x00007ffa24f44000 	C:\Windows\system32\rsaenh.dll
0x00007ffa262d0000 - 0x00007ffa262f7000 	C:\Windows\System32\bcrypt.dll
0x00007ffa25d60000 - 0x00007ffa25d8e000 	C:\Windows\SYSTEM32\USERENV.dll
0x00007ffa25870000 - 0x00007ffa2587c000 	C:\Windows\SYSTEM32\CRYPTBASE.dll
0x00007ffa25300000 - 0x00007ffa2533c000 	C:\Windows\SYSTEM32\IPHLPAPI.DLL
0x00007ffa275e0000 - 0x00007ffa275e8000 	C:\Windows\System32\NSI.dll
0x00007ffa1bec0000 - 0x00007ffa1bed7000 	C:\Windows\SYSTEM32\dhcpcsvc6.DLL
0x00007ffa1bf90000 - 0x00007ffa1bfad000 	C:\Windows\SYSTEM32\dhcpcsvc.DLL
0x00007ffa25350000 - 0x00007ffa2541b000 	C:\Windows\SYSTEM32\DNSAPI.dll
0x00007ffa1d950000 - 0x00007ffa1d957000 	C:\Windows\system32\wshunix.dll
0x00007ffa1da20000 - 0x00007ffa1da2a000 	C:\Windows\System32\rasadhlp.dll
0x00007ffa13080000 - 0x00007ffa13100000 	C:\Windows\System32\fwpuclnt.dll
0x00007ffa103a0000 - 0x00007ffa103be000 	C:\Users\aliha\AppData\Local\Temp\native-platform6957874064102710228dir\native-platform.dll
0x00007ffa142a0000 - 0x00007ffa142a7000 	C:\Program Files\Android\Android Studio\jbr\bin\rmi.dll

dbghelp: loaded successfully - version: 4.0.5 - missing functions: none
symbol engine: initialized successfully - sym options: 0x614 - pdb path: .;C:\Program Files\Android\Android Studio\jbr\bin;C:\Windows\SYSTEM32;C:\Windows\WinSxS\amd64_microsoft.windows.common-controls_6595b64144ccf1df_6.0.19041.1110_none_60b5254171f9507e;C:\Program Files\Android\Android Studio\jbr\bin\server;C:\Users\aliha\.gradle\native\68d5fa5c4cc2d200863cafc0d521ce42e7d3e7ee720ec0a83991735586a16f82\windows-amd64;C:\Users\aliha\.gradle\native\e376f236ea51e6404a007f0833ffe2c6e607c4080706a723a18a27aeea778392\windows-amd64;C:\Users\aliha\AppData\Local\Temp\native-platform6957874064102710228dir

VM Arguments:
jvm_args: --add-opens=java.base/java.util=ALL-UNNAMED --add-opens=java.base/java.lang=ALL-UNNAMED --add-opens=java.base/java.lang.invoke=ALL-UNNAMED --add-opens=java.prefs/java.util.prefs=ALL-UNNAMED --add-opens=java.base/java.nio.charset=ALL-UNNAMED --add-opens=java.base/java.net=ALL-UNNAMED --add-opens=java.base/java.util.concurrent.atomic=ALL-UNNAMED -Xmx2048m -Dfile.encoding=UTF-8 -Duser.country=US -Duser.language=en -Duser.variant 
java_command: org.gradle.launcher.daemon.bootstrap.GradleDaemon 8.0
java_class_path (initial): C:\Users\aliha\.gradle\wrapper\dists\gradle-8.0-bin\ca5e32bp14vu59qr306oxotwh\gradle-8.0\lib\gradle-launcher-8.0.jar
Launcher Type: SUN_STANDARD

[Global flags]
     intx CICompilerCount                          = 3                                         {product} {ergonomic}
     uint ConcGCThreads                            = 1                                         {product} {ergonomic}
     uint G1ConcRefinementThreads                  = 4                                         {product} {ergonomic}
   size_t G1HeapRegionSize                         = 1048576                                   {product} {ergonomic}
    uintx GCDrainStackTargetSize                   = 64                                        {product} {ergonomic}
   size_t InitialHeapSize                          = 132120576                                 {product} {ergonomic}
   size_t MarkStackSize                            = 4194304                                   {product} {ergonomic}
   size_t MaxHeapSize                              = 2147483648                                {product} {command line}
   size_t MaxNewSize                               = 1287651328                                {product} {ergonomic}
   size_t MinHeapDeltaBytes                        = 1048576                                   {product} {ergonomic}
   size_t MinHeapSize                              = 8388608                                   {product} {ergonomic}
    uintx NonNMethodCodeHeapSize                   = 5832780                                {pd product} {ergonomic}
    uintx NonProfiledCodeHeapSize                  = 122912730                              {pd product} {ergonomic}
    uintx ProfiledCodeHeapSize                     = 122912730                              {pd product} {ergonomic}
    uintx ReservedCodeCacheSize                    = 251658240                              {pd product} {ergonomic}
     bool SegmentedCodeCache                       = true                                      {product} {ergonomic}
   size_t SoftMaxHeapSize                          = 2147483648                             {manageable} {ergonomic}
     bool UseCompressedClassPointers               = true                           {product lp64_product} {ergonomic}
     bool UseCompressedOops                        = true                           {product lp64_product} {ergonomic}
     bool UseG1GC                                  = true                                      {product} {ergonomic}
     bool UseLargePagesIndividualAllocation        = false                                  {pd product} {ergonomic}

Logging:
Log output configuration:
 #0: stdout all=warning uptime,level,tags
 #1: stderr all=off uptime,level,tags

Environment Variables:
PATH=C:\Program Files (x86)\NVIDIA Corporation\PhysX\Common;C:\Program Files\Eclipse Adoptium\jdk-19.0.2.7-hotspot\bin;C:\Program Files (x86)\Common Files\Intel\Shared Libraries\redist\intel64\compiler;C:\Windows\system32;C:\Windows;C:\Windows\System32\Wbem;C:\Windows\System32\WindowsPowerShell\v1.0\;C:\Windows\System32\OpenSSH\;C:\Program Files\Microsoft VS Code\bin;C:\Program Files\Git\cmd;C:\Program Files\dotnet\;C:\Program Files\PuTTY\;C:\Users\aliha\AppData\Local\Programs\Python\Python311\Scripts\;C:\Users\aliha\AppData\Local\Programs\Python\Python311\;C:\Users\aliha\AppData\Local\Microsoft\WindowsApps;C:\Users\aliha\AppData\Local\GitHubDesktop\bin
USERNAME=aliha
OS=Windows_NT
PROCESSOR_IDENTIFIER=Intel64 Family 6 Model 142 Stepping 10, GenuineIntel
TMP=C:\Users\aliha\AppData\Local\Temp
TEMP=C:\Users\aliha\AppData\Local\Temp



---------------  S Y S T E M  ---------------

OS:
 Windows 10 , 64 bit Build 19041 (10.0.19041.2788)
OS uptime: 3 days 20:23 hours

CPU: total 4 (initial active 4) (4 cores per cpu, 2 threads per core) family 6 model 142 stepping 10 microcode 0xc6, cx8, cmov, fxsr, ht, mmx, 3dnowpref, sse, sse2, sse3, ssse3, sse4.1, sse4.2, popcnt, lzcnt, tsc, tscinvbit, avx, avx2, erms, clmul, bmi1, bmi2, adx, fma, vzeroupper, clflush, clflushopt

Memory: 4k page, system-wide physical 8046M (226M free)
TotalPageFile size 29840M (AvailPageFile size 8M)
current process WorkingSet (physical memory assigned to process): 407M, peak: 437M
current process commit charge ("private bytes"): 593M, peak: 596M

vm_info: OpenJDK 64-Bit Server VM (17.0.6+0-b2043.56-9586694) for windows-amd64 JRE (17.0.6+0-b2043.56-9586694), built on Feb  9 2023 20:06:20 by "androidbuild" with MS VC++ 16.10 / 16.11 (VS2019)

END.
